#
# There is insufficient memory for the Java Runtime Environment to continue.
# Native memory allocation (malloc) failed to allocate 234256 bytes. Error detail: Chunk::new
# Possible reasons:
#   The system is out of physical RAM or swap space
#   This process is running with CompressedOops enabled, and the Java Heap may be blocking the growth of the native heap
# Possible solutions:
#   Reduce memory load on the system
#   Increase physical memory or swap space
#   Check if swap backing store is full
#   Decrease Java heap size (-Xmx/-Xms)
#   Decrease number of Java threads
#   Decrease Java thread stack sizes (-Xss)
#   Set larger code cache with -XX:ReservedCodeCacheSize=
#   JVM is running with Unscaled Compressed Oops mode in which the Java heap is
#     placed in the first 4GB address space. The Java Heap base address is the
#     maximum limit for the native heap growth. Please use -XX:HeapBaseMinAddress
#     to set the Java Heap base and to place the Java Heap above 4GB virtual address.
# This output file may be truncated or incomplete.
#
#  Out of Memory Error (arena.cpp:150), pid=2644, tid=16892
#
# JRE version: OpenJDK Runtime Environment Temurin-22.0.2+9 (22.0.2+9) (build 22.0.2+9)
# Java VM: OpenJDK 64-Bit Server VM Temurin-22.0.2+9 (22.0.2+9, mixed mode, tiered, compressed oops, compressed class ptrs, g1 gc, windows-amd64)
# No core dump will be written. Minidumps are not enabled by default on client versions of Windows
#

---------------  S U M M A R Y ------------

Command Line: -Dfile.encoding=UTF-8 -Dstdout.encoding=UTF-8 -Dstderr.encoding=UTF-8 -XX:+ShowCodeDetailsInExceptionMessages interfaz.Login

Host: Intel(R) Core(TM) i5-10300H CPU @ 2.50GHz, 8 cores, 7G,  Windows 10 , 64 bit Build 19041 (10.0.19041.4957)
Time: Sun Nov 24 23:42:46 2024 Hora estándar Pacífico (México) elapsed time: 41840.110214 seconds (0d 11h 37m 20s)

---------------  T H R E A D  ---------------

Current thread (0x000001c62b11b620):  JavaThread "C2 CompilerThread0" daemon [_thread_in_native, id=16892, stack(0x00000019e2d00000,0x00000019e2e00000) (1024K)]


Current CompileTask:
C2:41840110 3505       4       sun.java2d.marlin.Renderer::_endRendering (2646 bytes)

Stack: [0x00000019e2d00000,0x00000019e2e00000]
Native frames: (J=compiled Java code, j=interpreted, Vv=VM code, C=native code)
V  [jvm.dll+0x6ea6a9]  (no source info available)
V  [jvm.dll+0x8cdbf3]  (no source info available)
V  [jvm.dll+0x8d001e]  (no source info available)
V  [jvm.dll+0x8d06f3]  (no source info available)
V  [jvm.dll+0x286dc6]  (no source info available)
V  [jvm.dll+0xc3b8f]  (no source info available)
V  [jvm.dll+0xc3deb]  (no source info available)
V  [jvm.dll+0x2fad1f]  (no source info available)
V  [jvm.dll+0x61219a]  (no source info available)
V  [jvm.dll+0x257462]  (no source info available)
V  [jvm.dll+0x24f846]  (no source info available)
V  [jvm.dll+0x24d346]  (no source info available)
V  [jvm.dll+0x1cacf0]  (no source info available)
V  [jvm.dll+0x25d312]  (no source info available)
V  [jvm.dll+0x25b5da]  (no source info available)
V  [jvm.dll+0x3fc036]  (no source info available)
V  [jvm.dll+0x875e6b]  (no source info available)
V  [jvm.dll+0x6e8da5]  (no source info available)
C  [ucrtbase.dll+0x21bb2]  (no source info available)
C  [KERNEL32.DLL+0x17374]  (no source info available)
C  [ntdll.dll+0x4cc91]  (no source info available)


---------------  P R O C E S S  ---------------

Threads class SMR info:
_java_thread_list=0x000001c632d36760, length=17, elements={
0x000001c62b0ea6c0, 0x000001c62b0eb220, 0x000001c62b0ef4e0, 0x000001c62b0f0340,
0x000001c62b0f23c0, 0x000001c62b0f5b70, 0x000001c62b11b620, 0x000001c62b1240f0,
0x000001c62b2d68d0, 0x000001c62b2d8f70, 0x000001c62b747870, 0x000001c62b747ee0,
0x000001c62b74aaa0, 0x000001c62b8657a0, 0x000001c62b8503b0, 0x000001c631c60870,
0x000001c631c5da80
}

Java Threads: ( => current thread )
  0x000001c62b0ea6c0 JavaThread "Reference Handler"          daemon [_thread_blocked, id=22128, stack(0x00000019e2700000,0x00000019e2800000) (1024K)]
  0x000001c62b0eb220 JavaThread "Finalizer"                  daemon [_thread_blocked, id=13532, stack(0x00000019e2800000,0x00000019e2900000) (1024K)]
  0x000001c62b0ef4e0 JavaThread "Signal Dispatcher"          daemon [_thread_blocked, id=24676, stack(0x00000019e2900000,0x00000019e2a00000) (1024K)]
  0x000001c62b0f0340 JavaThread "Attach Listener"            daemon [_thread_blocked, id=1516, stack(0x00000019e2a00000,0x00000019e2b00000) (1024K)]
  0x000001c62b0f23c0 JavaThread "Service Thread"             daemon [_thread_in_vm, id=24592, stack(0x00000019e2b00000,0x00000019e2c00000) (1024K)]
  0x000001c62b0f5b70 JavaThread "Monitor Deflation Thread"   daemon [_thread_blocked, id=21072, stack(0x00000019e2c00000,0x00000019e2d00000) (1024K)]
=>0x000001c62b11b620 JavaThread "C2 CompilerThread0"         daemon [_thread_in_native, id=16892, stack(0x00000019e2d00000,0x00000019e2e00000) (1024K)]
  0x000001c62b1240f0 JavaThread "C1 CompilerThread0"         daemon [_thread_in_native, id=18716, stack(0x00000019e2e00000,0x00000019e2f00000) (1024K)]
  0x000001c62b2d68d0 JavaThread "Notification Thread"        daemon [_thread_blocked, id=23696, stack(0x00000019e2f00000,0x00000019e3000000) (1024K)]
  0x000001c62b2d8f70 JavaThread "Common-Cleaner"             daemon [_thread_blocked, id=16112, stack(0x00000019e3000000,0x00000019e3100000) (1024K)]
  0x000001c62b747870 JavaThread "Java2D Disposer"            daemon [_thread_blocked, id=6148, stack(0x00000019e3100000,0x00000019e3200000) (1024K)]
  0x000001c62b747ee0 JavaThread "AWT-Shutdown"                      [_thread_blocked, id=27008, stack(0x00000019e3200000,0x00000019e3300000) (1024K)]
  0x000001c62b74aaa0 JavaThread "AWT-Windows"                daemon [_thread_in_native, id=25404, stack(0x00000019e3300000,0x00000019e3400000) (1024K)]
  0x000001c62b8657a0 JavaThread "AWT-EventQueue-0"                  [_thread_in_native, id=22512, stack(0x00000019e3400000,0x00000019e3500000) (1024K)]
  0x000001c62b8503b0 JavaThread "mysql-cj-abandoned-connection-cleanup" daemon [_thread_blocked, id=27236, stack(0x00000019e3500000,0x00000019e3600000) (1024K)]
  0x000001c631c60870 JavaThread "DestroyJavaVM"                     [_thread_blocked, id=20768, stack(0x00000019e1f00000,0x00000019e2000000) (1024K)]
  0x000001c631c5da80 JavaThread "TimerQueue"                 daemon [_thread_blocked, id=18848, stack(0x00000019e3f00000,0x00000019e4000000) (1024K)]
Total: 17

Other Threads:
  0x000001c62b086ed0 VMThread "VM Thread"                           [id=17912, stack(0x00000019e2600000,0x00000019e2700000) (1024K)]
  0x000001c62b004680 WatcherThread "VM Periodic Task Thread"        [id=8688, stack(0x00000019e2500000,0x00000019e2600000) (1024K)]
  0x000001c611108300 WorkerThread "GC Thread#0"                     [id=20564, stack(0x00000019e2000000,0x00000019e2100000) (1024K)]
  0x000001c62bc6de60 WorkerThread "GC Thread#1"                     [id=16608, stack(0x00000019e3700000,0x00000019e3800000) (1024K)]
  0x000001c62bc6e210 WorkerThread "GC Thread#2"                     [id=15528, stack(0x00000019e3800000,0x00000019e3900000) (1024K)]
  0x000001c6316c6b50 WorkerThread "GC Thread#3"                     [id=3300, stack(0x00000019e3900000,0x00000019e3a00000) (1024K)]
  0x000001c62bc15030 WorkerThread "GC Thread#4"                     [id=21688, stack(0x00000019e3a00000,0x00000019e3b00000) (1024K)]
  0x000001c62bc410e0 WorkerThread "GC Thread#5"                     [id=11268, stack(0x00000019e3b00000,0x00000019e3c00000) (1024K)]
  0x000001c62bc2d760 WorkerThread "GC Thread#6"                     [id=6528, stack(0x00000019e3c00000,0x00000019e3d00000) (1024K)]
  0x000001c62bc2db10 WorkerThread "GC Thread#7"                     [id=23372, stack(0x00000019e3d00000,0x00000019e3e00000) (1024K)]
  0x000001c61111ab60 ConcurrentGCThread "G1 Main Marker"            [id=6088, stack(0x00000019e2100000,0x00000019e2200000) (1024K)]
  0x000001c61111b580 WorkerThread "G1 Conc#0"                       [id=24700, stack(0x00000019e2200000,0x00000019e2300000) (1024K)]
  0x000001c62bb89790 WorkerThread "G1 Conc#1"                       [id=3532, stack(0x00000019e3e00000,0x00000019e3f00000) (1024K)]
  0x000001c61117eae0 ConcurrentGCThread "G1 Refine#0"               [id=11260, stack(0x00000019e2300000,0x00000019e2400000) (1024K)]
  0x000001c62aed8760 ConcurrentGCThread "G1 Service"                [id=23256, stack(0x00000019e2400000,0x00000019e2500000) (1024K)]
Total: 15

Threads with active compile tasks:
C2 CompilerThread0  41840340 3505       4       sun.java2d.marlin.Renderer::_endRendering (2646 bytes)
C1 CompilerThread0  41840340 3507   !   3       sun.awt.geom.Curve::compareTo (852 bytes)
Total: 2

VM state: not at safepoint (normal execution)

VM Mutex/Monitor currently owned by a thread: None

Heap address: 0x0000000082000000, size: 2016 MB, Compressed Oops mode: 32-bit

CDS archive(s) not mapped
Compressed class space mapped at: 0x000000000e000000-0x000000004e000000, reserved size: 1073741824
Narrow klass base: 0x0000000000000000, Narrow klass shift: 0, Narrow klass range: 0x4e000000

GC Precious Log:
 CardTable entry size: 512
 Card Set container configuration: InlinePtr #cards 5 size 8 Array Of Cards #cards 12 size 40 Howl #buckets 4 coarsen threshold 1843 Howl Bitmap #cards 512 size 80 coarsen threshold 460 Card regions per heap region 1 cards per card region 2048
 CPUs: 8 total, 8 available
 Memory: 8059M
 Large Page Support: Disabled
 NUMA Support: Disabled
 Compressed Oops: Enabled (32-bit)
 Heap Region Size: 1M
 Heap Min Capacity: 8M
 Heap Initial Capacity: 126M
 Heap Max Capacity: 2016M
 Pre-touch: Disabled
 Parallel Workers: 8
 Concurrent Workers: 2
 Concurrent Refinement Workers: 8
 Periodic GC: Disabled

Heap:
 garbage-first heap   total reserved 2064384K, committed 24576K, used 13390K [0x0000000082000000, 0x0000000100000000)
  region size 1024K, 2 young (2048K), 1 survivors (1024K)
 Metaspace       used 31249K, committed 31616K, reserved 1114112K
  class space    used 3245K, committed 3392K, reserved 1048576K

Heap Regions: E=young(eden), S=young(survivor), O=old, HS=humongous(starts), HC=humongous(continues), CS=collection set, F=free, TAMS=top-at-mark-start, PB=parsable bottom
|   0|0x0000000082000000, 0x0000000082100000, 0x0000000082100000|100%| O|  |TAMS 0x0000000082000000| PB 0x0000000082000000| Untracked |  0
|   1|0x0000000082100000, 0x0000000082100000, 0x0000000082200000|  0%| F|  |TAMS 0x0000000082100000| PB 0x0000000082100000| Untracked |  0
|   2|0x0000000082200000, 0x0000000082200000, 0x0000000082300000|  0%| F|  |TAMS 0x0000000082200000| PB 0x0000000082200000| Untracked |  0
|   3|0x0000000082300000, 0x0000000082400000, 0x0000000082400000|100%|HS|  |TAMS 0x0000000082300000| PB 0x0000000082300000| Complete |  0
|   4|0x0000000082400000, 0x0000000082500000, 0x0000000082500000|100%|HC|  |TAMS 0x0000000082400000| PB 0x0000000082400000| Complete |  0
|   5|0x0000000082500000, 0x0000000082600000, 0x0000000082600000|100%|HC|  |TAMS 0x0000000082500000| PB 0x0000000082500000| Complete |  0
|   6|0x0000000082600000, 0x0000000082700000, 0x0000000082700000|100%|HC|  |TAMS 0x0000000082600000| PB 0x0000000082600000| Complete |  0
|   7|0x0000000082700000, 0x0000000082800000, 0x0000000082800000|100%| O|  |TAMS 0x0000000082700000| PB 0x0000000082700000| Untracked |  0
|   8|0x0000000082800000, 0x000000008289a840, 0x0000000082900000| 60%| O|  |TAMS 0x0000000082800000| PB 0x0000000082800000| Untracked |  0
|   9|0x0000000082900000, 0x0000000082a00000, 0x0000000082a00000|100%|HS|  |TAMS 0x0000000082900000| PB 0x0000000082900000| Complete |  1
|  10|0x0000000082a00000, 0x0000000082b00000, 0x0000000082b00000|100%|HC|  |TAMS 0x0000000082a00000| PB 0x0000000082a00000| Complete |  0
|  11|0x0000000082b00000, 0x0000000082b00000, 0x0000000082c00000|  0%| F|  |TAMS 0x0000000082b00000| PB 0x0000000082b00000| Untracked |  0
|  12|0x0000000082c00000, 0x0000000082c00000, 0x0000000082d00000|  0%| F|  |TAMS 0x0000000082c00000| PB 0x0000000082c00000| Untracked |  0
|  13|0x0000000082d00000, 0x0000000082d00000, 0x0000000082e00000|  0%| F|  |TAMS 0x0000000082d00000| PB 0x0000000082d00000| Untracked |  0
|  14|0x0000000082e00000, 0x0000000082e78fd8, 0x0000000082f00000| 47%| S|CS|TAMS 0x0000000082e00000| PB 0x0000000082e00000| Complete |  0
|  15|0x0000000082f00000, 0x0000000082f00000, 0x0000000083000000|  0%| F|  |TAMS 0x0000000082f00000| PB 0x0000000082f00000| Untracked |  0
| 103|0x0000000088700000, 0x0000000088700000, 0x0000000088800000|  0%| F|  |TAMS 0x0000000088700000| PB 0x0000000088700000| Untracked |  0
| 104|0x0000000088800000, 0x0000000088800000, 0x0000000088900000|  0%| F|  |TAMS 0x0000000088800000| PB 0x0000000088800000| Untracked |  0
| 105|0x0000000088900000, 0x0000000088900000, 0x0000000088a00000|  0%| F|  |TAMS 0x0000000088900000| PB 0x0000000088900000| Untracked |  0
| 125|0x0000000089d00000, 0x0000000089d33a18, 0x0000000089e00000| 20%| E|  |TAMS 0x0000000089d00000| PB 0x0000000089d00000| Complete |  0
|2012|0x00000000ffc00000, 0x00000000ffd00000, 0x00000000ffd00000|100%| O|  |TAMS 0x00000000ffc00000| PB 0x00000000ffc00000| Untracked |  0
|2013|0x00000000ffd00000, 0x00000000ffe00000, 0x00000000ffe00000|100%| O|  |TAMS 0x00000000ffd00000| PB 0x00000000ffd00000| Untracked |  0
|2014|0x00000000ffe00000, 0x00000000fff00000, 0x00000000fff00000|100%| O|  |TAMS 0x00000000ffe00000| PB 0x00000000ffe00000| Untracked |  0
|2015|0x00000000fff00000, 0x0000000100000000, 0x0000000100000000|100%| O|  |TAMS 0x00000000fff00000| PB 0x00000000fff00000| Untracked |  0

Card table byte_map: [0x000001c626220000,0x000001c626610000] _byte_map_base: 0x000001c625e10000

Marking Bits: (CMBitMap*) 0x000001c611108920
 Bits: [0x000001c626610000, 0x000001c628590000)

Polling page: 0x000001c611180000

Metaspace:

Usage:
  Non-class:     27.35 MB used.
      Class:      3.17 MB used.
       Both:     30.52 MB used.

Virtual space:
  Non-class space:       64.00 MB reserved,      27.56 MB ( 43%) committed,  1 nodes.
      Class space:        1.00 GB reserved,       3.31 MB ( <1%) committed,  1 nodes.
             Both:        1.06 GB reserved,      30.88 MB (  3%) committed. 

Chunk freelists:
   Non-Class:  4.50 MB
       Class:  12.73 MB
        Both:  17.24 MB

MaxMetaspaceSize: unlimited
CompressedClassSpaceSize: 1.00 GB
Initial GC threshold: 21.00 MB
Current GC threshold: 51.50 MB
CDS: off
 - commit_granule_bytes: 65536.
 - commit_granule_words: 8192.
 - virtual_space_node_default_size: 8388608.
 - enlarge_chunks_in_place: 1.
 - use_allocation_guard: 0.


Internal statistics:

num_allocs_failed_limit: 3.
num_arena_births: 220.
num_arena_deaths: 88.
num_vsnodes_births: 2.
num_vsnodes_deaths: 0.
num_space_committed: 494.
num_space_uncommitted: 0.
num_chunks_returned_to_freelist: 103.
num_chunks_taken_from_freelist: 507.
num_chunk_merges: 18.
num_chunk_splits: 289.
num_chunks_enlarged: 179.
num_inconsistent_stats: 0.

CodeHeap 'non-profiled nmethods': size=120000Kb used=1405Kb max_used=1423Kb free=118594Kb
 bounds [0x000001c61de90000, 0x000001c61e100000, 0x000001c6253c0000]
CodeHeap 'profiled nmethods': size=120000Kb used=6529Kb max_used=6764Kb free=113470Kb
 bounds [0x000001c6163c0000, 0x000001c616a60000, 0x000001c61d8f0000]
CodeHeap 'non-nmethods': size=5760Kb used=1783Kb max_used=1834Kb free=3976Kb
 bounds [0x000001c61d8f0000, 0x000001c61db60000, 0x000001c61de90000]
 total_blobs=4187 nmethods=3386 adapters=705
 compilation: enabled
              stopped_count=0, restarted_count=0
 full_count=0

Compilation events (20 events):
Event: 41832.684 Thread 0x000001c62b1240f0 nmethod 3494 0x000001c616a59890 code [0x000001c616a59ba0, 0x000001c616a5ac90]
Event: 41836.807 Thread 0x000001c62b11b620 3495       4       java.awt.RenderingHints$Key::hashCode (5 bytes)
Event: 41836.807 Thread 0x000001c62b11b620 nmethod 3495 0x000001c61dff3990 code [0x000001c61dff3b20, 0x000001c61dff3be0]
Event: 41839.998 Thread 0x000001c62b11b620 3496       4       sun.java2d.marlin.Renderer::addLine (538 bytes)
Event: 41840.001 Thread 0x000001c62b1240f0 3497       3       sun.awt.geom.CurveLink::getX (12 bytes)
Event: 41840.002 Thread 0x000001c62b1240f0 nmethod 3497 0x000001c6163c5690 code [0x000001c6163c5840, 0x000001c6163c5a18]
Event: 41840.002 Thread 0x000001c62b1240f0 3498       3       sun.awt.geom.ChainEnd::addLink (38 bytes)
Event: 41840.002 Thread 0x000001c62b1240f0 nmethod 3498 0x000001c6163c8b90 code [0x000001c6163c8d40, 0x000001c6163c9068]
Event: 41840.005 Thread 0x000001c62b1240f0 3499       3       sun.awt.geom.Curve::<init> (10 bytes)
Event: 41840.005 Thread 0x000001c62b1240f0 nmethod 3499 0x000001c6163f8090 code [0x000001c6163f8220, 0x000001c6163f8388]
Event: 41840.005 Thread 0x000001c62b1240f0 3500       3       sun.java2d.pipe.Region::getSpanIterator (25 bytes)
Event: 41840.006 Thread 0x000001c62b11b620 nmethod 3496 0x000001c61ded6410 code [0x000001c61ded6600, 0x000001c61ded6bd8]
Event: 41840.006 Thread 0x000001c62b1240f0 nmethod 3500 0x000001c6163d8b10 code [0x000001c6163d8ce0, 0x000001c6163d8fd0]
Event: 41840.027 Thread 0x000001c62b1240f0 3501       3       sun.java2d.marlin.DMarlinRenderingEngine::pathToLoop (534 bytes)
Event: 41840.028 Thread 0x000001c62b1240f0 nmethod 3501 0x000001c6163cbc90 code [0x000001c6163cc140, 0x000001c6163cdcc8]
Event: 41840.028 Thread 0x000001c62b1240f0 3502       3       sun.java2d.marlin.MarlinTileGenerator::getTypicalAlpha (56 bytes)
Event: 41840.029 Thread 0x000001c62b1240f0 nmethod 3502 0x000001c61650e490 code [0x000001c61650e640, 0x000001c61650e898]
Event: 41840.029 Thread 0x000001c62b1240f0 3503       3       sun.java2d.marlin.MarlinTileGenerator::getAlpha (28 bytes)
Event: 41840.029 Thread 0x000001c62b1240f0 nmethod 3503 0x000001c6163d3610 code [0x000001c6163d37e0, 0x000001c6163d39c0]
Event: 41840.041 Thread 0x000001c62b11b620 3505       4       sun.java2d.marlin.Renderer::_endRendering (2646 bytes)

GC Heap History (8 events):
Event: 0.967 GC heap before
{Heap before GC invocations=0 (full 0):
 garbage-first heap   total reserved 2064384K, committed 129024K, used 18432K [0x0000000082000000, 0x0000000100000000)
  region size 1024K, 20 young (20480K), 0 survivors (0K)
 Metaspace       used 21283K, committed 21504K, reserved 1114112K
  class space    used 2126K, committed 2240K, reserved 1048576K
}
Event: 0.973 GC heap after
{Heap after GC invocations=1 (full 0):
 garbage-first heap   total reserved 2064384K, committed 129024K, used 4206K [0x0000000082000000, 0x0000000100000000)
  region size 1024K, 3 young (3072K), 3 survivors (3072K)
 Metaspace       used 21283K, committed 21504K, reserved 1114112K
  class space    used 2126K, committed 2240K, reserved 1048576K
}
Event: 15.495 GC heap before
{Heap before GC invocations=2 (full 0):
 garbage-first heap   total reserved 2064384K, committed 17408K, used 15470K [0x0000000082000000, 0x0000000100000000)
  region size 1024K, 14 young (14336K), 3 survivors (3072K)
 Metaspace       used 29643K, committed 29952K, reserved 1114112K
  class space    used 3092K, committed 3200K, reserved 1048576K
}
Event: 15.500 GC heap after
{Heap after GC invocations=3 (full 0):
 garbage-first heap   total reserved 2064384K, committed 24576K, used 7905K [0x0000000082000000, 0x0000000100000000)
  region size 1024K, 3 young (3072K), 3 survivors (3072K)
 Metaspace       used 29643K, committed 29952K, reserved 1114112K
  class space    used 3092K, committed 3200K, reserved 1048576K
}
Event: 38.765 GC heap before
{Heap before GC invocations=3 (full 0):
 garbage-first heap   total reserved 2064384K, committed 24576K, used 18145K [0x0000000082000000, 0x0000000100000000)
  region size 1024K, 9 young (9216K), 3 survivors (3072K)
 Metaspace       used 30992K, committed 31296K, reserved 1114112K
  class space    used 3261K, committed 3392K, reserved 1048576K
}
Event: 38.771 GC heap after
{Heap after GC invocations=4 (full 0):
 garbage-first heap   total reserved 2064384K, committed 24576K, used 12489K [0x0000000082000000, 0x0000000100000000)
  region size 1024K, 1 young (1024K), 1 survivors (1024K)
 Metaspace       used 30992K, committed 31296K, reserved 1114112K
  class space    used 3261K, committed 3392K, reserved 1048576K
}
Event: 41836.569 GC heap before
{Heap before GC invocations=4 (full 0):
 garbage-first heap   total reserved 2064384K, committed 24576K, used 16585K [0x0000000082000000, 0x0000000100000000)
  region size 1024K, 6 young (6144K), 1 survivors (1024K)
 Metaspace       used 31314K, committed 31616K, reserved 1114112K
  class space    used 3267K, committed 3392K, reserved 1048576K
}
Event: 41836.694 GC heap after
{Heap after GC invocations=5 (full 0):
 garbage-first heap   total reserved 2064384K, committed 24576K, used 12366K [0x0000000082000000, 0x0000000100000000)
  region size 1024K, 1 young (1024K), 1 survivors (1024K)
 Metaspace       used 31314K, committed 31616K, reserved 1114112K
  class space    used 3267K, committed 3392K, reserved 1048576K
}

Dll operation events (11 events):
Event: 0.010 Loaded shared library C:\Users\grism\.p2\pool\plugins\org.eclipse.justj.openjdk.hotspot.jre.full.win32.x86_64_22.0.2.v20240802-1626\jre\bin\java.dll
Event: 0.017 Loaded shared library C:\Users\grism\.p2\pool\plugins\org.eclipse.justj.openjdk.hotspot.jre.full.win32.x86_64_22.0.2.v20240802-1626\jre\bin\zip.dll
Event: 0.134 Loaded shared library C:\Users\grism\.p2\pool\plugins\org.eclipse.justj.openjdk.hotspot.jre.full.win32.x86_64_22.0.2.v20240802-1626\jre\bin\jimage.dll
Event: 0.161 Loaded shared library C:\Users\grism\.p2\pool\plugins\org.eclipse.justj.openjdk.hotspot.jre.full.win32.x86_64_22.0.2.v20240802-1626\jre\bin\zip.dll
Event: 0.193 Loaded shared library C:\Users\grism\.p2\pool\plugins\org.eclipse.justj.openjdk.hotspot.jre.full.win32.x86_64_22.0.2.v20240802-1626\jre\bin\net.dll
Event: 0.195 Loaded shared library C:\Users\grism\.p2\pool\plugins\org.eclipse.justj.openjdk.hotspot.jre.full.win32.x86_64_22.0.2.v20240802-1626\jre\bin\nio.dll
Event: 0.224 Loaded shared library C:\Users\grism\.p2\pool\plugins\org.eclipse.justj.openjdk.hotspot.jre.full.win32.x86_64_22.0.2.v20240802-1626\jre\bin\awt.dll
Event: 0.670 Loaded shared library C:\Users\grism\.p2\pool\plugins\org.eclipse.justj.openjdk.hotspot.jre.full.win32.x86_64_22.0.2.v20240802-1626\jre\bin\extnet.dll
Event: 0.947 Loaded shared library C:\Users\grism\.p2\pool\plugins\org.eclipse.justj.openjdk.hotspot.jre.full.win32.x86_64_22.0.2.v20240802-1626\jre\bin\sunmscapi.dll
Event: 1.379 Loaded shared library C:\Users\grism\.p2\pool\plugins\org.eclipse.justj.openjdk.hotspot.jre.full.win32.x86_64_22.0.2.v20240802-1626\jre\bin\freetype.dll
Event: 1.381 Loaded shared library C:\Users\grism\.p2\pool\plugins\org.eclipse.justj.openjdk.hotspot.jre.full.win32.x86_64_22.0.2.v20240802-1626\jre\bin\fontmanager.dll

Deoptimization events (20 events):
Event: 16.880 Thread 0x000001c62b8657a0 DEOPT UNPACKING pc=0x000001c61d9446a2 sp=0x00000019e34fdb58 mode 2
Event: 17.163 Thread 0x000001c62b8657a0 DEOPT PACKING pc=0x000001c6165fb21d sp=0x00000019e34fd070
Event: 17.163 Thread 0x000001c62b8657a0 DEOPT UNPACKING pc=0x000001c61d944e42 sp=0x00000019e34fc4a0 mode 0
Event: 17.163 Thread 0x000001c62b8657a0 DEOPT PACKING pc=0x000001c6165fb250 sp=0x00000019e34fd070
Event: 17.163 Thread 0x000001c62b8657a0 DEOPT UNPACKING pc=0x000001c61d944e42 sp=0x00000019e34fc4a0 mode 0
Event: 17.166 Thread 0x000001c62b8657a0 DEOPT PACKING pc=0x000001c6165fb21d sp=0x00000019e34fce30
Event: 17.166 Thread 0x000001c62b8657a0 DEOPT UNPACKING pc=0x000001c61d944e42 sp=0x00000019e34fc260 mode 0
Event: 17.181 Thread 0x000001c62b8657a0 DEOPT PACKING pc=0x000001c6166a7549 sp=0x00000019e34f9090
Event: 17.181 Thread 0x000001c62b8657a0 DEOPT UNPACKING pc=0x000001c61d944e42 sp=0x00000019e34f8500 mode 0
Event: 17.228 Thread 0x000001c62b8657a0 Uncommon trap: trap_request=0xffffff6e fr.pc=0x000001c61df68760 relative=0x00000000000005e0
Event: 17.228 Thread 0x000001c62b8657a0 Uncommon trap: reason=loop_limit_check action=maybe_recompile pc=0x000001c61df68760 method=java.awt.GradientPaintContext.clipFillRaster([IIIIIDDD)V @ 5 c2
Event: 17.228 Thread 0x000001c62b8657a0 DEOPT PACKING pc=0x000001c61df68760 sp=0x00000019e34fd280
Event: 17.228 Thread 0x000001c62b8657a0 DEOPT UNPACKING pc=0x000001c61d9446a2 sp=0x00000019e34fd1f0 mode 2
Event: 41617.195 Thread 0x000001c62b8657a0 DEOPT PACKING pc=0x000001c61681dd7f sp=0x00000019e34fd070
Event: 41617.199 Thread 0x000001c62b8657a0 DEOPT UNPACKING pc=0x000001c61d944e42 sp=0x00000019e34fc468 mode 0
Event: 41836.699 Thread 0x000001c62b2d8f70 Uncommon trap: trap_request=0xffffff45 fr.pc=0x000001c61dfdf078 relative=0x00000000000009b8
Event: 41836.699 Thread 0x000001c62b2d8f70 Uncommon trap: reason=unstable_if action=reinterpret pc=0x000001c61dfdf078 method=java.util.concurrent.locks.AbstractQueuedSynchronizer$ConditionObject.await(JLjava/util/concurrent/TimeUnit;)Z @ 77 c2
Event: 41836.699 Thread 0x000001c62b2d8f70 DEOPT PACKING pc=0x000001c61dfdf078 sp=0x00000019e30ff190
Event: 41836.700 Thread 0x000001c62b2d8f70 DEOPT UNPACKING pc=0x000001c61d9446a2 sp=0x00000019e30fefd0 mode 2
Event: 41840.041 Thread 0x000001c62b8657a0 DEOPT PACKING pc=0x000001c61681dd7f sp=0x00000019e34fd070

Classes loaded (20 events):
Event: 34.219 Loading class java/awt/Canvas
Event: 34.219 Loading class java/awt/Canvas done
Event: 34.219 Loading class java/awt/Scrollbar
Event: 34.220 Loading class java/awt/Scrollbar done
Event: 89.595 Loading class sun/java2d/pipe/RegionClipSpanIterator
Event: 89.595 Loading class sun/java2d/pipe/RegionClipSpanIterator done
Event: 89.822 Loading class java/lang/Throwable$WrappedPrintStream
Event: 89.822 Loading class java/lang/Throwable$PrintStreamOrWriter
Event: 89.822 Loading class java/lang/Throwable$PrintStreamOrWriter done
Event: 89.822 Loading class java/lang/Throwable$WrappedPrintStream done
Event: 6423.523 Loading class java/awt/desktop/SystemSleepListener
Event: 6423.534 Loading class java/awt/desktop/SystemEventListener
Event: 6423.540 Loading class java/awt/desktop/SystemEventListener done
Event: 6423.541 Loading class java/awt/desktop/SystemSleepListener done
Event: 41834.882 Loading class java/util/WeakHashMap$KeyIterator
Event: 41835.205 Loading class java/util/WeakHashMap$HashIterator
Event: 41835.226 Loading class java/util/WeakHashMap$HashIterator done
Event: 41835.227 Loading class java/util/WeakHashMap$KeyIterator done
Event: 41835.237 Loading class javax/swing/RepaintManager$DisplayChangedRunnable
Event: 41835.240 Loading class javax/swing/RepaintManager$DisplayChangedRunnable done

Classes unloaded (20 events):
Event: 41838.624 Thread 0x000001c62b086ed0 Unloading class 0x000000000e0c7400 'java/lang/invoke/LambdaForm$MH+0x000000000e0c7400'
Event: 41838.624 Thread 0x000001c62b086ed0 Unloading class 0x000000000e0c7000 'java/lang/invoke/LambdaForm$MH+0x000000000e0c7000'
Event: 41838.624 Thread 0x000001c62b086ed0 Unloading class 0x000000000e0c6c00 'java/lang/invoke/LambdaForm$MH+0x000000000e0c6c00'
Event: 41838.624 Thread 0x000001c62b086ed0 Unloading class 0x000000000e0c6000 'java/lang/invoke/LambdaForm$MH+0x000000000e0c6000'
Event: 41838.624 Thread 0x000001c62b086ed0 Unloading class 0x000000000e0c5800 'java/lang/invoke/LambdaForm$MH+0x000000000e0c5800'
Event: 41838.624 Thread 0x000001c62b086ed0 Unloading class 0x000000000e0c5000 'java/lang/invoke/LambdaForm$MH+0x000000000e0c5000'
Event: 41838.624 Thread 0x000001c62b086ed0 Unloading class 0x000000000e0c4800 'java/lang/invoke/LambdaForm$MH+0x000000000e0c4800'
Event: 41838.624 Thread 0x000001c62b086ed0 Unloading class 0x000000000e0c4400 'java/lang/invoke/LambdaForm$MH+0x000000000e0c4400'
Event: 41838.624 Thread 0x000001c62b086ed0 Unloading class 0x000000000e0c4000 'java/lang/invoke/LambdaForm$MH+0x000000000e0c4000'
Event: 41838.624 Thread 0x000001c62b086ed0 Unloading class 0x000000000e0c3c00 'java/lang/invoke/LambdaForm$MH+0x000000000e0c3c00'
Event: 41838.624 Thread 0x000001c62b086ed0 Unloading class 0x000000000e0c3000 'java/lang/invoke/LambdaForm$MH+0x000000000e0c3000'
Event: 41838.624 Thread 0x000001c62b086ed0 Unloading class 0x000000000e0c2c00 'java/lang/invoke/LambdaForm$MH+0x000000000e0c2c00'
Event: 41838.624 Thread 0x000001c62b086ed0 Unloading class 0x000000000e0c2800 'java/lang/invoke/LambdaForm$MH+0x000000000e0c2800'
Event: 41838.624 Thread 0x000001c62b086ed0 Unloading class 0x000000000e0c2000 'java/lang/invoke/LambdaForm$MH+0x000000000e0c2000'
Event: 41838.624 Thread 0x000001c62b086ed0 Unloading class 0x000000000e0c1400 'java/lang/invoke/LambdaForm$MH+0x000000000e0c1400'
Event: 41838.624 Thread 0x000001c62b086ed0 Unloading class 0x000000000e0c1000 'java/lang/invoke/LambdaForm$MH+0x000000000e0c1000'
Event: 41838.624 Thread 0x000001c62b086ed0 Unloading class 0x000000000e0c0800 'java/lang/invoke/LambdaForm$MH+0x000000000e0c0800'
Event: 41838.624 Thread 0x000001c62b086ed0 Unloading class 0x000000000e0c0000 'java/lang/invoke/LambdaForm$MH+0x000000000e0c0000'
Event: 41838.624 Thread 0x000001c62b086ed0 Unloading class 0x000000000e001400 'java/lang/invoke/LambdaForm$MH+0x000000000e001400'
Event: 41838.625 Thread 0x000001c62b086ed0 Unloading class 0x000000000e000400 'java/lang/invoke/LambdaForm$MH+0x000000000e000400'

Classes redefined (0 events):
No events

Internal exceptions (20 events):
Event: 0.538 Thread 0x000001c610f4df40 Exception <a 'java/lang/NoSuchMethodError'{0x000000008943a738}: 'java.lang.Object java.lang.invoke.DirectMethodHandle$Holder.invokeInterface(java.lang.Object, java.lang.Object)'> (0x000000008943a738) 
thrown [s\src\hotspot\share\interpreter\linkResolver.cpp, line 774]
Event: 0.564 Thread 0x000001c610f4df40 Exception <a 'java/lang/NoSuchMethodError'{0x00000000894c2df8}: 'void java.lang.invoke.DirectMethodHandle$Holder.invokeStatic(java.lang.Object, java.lang.Object, java.lang.Object)'> (0x00000000894c2df8) 
thrown [s\src\hotspot\share\interpreter\linkResolver.cpp, line 774]
Event: 0.565 Thread 0x000001c610f4df40 Exception <a 'java/lang/NoSuchMethodError'{0x00000000894cc1b0}: 'java.lang.Object java.lang.invoke.DirectMethodHandle$Holder.invokeVirtual(java.lang.Object, java.lang.Object, java.lang.Object)'> (0x00000000894cc1b0) 
thrown [s\src\hotspot\share\interpreter\linkResolver.cpp, line 774]
Event: 0.771 Thread 0x000001c610f4df40 Exception <a 'java/lang/NoSuchMethodError'{0x0000000088d604e0}: 'void java.lang.invoke.DirectMethodHandle$Holder.invokeStaticInit(java.lang.Object, java.lang.Object)'> (0x0000000088d604e0) 
thrown [s\src\hotspot\share\interpreter\linkResolver.cpp, line 774]
Event: 0.854 Thread 0x000001c610f4df40 Exception <a 'sun/nio/fs/WindowsException'{0x0000000088c93540}> (0x0000000088c93540) 
thrown [s\src\hotspot\share\prims\jni.cpp, line 520]
Event: 0.902 Thread 0x000001c610f4df40 Exception <a 'java/lang/NoSuchMethodError'{0x0000000088b38b40}: 'java.lang.Object java.lang.invoke.DirectMethodHandle$Holder.invokeStaticInit(java.lang.Object, int, int, int, int)'> (0x0000000088b38b40) 
thrown [s\src\hotspot\share\interpreter\linkResolver.cpp, line 774]
Event: 0.922 Thread 0x000001c610f4df40 Exception <a 'java/lang/NoSuchMethodError'{0x0000000088b80608}: 'java.lang.Object java.lang.invoke.DirectMethodHandle$Holder.invokeStaticInit(java.lang.Object, java.lang.Object, int, int, int, int)'> (0x0000000088b80608) 
thrown [s\src\hotspot\share\interpreter\linkResolver.cpp, line 774]
Event: 0.985 Thread 0x000001c610f4df40 Exception <a 'java/lang/NoSuchMethodError'{0x0000000089d209b0}: 'int java.lang.invoke.DirectMethodHandle$Holder.invokeSpecial(java.lang.Object, java.lang.Object, java.lang.Object)'> (0x0000000089d209b0) 
thrown [s\src\hotspot\share\interpreter\linkResolver.cpp, line 774]
Event: 1.112 Thread 0x000001c610f4df40 Exception <a 'java/lang/NoSuchMethodError'{0x0000000082ccb568}: 'void java.lang.invoke.DirectMethodHandle$Holder.invokeVirtual(java.lang.Object, java.lang.Object)'> (0x0000000082ccb568) 
thrown [s\src\hotspot\share\interpreter\linkResolver.cpp, line 774]
Event: 1.181 Thread 0x000001c610f4df40 Exception <a 'java/lang/NoSuchMethodError'{0x0000000082bbe350}: 'void java.lang.invoke.DirectMethodHandle$Holder.invokeStatic(java.lang.Object, java.lang.Object, java.lang.Object, java.lang.Object)'> (0x0000000082bbe350) 
thrown [s\src\hotspot\share\interpreter\linkResolver.cpp, line 774]
Event: 1.197 Thread 0x000001c610f4df40 Exception <a 'java/lang/NoSuchMethodError'{0x0000000082a189c0}: 'void java.lang.invoke.DirectMethodHandle$Holder.invokeInterface(java.lang.Object, java.lang.Object, java.lang.Object, java.lang.Object)'> (0x0000000082a189c0) 
thrown [s\src\hotspot\share\interpreter\linkResolver.cpp, line 774]
Event: 1.203 Thread 0x000001c610f4df40 Implicit null exception at 0x000001c61def2b94 to 0x000001c61def3230
Event: 1.203 Thread 0x000001c610f4df40 Implicit null exception at 0x000001c61dee7510 to 0x000001c61dee7b84
Event: 1.344 Thread 0x000001c631933670 Exception <a 'java/lang/NoSuchMethodError'{0x0000000082858578}: 'java.lang.Object java.lang.invoke.DirectMethodHandle$Holder.newInvokeSpecial(java.lang.Object, java.lang.Object, java.lang.Object, int, int, int, int, int)'> (0x0000000082858578) 
thrown [s\src\hotspot\share\interpreter\linkResolver.cpp, line 774]
Event: 1.373 Thread 0x000001c610f4df40 Exception <a 'java/lang/NoSuchMethodError'{0x0000000082aa6638}: 'void java.lang.invoke.DirectMethodHandle$Holder.invokeStaticInit(java.lang.Object)'> (0x0000000082aa6638) 
thrown [s\src\hotspot\share\interpreter\linkResolver.cpp, line 774]
Event: 1.550 Thread 0x000001c62b8657a0 Exception <a 'java/io/FileNotFoundException'{0x00000000826a5ce8}> (0x00000000826a5ce8) 
thrown [s\src\hotspot\share\prims\jni.cpp, line 520]
Event: 14.521 Thread 0x000001c62b8657a0 Exception <a 'java/lang/NoSuchMethodError'{0x00000000824fbba0}: 'int java.lang.invoke.DirectMethodHandle$Holder.invokeStatic(java.lang.Object)'> (0x00000000824fbba0) 
thrown [s\src\hotspot\share\interpreter\linkResolver.cpp, line 774]
Event: 15.537 Thread 0x000001c62b8657a0 Exception <a 'java/io/IOException'{0x0000000089d216d8}> (0x0000000089d216d8) 
thrown [s\src\hotspot\share\prims\jni.cpp, line 520]
Event: 15.539 Thread 0x000001c62b8657a0 Exception <a 'java/lang/NoSuchMethodError'{0x0000000089d25318}: 'void java.lang.invoke.DirectMethodHandle$Holder.invokeInterface(java.lang.Object, java.lang.Object)'> (0x0000000089d25318) 
thrown [s\src\hotspot\share\interpreter\linkResolver.cpp, line 774]
Event: 89.822 Thread 0x000001c62b8657a0 Exception <a 'java/lang/NullPointerException'{0x0000000088868228}> (0x0000000088868228) 
thrown [s\src\hotspot\share\interpreter\linkResolver.cpp, line 1458]

ZGC Phase Switch (0 events):
No events

VM Operations (20 events):
Event: 1172.944 Executing VM operation: Cleanup
Event: 1172.944 Executing VM operation: Cleanup done
Event: 1213.162 Executing VM operation: Cleanup
Event: 1213.162 Executing VM operation: Cleanup done
Event: 24811.428 Executing VM operation: Cleanup
Event: 24811.434 Executing VM operation: Cleanup done
Event: 41616.546 Executing VM operation: Cleanup
Event: 41616.562 Executing VM operation: Cleanup done
Event: 41617.563 Executing VM operation: Cleanup
Event: 41617.564 Executing VM operation: Cleanup done
Event: 41618.569 Executing VM operation: Cleanup
Event: 41618.569 Executing VM operation: Cleanup done
Event: 41835.942 Executing VM operation: Cleanup
Event: 41835.942 Executing VM operation: Cleanup done
Event: 41836.567 Executing VM operation: G1TryInitiateConcMark (G1 Humongous Allocation)
Event: 41836.694 Executing VM operation: G1TryInitiateConcMark (G1 Humongous Allocation) done
Event: 41836.850 Executing VM operation: G1PauseRemark
Event: 41839.320 Executing VM operation: G1PauseRemark done
Event: 41839.350 Executing VM operation: G1PauseCleanup
Event: 41839.670 Executing VM operation: G1PauseCleanup done

Memory protections (0 events):
No events

Nmethod flushes (20 events):
Event: 41839.280 Thread 0x000001c62b086ed0 flushing  nmethod 0x000001c6163ea090
Event: 41839.280 Thread 0x000001c62b086ed0 flushing  nmethod 0x000001c6163eaf10
Event: 41839.280 Thread 0x000001c62b086ed0 flushing  nmethod 0x000001c6163ed090
Event: 41839.280 Thread 0x000001c62b086ed0 flushing  nmethod 0x000001c6163edc90
Event: 41839.280 Thread 0x000001c62b086ed0 flushing  nmethod 0x000001c6163ee010
Event: 41839.280 Thread 0x000001c62b086ed0 flushing osr nmethod 0x000001c6163ee490
Event: 41839.280 Thread 0x000001c62b086ed0 flushing  nmethod 0x000001c6163f1e10
Event: 41839.281 Thread 0x000001c62b086ed0 flushing  nmethod 0x000001c6163f2210
Event: 41839.281 Thread 0x000001c62b086ed0 flushing  nmethod 0x000001c61640af10
Event: 41839.281 Thread 0x000001c62b086ed0 flushing  nmethod 0x000001c61640ca10
Event: 41839.281 Thread 0x000001c62b086ed0 flushing  nmethod 0x000001c61640eb90
Event: 41839.281 Thread 0x000001c62b086ed0 flushing  nmethod 0x000001c616484410
Event: 41839.281 Thread 0x000001c62b086ed0 flushing  nmethod 0x000001c61648e510
Event: 41839.281 Thread 0x000001c62b086ed0 flushing  nmethod 0x000001c61650a910
Event: 41839.281 Thread 0x000001c62b086ed0 flushing  nmethod 0x000001c61650e490
Event: 41839.281 Thread 0x000001c62b086ed0 flushing  nmethod 0x000001c616538a90
Event: 41839.281 Thread 0x000001c62b086ed0 flushing  nmethod 0x000001c616539490
Event: 41839.281 Thread 0x000001c62b086ed0 flushing  nmethod 0x000001c616539890
Event: 41839.281 Thread 0x000001c62b086ed0 flushing  nmethod 0x000001c61653ac90
Event: 41839.281 Thread 0x000001c62b086ed0 flushing  nmethod 0x000001c61653b210

Events (20 events):
Event: 0.293 Thread 0x000001c610f4df40 Thread added: 0x000001c62b747870
Event: 0.294 Thread 0x000001c610f4df40 Thread added: 0x000001c62b747ee0
Event: 0.296 Thread 0x000001c610f4df40 Thread added: 0x000001c62b74aaa0
Event: 0.466 Thread 0x000001c610f4df40 Thread added: 0x000001c62b8657a0
Event: 0.508 Thread 0x000001c610f4df40 Thread added: 0x000001c62b8503b0
Event: 0.550 Thread 0x000001c62b1240f0 Thread added: 0x000001c62b93ded0
Event: 1.042 Thread 0x000001c62b1240f0 Thread added: 0x000001c631743dc0
Event: 1.261 Thread 0x000001c610f4df40 Thread added: 0x000001c631933670
Event: 1.468 Thread 0x000001c610f4df40 Thread exited: 0x000001c610f4df40
Event: 1.468 Thread 0x000001c631c60870 Thread added: 0x000001c631c60870
Event: 1.474 Thread 0x000001c631743dc0 Thread exited: 0x000001c631743dc0
Event: 1.626 Thread 0x000001c62b8657a0 Thread added: 0x000001c631c5da80
Event: 2.024 Thread 0x000001c62b93ded0 Thread exited: 0x000001c62b93ded0
Event: 6.350 Thread 0x000001c631933670 Thread exited: 0x000001c631933670
Event: 14.502 Thread 0x000001c62b8657a0 Thread added: 0x000001c631c60f00
Event: 15.477 Thread 0x000001c62b11b620 Thread added: 0x000001c62b18f530
Event: 16.143 Thread 0x000001c62b18f530 Thread exited: 0x000001c62b18f530
Event: 17.235 Thread 0x000001c62b1240f0 Thread added: 0x000001c63179ce30
Event: 17.582 Thread 0x000001c63179ce30 Thread exited: 0x000001c63179ce30
Event: 22.255 Thread 0x000001c631c60f00 Thread exited: 0x000001c631c60f00


Dynamic libraries:
0x00007ff63e710000 - 0x00007ff63e71e000 	C:\Users\grism\.p2\pool\plugins\org.eclipse.justj.openjdk.hotspot.jre.full.win32.x86_64_22.0.2.v20240802-1626\jre\bin\javaw.exe
0x00007ffdfdfb0000 - 0x00007ffdfe1a8000 	C:\WINDOWS\SYSTEM32\ntdll.dll
0x00007ffdfc9f0000 - 0x00007ffdfcab2000 	C:\WINDOWS\System32\KERNEL32.DLL
0x00007ffdfbae0000 - 0x00007ffdfbdde000 	C:\WINDOWS\System32\KERNELBASE.dll
0x00007ffdfb920000 - 0x00007ffdfba20000 	C:\WINDOWS\System32\ucrtbase.dll
0x00007ffdf7970000 - 0x00007ffdf7987000 	C:\Users\grism\.p2\pool\plugins\org.eclipse.justj.openjdk.hotspot.jre.full.win32.x86_64_22.0.2.v20240802-1626\jre\bin\jli.dll
0x00007ffdf6730000 - 0x00007ffdf674b000 	C:\Users\grism\.p2\pool\plugins\org.eclipse.justj.openjdk.hotspot.jre.full.win32.x86_64_22.0.2.v20240802-1626\jre\bin\VCRUNTIME140.dll
0x00007ffdfcac0000 - 0x00007ffdfcc5d000 	C:\WINDOWS\System32\USER32.dll
0x00007ffdfbde0000 - 0x00007ffdfbe02000 	C:\WINDOWS\System32\win32u.dll
0x00007ffdfddb0000 - 0x00007ffdfdddb000 	C:\WINDOWS\System32\GDI32.dll
0x00007ffdfbeb0000 - 0x00007ffdfbfc7000 	C:\WINDOWS\System32\gdi32full.dll
0x00007ffde4090000 - 0x00007ffde432a000 	C:\WINDOWS\WinSxS\amd64_microsoft.windows.common-controls_6595b64144ccf1df_6.0.19041.4355_none_60b8b9eb71f62e16\COMCTL32.dll
0x00007ffdfbe10000 - 0x00007ffdfbead000 	C:\WINDOWS\System32\msvcp_win.dll
0x00007ffdfc070000 - 0x00007ffdfc10e000 	C:\WINDOWS\System32\msvcrt.dll
0x00007ffdfc4d0000 - 0x00007ffdfc4ff000 	C:\WINDOWS\System32\IMM32.DLL
0x00007ffdf83d0000 - 0x00007ffdf83dc000 	C:\Users\grism\.p2\pool\plugins\org.eclipse.justj.openjdk.hotspot.jre.full.win32.x86_64_22.0.2.v20240802-1626\jre\bin\vcruntime140_1.dll
0x00007ffde7320000 - 0x00007ffde73ae000 	C:\Users\grism\.p2\pool\plugins\org.eclipse.justj.openjdk.hotspot.jre.full.win32.x86_64_22.0.2.v20240802-1626\jre\bin\msvcp140.dll
0x00007ffd4fbf0000 - 0x00007ffd509b3000 	C:\Users\grism\.p2\pool\plugins\org.eclipse.justj.openjdk.hotspot.jre.full.win32.x86_64_22.0.2.v20240802-1626\jre\bin\server\jvm.dll
0x00007ffdfd100000 - 0x00007ffdfd1b2000 	C:\WINDOWS\System32\ADVAPI32.dll
0x00007ffdfbfd0000 - 0x00007ffdfc070000 	C:\WINDOWS\System32\sechost.dll
0x00007ffdfc3a0000 - 0x00007ffdfc4c3000 	C:\WINDOWS\System32\RPCRT4.dll
0x00007ffdfbab0000 - 0x00007ffdfbad7000 	C:\WINDOWS\System32\bcrypt.dll
0x00007ffdfc980000 - 0x00007ffdfc9eb000 	C:\WINDOWS\System32\WS2_32.dll
0x00007ffdfab90000 - 0x00007ffdfabdb000 	C:\WINDOWS\SYSTEM32\POWRPROF.dll
0x00007ffdf8550000 - 0x00007ffdf855a000 	C:\WINDOWS\SYSTEM32\VERSION.dll
0x00007ffde4330000 - 0x00007ffde4357000 	C:\WINDOWS\SYSTEM32\WINMM.dll
0x00007ffdfaa50000 - 0x00007ffdfaa62000 	C:\WINDOWS\SYSTEM32\UMPDC.dll
0x00007ffdf9e70000 - 0x00007ffdf9e82000 	C:\WINDOWS\SYSTEM32\kernel.appcore.dll
0x00007ffdf5ab0000 - 0x00007ffdf5aba000 	C:\Users\grism\.p2\pool\plugins\org.eclipse.justj.openjdk.hotspot.jre.full.win32.x86_64_22.0.2.v20240802-1626\jre\bin\jimage.dll
0x00007ffdf9240000 - 0x00007ffdf9424000 	C:\WINDOWS\SYSTEM32\DBGHELP.DLL
0x00007ffdec920000 - 0x00007ffdec954000 	C:\WINDOWS\SYSTEM32\dbgcore.DLL
0x00007ffdfba20000 - 0x00007ffdfbaa2000 	C:\WINDOWS\System32\bcryptPrimitives.dll
0x00007ffdeabc0000 - 0x00007ffdeabde000 	C:\Users\grism\.p2\pool\plugins\org.eclipse.justj.openjdk.hotspot.jre.full.win32.x86_64_22.0.2.v20240802-1626\jre\bin\java.dll
0x00007ffdfd640000 - 0x00007ffdfddaf000 	C:\WINDOWS\System32\SHELL32.dll
0x00007ffdfde40000 - 0x00007ffdfdf6b000 	C:\WINDOWS\System32\ole32.dll
0x00007ffdfccc0000 - 0x00007ffdfd013000 	C:\WINDOWS\System32\combase.dll
0x00007ffdea930000 - 0x00007ffdea947000 	C:\Users\grism\.p2\pool\plugins\org.eclipse.justj.openjdk.hotspot.jre.full.win32.x86_64_22.0.2.v20240802-1626\jre\bin\zip.dll
0x00007ffdf96b0000 - 0x00007ffdf9e54000 	C:\WINDOWS\SYSTEM32\windows.storage.dll
0x00007ffdfb080000 - 0x00007ffdfb0ae000 	C:\WINDOWS\SYSTEM32\Wldp.dll
0x00007ffdfc220000 - 0x00007ffdfc2ed000 	C:\WINDOWS\System32\OLEAUT32.dll
0x00007ffdfc2f0000 - 0x00007ffdfc39d000 	C:\WINDOWS\System32\SHCORE.dll
0x00007ffdfd390000 - 0x00007ffdfd3e5000 	C:\WINDOWS\System32\shlwapi.dll
0x00007ffdfb580000 - 0x00007ffdfb5a4000 	C:\WINDOWS\SYSTEM32\profapi.dll
0x00007ffdf5aa0000 - 0x00007ffdf5ab0000 	C:\Users\grism\.p2\pool\plugins\org.eclipse.justj.openjdk.hotspot.jre.full.win32.x86_64_22.0.2.v20240802-1626\jre\bin\net.dll
0x00007ffdfade0000 - 0x00007ffdfae4a000 	C:\WINDOWS\system32\mswsock.dll
0x00007ffdea7a0000 - 0x00007ffdea7b6000 	C:\Users\grism\.p2\pool\plugins\org.eclipse.justj.openjdk.hotspot.jre.full.win32.x86_64_22.0.2.v20240802-1626\jre\bin\nio.dll
0x00007ffde9450000 - 0x00007ffde95dd000 	C:\Users\grism\.p2\pool\plugins\org.eclipse.justj.openjdk.hotspot.jre.full.win32.x86_64_22.0.2.v20240802-1626\jre\bin\awt.dll
0x00007ffdf53d0000 - 0x00007ffdf5464000 	C:\WINDOWS\SYSTEM32\apphelp.dll
0x00007ffdf8ba0000 - 0x00007ffdf8c3e000 	C:\WINDOWS\system32\uxtheme.dll
0x00007ffdfd1c0000 - 0x00007ffdfd2d5000 	C:\WINDOWS\System32\MSCTF.dll
0x00007ffdf8f40000 - 0x00007ffdf8f6f000 	C:\WINDOWS\system32\DWMAPI.DLL
0x00007ffddf450000 - 0x00007ffddf578000 	C:\WINDOWS\system32\opengl32.dll
0x00007ffdf5020000 - 0x00007ffdf504c000 	C:\WINDOWS\SYSTEM32\GLU32.dll
0x00007ffdfaac0000 - 0x00007ffdfab8a000 	C:\WINDOWS\SYSTEM32\DNSAPI.dll
0x00007ffdfaa70000 - 0x00007ffdfaaab000 	C:\WINDOWS\SYSTEM32\IPHLPAPI.DLL
0x00007ffdfc500000 - 0x00007ffdfc508000 	C:\WINDOWS\System32\NSI.dll
0x00007ffdf2280000 - 0x00007ffdf228a000 	C:\Windows\System32\rasadhlp.dll
0x00007ffdf1510000 - 0x00007ffdf1590000 	C:\WINDOWS\System32\fwpuclnt.dll
0x00007ffde6730000 - 0x00007ffde6739000 	C:\Users\grism\.p2\pool\plugins\org.eclipse.justj.openjdk.hotspot.jre.full.win32.x86_64_22.0.2.v20240802-1626\jre\bin\extnet.dll
0x00007ffdfafd0000 - 0x00007ffdfafe8000 	C:\WINDOWS\SYSTEM32\CRYPTSP.dll
0x00007ffdfa690000 - 0x00007ffdfa6c4000 	C:\WINDOWS\system32\rsaenh.dll
0x00007ffdfb500000 - 0x00007ffdfb52e000 	C:\WINDOWS\SYSTEM32\USERENV.dll
0x00007ffdfaff0000 - 0x00007ffdfaffc000 	C:\WINDOWS\SYSTEM32\CRYPTBASE.dll
0x00007ffdec100000 - 0x00007ffdec10e000 	C:\Users\grism\.p2\pool\plugins\org.eclipse.justj.openjdk.hotspot.jre.full.win32.x86_64_22.0.2.v20240802-1626\jre\bin\sunmscapi.dll
0x00007ffdfb7c0000 - 0x00007ffdfb91c000 	C:\WINDOWS\System32\CRYPT32.dll
0x00007ffdfb0f0000 - 0x00007ffdfb117000 	C:\WINDOWS\SYSTEM32\ncrypt.dll
0x00007ffdfb0b0000 - 0x00007ffdfb0eb000 	C:\WINDOWS\SYSTEM32\NTASN1.dll
0x00007ffdf6310000 - 0x00007ffdf6397000 	C:\Users\grism\.p2\pool\plugins\org.eclipse.justj.openjdk.hotspot.jre.full.win32.x86_64_22.0.2.v20240802-1626\jre\bin\freetype.dll
0x00007ffde9370000 - 0x00007ffde9448000 	C:\Users\grism\.p2\pool\plugins\org.eclipse.justj.openjdk.hotspot.jre.full.win32.x86_64_22.0.2.v20240802-1626\jre\bin\fontmanager.dll
0x00007ffdfd2e0000 - 0x00007ffdfd389000 	C:\WINDOWS\System32\clbcatq.dll
0x00007ffdf8950000 - 0x00007ffdf8b06000 	C:\WINDOWS\SYSTEM32\WindowsCodecs.dll
0x00007ffddd810000 - 0x00007ffddd84e000 	C:\WINDOWS\system32\dataexchange.dll
0x00007ffdf75b0000 - 0x00007ffdf7813000 	C:\WINDOWS\system32\d3d11.dll
0x00007ffdf4180000 - 0x00007ffdf4364000 	C:\WINDOWS\system32\dcomp.dll
0x00007ffdf9ee0000 - 0x00007ffdf9fd6000 	C:\WINDOWS\system32\dxgi.dll
0x00007ffdf5810000 - 0x00007ffdf5a13000 	C:\WINDOWS\system32\twinapi.appcore.dll
0x00007ffdf5f30000 - 0x00007ffdf6029000 	C:\WINDOWS\SYSTEM32\textinputframework.dll
0x00007ffdf39c0000 - 0x00007ffdf3d1b000 	C:\WINDOWS\System32\CoreUIComponents.dll
0x00007ffdf4cb0000 - 0x00007ffdf4da2000 	C:\WINDOWS\System32\CoreMessaging.dll
0x00007ffdfa8e0000 - 0x00007ffdfa913000 	C:\WINDOWS\SYSTEM32\ntmarta.dll
0x00007ffdf6750000 - 0x00007ffdf68a7000 	C:\WINDOWS\SYSTEM32\wintypes.dll
0x00007ffde73b0000 - 0x00007ffde745e000 	C:\WINDOWS\SYSTEM32\TextShaping.dll

dbghelp: loaded successfully - version: 4.0.5 - missing functions: none
symbol engine: initialized successfully - sym options: 0x614 - pdb path: .;C:\Users\grism\.p2\pool\plugins\org.eclipse.justj.openjdk.hotspot.jre.full.win32.x86_64_22.0.2.v20240802-1626\jre\bin;C:\WINDOWS\SYSTEM32;C:\WINDOWS\WinSxS\amd64_microsoft.windows.common-controls_6595b64144ccf1df_6.0.19041.4355_none_60b8b9eb71f62e16;C:\Users\grism\.p2\pool\plugins\org.eclipse.justj.openjdk.hotspot.jre.full.win32.x86_64_22.0.2.v20240802-1626\jre\bin\server

VM Arguments:
jvm_args: -Dfile.encoding=UTF-8 -Dstdout.encoding=UTF-8 -Dstderr.encoding=UTF-8 -XX:+ShowCodeDetailsInExceptionMessages 
java_command: interfaz.Login
java_class_path (initial): D:\Documentos\Universidad\Semestre_5\Taller_de_lenguaje_java\Proyecto\bin;D:\Documentos\Universidad\Semestre_5\Taller_de_lenguaje_java\Proyecto\src\JTattoo-1.6.13.jar;D:\Documentos\Universidad\Semestre_5\Taller_de_lenguaje_java\Proyecto\mysql-connector-j-9.1.0.jar
Launcher Type: SUN_STANDARD

[Global flags]
     intx CICompilerCount                          = 4                                         {product} {ergonomic}
     uint ConcGCThreads                            = 2                                         {product} {ergonomic}
     uint G1ConcRefinementThreads                  = 8                                         {product} {ergonomic}
   size_t G1HeapRegionSize                         = 1048576                                   {product} {ergonomic}
   size_t InitialHeapSize                          = 132120576                                 {product} {ergonomic}
   size_t MarkStackSize                            = 4194304                                   {product} {ergonomic}
   size_t MaxHeapSize                              = 2113929216                                {product} {ergonomic}
   size_t MaxNewSize                               = 1267728384                                {product} {ergonomic}
   size_t MinHeapDeltaBytes                        = 1048576                                   {product} {ergonomic}
   size_t MinHeapSize                              = 8388608                                   {product} {ergonomic}
    uintx NonNMethodCodeHeapSize                   = 5839372                                {pd product} {ergonomic}
    uintx NonProfiledCodeHeapSize                  = 122909434                              {pd product} {ergonomic}
    uintx ProfiledCodeHeapSize                     = 122909434                              {pd product} {ergonomic}
    uintx ReservedCodeCacheSize                    = 251658240                              {pd product} {ergonomic}
     bool SegmentedCodeCache                       = true                                      {product} {ergonomic}
     bool ShowCodeDetailsInExceptionMessages       = true                                   {manageable} {command line}
   size_t SoftMaxHeapSize                          = 2113929216                             {manageable} {ergonomic}
     bool UseCompressedOops                        = true                           {product lp64_product} {ergonomic}
     bool UseG1GC                                  = true                                      {product} {ergonomic}
     bool UseLargePagesIndividualAllocation        = false                                  {pd product} {ergonomic}

Logging:
Log output configuration:
 #0: stdout all=warning uptime,level,tags foldmultilines=false
 #1: stderr all=off uptime,level,tags foldmultilines=false

Environment Variables:
PATH=C:/Users/grism/.p2/pool/plugins/org.eclipse.justj.openjdk.hotspot.jre.full.win32.x86_64_22.0.2.v20240802-1626/jre/bin/server;C:/Users/grism/.p2/pool/plugins/org.eclipse.justj.openjdk.hotspot.jre.full.win32.x86_64_22.0.2.v20240802-1626/jre/bin;C:\Program Files\Common Files\Oracle\Java\javapath;C:\Program Files (x86)\Common Files\Oracle\Java\java8path;C:\Program Files (x86)\Common Files\Oracle\Java\javapath;C:\Windows\system32;C:\Windows;C:\Windows\System32\Wbem;C:\Windows\System32\WindowsPowerShell\v1.0\;C:\Windows\System32\OpenSSH\;C:\Program Files (x86)\NVIDIA Corporation\PhysX\Common;C:\Program Files\NVIDIA Corporation\NVIDIA NvDLISR;C:\WINDOWS\system32;C:\WINDOWS;C:\WINDOWS\System32\Wbem;C:\WINDOWS\System32\WindowsPowerShell\v1.0\;C:\WINDOWS\System32\OpenSSH\;C:\opencv\build\x64\vc15\bin;D:\Programs\MatLab\MatLabInstalado\bin;D:\Programs\CMake\bin;C:\Program Files\CMake\bin;C:\Program Files\Git\cmd;D:\Programs\Python\Scripts\;D:\Programs\Python\;C:\Users\grism\AppData\Local\Microsoft\WindowsApps;C:\Users\grism\AppData\Local\Programs\MiKTeX\miktex\bin\x64\;D:\Programs\bin;D:\Programs\CMake\bin;D:\Programs\VisualStudioCode\Microsoft VS Code\bin;D:\Programs\Anaconda;;D:\Desktop;
USERNAME=grism
OS=Windows_NT
PROCESSOR_IDENTIFIER=Intel64 Family 6 Model 165 Stepping 2, GenuineIntel
TMP=C:\Users\grism\AppData\Local\Temp
TEMP=C:\Users\grism\AppData\Local\Temp




Periodic native trim disabled

---------------  S Y S T E M  ---------------

OS:
 Windows 10 , 64 bit Build 19041 (10.0.19041.4957)
OS uptime: 6 days 2:56 hours

CPU: total 8 (initial active 8) (4 cores per cpu, 2 threads per core) family 6 model 165 stepping 2 microcode 0xe2, cx8, cmov, fxsr, ht, mmx, 3dnowpref, sse, sse2, sse3, ssse3, sse4.1, sse4.2, popcnt, lzcnt, tsc, tscinvbit, avx, avx2, aes, erms, clmul, bmi1, bmi2, adx, fma, vzeroupper, clflush, clflushopt, rdtscp, f16c, pku
Processor Information for all 8 processors :
  Max Mhz: 2496, Current Mhz: 2496, Mhz Limit: 2496

Memory: 4k page, system-wide physical 8059M (172M free)
TotalPageFile size 23163M (AvailPageFile size 0M)
current process WorkingSet (physical memory assigned to process): 74M, peak: 140M
current process commit charge ("private bytes"): 147M, peak: 228M

vm_info: OpenJDK 64-Bit Server VM (22.0.2+9) for windows-amd64 JRE (22.0.2+9), built on 2024-07-16T00:00:00Z by "admin" with MS VC++ 17.7 (VS2022)

END.
