#
# There is insufficient memory for the Java Runtime Environment to continue.
# Native memory allocation (malloc) failed to allocate 32744 bytes. Error detail: Chunk::new
# Possible reasons:
#   The system is out of physical RAM or swap space
#   This process is running with CompressedOops enabled, and the Java Heap may be blocking the growth of the native heap
# Possible solutions:
#   Reduce memory load on the system
#   Increase physical memory or swap space
#   Check if swap backing store is full
#   Decrease Java heap size (-Xmx/-Xms)
#   Decrease number of Java threads
#   Decrease Java thread stack sizes (-Xss)
#   Set larger code cache with -XX:ReservedCodeCacheSize=
#   JVM is running with Unscaled Compressed Oops mode in which the Java heap is
#     placed in the first 4GB address space. The Java Heap base address is the
#     maximum limit for the native heap growth. Please use -XX:HeapBaseMinAddress
#     to set the Java Heap base and to place the Java Heap above 4GB virtual address.
# This output file may be truncated or incomplete.
#
#  Out of Memory Error (arena.cpp:150), pid=4988, tid=11040
#
# JRE version: OpenJDK Runtime Environment Temurin-22.0.2+9 (22.0.2+9) (build 22.0.2+9)
# Java VM: OpenJDK 64-Bit Server VM Temurin-22.0.2+9 (22.0.2+9, mixed mode, tiered, compressed oops, compressed class ptrs, g1 gc, windows-amd64)
# No core dump will be written. Minidumps are not enabled by default on client versions of Windows
#

---------------  S U M M A R Y ------------

Command Line: -Dfile.encoding=UTF-8 -Dstdout.encoding=UTF-8 -Dstderr.encoding=UTF-8 -XX:+ShowCodeDetailsInExceptionMessages interfaz.Login

Host: Intel(R) Core(TM) i5-10300H CPU @ 2.50GHz, 8 cores, 7G,  Windows 10 , 64 bit Build 19041 (10.0.19041.4957)
Time: Sun Nov 24 22:20:59 2024 Hora estándar Pacífico (México) elapsed time: 894.182911 seconds (0d 0h 14m 54s)

---------------  T H R E A D  ---------------

Current thread (0x0000028b5b432ba0):  JavaThread "C2 CompilerThread0" daemon [_thread_in_native, id=11040, stack(0x000000d261a00000,0x000000d261b00000) (1024K)]


Current CompileTask:
C2:894183 3256   !   4       sun.awt.PostEventQueue::flush (168 bytes)

Stack: [0x000000d261a00000,0x000000d261b00000]
Native frames: (J=compiled Java code, j=interpreted, Vv=VM code, C=native code)
V  [jvm.dll+0x6ea6a9]  (no source info available)
V  [jvm.dll+0x8cdbf3]  (no source info available)
V  [jvm.dll+0x8d001e]  (no source info available)
V  [jvm.dll+0x8d06f3]  (no source info available)
V  [jvm.dll+0x286dc6]  (no source info available)
V  [jvm.dll+0xc3b8f]  (no source info available)
V  [jvm.dll+0xc3deb]  (no source info available)
V  [jvm.dll+0x1fb208]  (no source info available)
V  [jvm.dll+0x1f847d]  (no source info available)
V  [jvm.dll+0x20b25d]  (no source info available)
V  [jvm.dll+0x1f82d1]  (no source info available)
V  [jvm.dll+0x14c767]  (no source info available)
V  [jvm.dll+0x2f7ecf]  (no source info available)
V  [jvm.dll+0x2f9eb0]  (no source info available)
V  [jvm.dll+0x705246]  (no source info available)
V  [jvm.dll+0x6fd344]  (no source info available)
V  [jvm.dll+0x6fcb57]  (no source info available)
V  [jvm.dll+0x6fac64]  (no source info available)
V  [jvm.dll+0x1cdcfc]  (no source info available)
V  [jvm.dll+0x1ce87b]  (no source info available)
V  [jvm.dll+0x2f9f2c]  (no source info available)
V  [jvm.dll+0x705246]  (no source info available)
V  [jvm.dll+0x6fd344]  (no source info available)
V  [jvm.dll+0x6fcb57]  (no source info available)
V  [jvm.dll+0x6fac64]  (no source info available)
V  [jvm.dll+0x1cdcfc]  (no source info available)
V  [jvm.dll+0x1ce87b]  (no source info available)
V  [jvm.dll+0x2f9f2c]  (no source info available)
V  [jvm.dll+0x705246]  (no source info available)
V  [jvm.dll+0x6fd344]  (no source info available)
V  [jvm.dll+0x6fcb57]  (no source info available)
V  [jvm.dll+0x6fac64]  (no source info available)
V  [jvm.dll+0x1cdcfc]  (no source info available)
V  [jvm.dll+0x1ce87b]  (no source info available)
V  [jvm.dll+0x1ce87b]  (no source info available)
V  [jvm.dll+0x2f9f2c]  (no source info available)
V  [jvm.dll+0x705246]  (no source info available)
V  [jvm.dll+0x6fd344]  (no source info available)
V  [jvm.dll+0x6fcb57]  (no source info available)
V  [jvm.dll+0x6fac64]  (no source info available)
V  [jvm.dll+0x1cdcfc]  (no source info available)
V  [jvm.dll+0x1ce87b]  (no source info available)
V  [jvm.dll+0x2f9f2c]  (no source info available)
V  [jvm.dll+0x705246]  (no source info available)
V  [jvm.dll+0x6fd344]  (no source info available)
V  [jvm.dll+0x6fcb57]  (no source info available)
V  [jvm.dll+0x6fac64]  (no source info available)
V  [jvm.dll+0x1cdcfc]  (no source info available)
V  [jvm.dll+0x1ce87b]  (no source info available)
V  [jvm.dll+0x2f9f2c]  (no source info available)
V  [jvm.dll+0x705246]  (no source info available)
V  [jvm.dll+0x6fd344]  (no source info available)
V  [jvm.dll+0x6fcb57]  (no source info available)
V  [jvm.dll+0x6fac64]  (no source info available)
V  [jvm.dll+0x1cdcfc]  (no source info available)
V  [jvm.dll+0x1ce87b]  (no source info available)
V  [jvm.dll+0x2f9f2c]  (no source info available)
V  [jvm.dll+0x705246]  (no source info available)
V  [jvm.dll+0x6fd344]  (no source info available)
V  [jvm.dll+0x6fcb57]  (no source info available)
V  [jvm.dll+0x6fac64]  (no source info available)
V  [jvm.dll+0x1cdcfc]  (no source info available)
V  [jvm.dll+0x2f9f2c]  (no source info available)
V  [jvm.dll+0x705246]  (no source info available)
V  [jvm.dll+0x6fd344]  (no source info available)
V  [jvm.dll+0x6fcb57]  (no source info available)
V  [jvm.dll+0x6fac64]  (no source info available)
V  [jvm.dll+0x1cdcfc]  (no source info available)
V  [jvm.dll+0x1ce87b]  (no source info available)
V  [jvm.dll+0x2f9f2c]  (no source info available)
V  [jvm.dll+0x705246]  (no source info available)
V  [jvm.dll+0x6fd344]  (no source info available)
V  [jvm.dll+0x6fcb57]  (no source info available)
V  [jvm.dll+0x6fac64]  (no source info available)
V  [jvm.dll+0x1cdcfc]  (no source info available)
V  [jvm.dll+0x24d0ab]  (no source info available)
V  [jvm.dll+0x1cacf0]  (no source info available)
V  [jvm.dll+0x25d312]  (no source info available)
V  [jvm.dll+0x25b5da]  (no source info available)
V  [jvm.dll+0x3fc036]  (no source info available)
V  [jvm.dll+0x875e6b]  (no source info available)
V  [jvm.dll+0x6e8da5]  (no source info available)
C  [ucrtbase.dll+0x21bb2]  (no source info available)
C  [KERNEL32.DLL+0x17374]  (no source info available)
C  [ntdll.dll+0x4cc91]  (no source info available)


---------------  P R O C E S S  ---------------

Threads class SMR info:
_java_thread_list=0x0000028b62562b30, length=18, elements={
0x0000028b5b40af20, 0x0000028b5b40d990, 0x0000028b5b418070, 0x0000028b5b4145d0,
0x0000028b5b415030, 0x0000028b5b412900, 0x0000028b5b432ba0, 0x0000028b5b433650,
0x0000028b5b5cf410, 0x0000028b5b5d26a0, 0x0000028b6013ec00, 0x0000028b60143b30,
0x0000028b601ecc30, 0x0000028b62f79210, 0x0000028b62377ab0, 0x0000028b6243f680,
0x0000028b6243dc40, 0x0000028b6243e960
}

Java Threads: ( => current thread )
  0x0000028b5b40af20 JavaThread "Reference Handler"          daemon [_thread_blocked, id=10124, stack(0x000000d261400000,0x000000d261500000) (1024K)]
  0x0000028b5b40d990 JavaThread "Finalizer"                  daemon [_thread_blocked, id=29360, stack(0x000000d261500000,0x000000d261600000) (1024K)]
  0x0000028b5b418070 JavaThread "Signal Dispatcher"          daemon [_thread_blocked, id=29428, stack(0x000000d261600000,0x000000d261700000) (1024K)]
  0x0000028b5b4145d0 JavaThread "Attach Listener"            daemon [_thread_blocked, id=13660, stack(0x000000d261700000,0x000000d261800000) (1024K)]
  0x0000028b5b415030 JavaThread "Service Thread"             daemon [_thread_blocked, id=7352, stack(0x000000d261800000,0x000000d261900000) (1024K)]
  0x0000028b5b412900 JavaThread "Monitor Deflation Thread"   daemon [_thread_blocked, id=23360, stack(0x000000d261900000,0x000000d261a00000) (1024K)]
=>0x0000028b5b432ba0 JavaThread "C2 CompilerThread0"         daemon [_thread_in_native, id=11040, stack(0x000000d261a00000,0x000000d261b00000) (1024K)]
  0x0000028b5b433650 JavaThread "C1 CompilerThread0"         daemon [_thread_blocked, id=21952, stack(0x000000d261b00000,0x000000d261c00000) (1024K)]
  0x0000028b5b5cf410 JavaThread "Notification Thread"        daemon [_thread_blocked, id=3780, stack(0x000000d261c00000,0x000000d261d00000) (1024K)]
  0x0000028b5b5d26a0 JavaThread "Common-Cleaner"             daemon [_thread_blocked, id=14800, stack(0x000000d261d00000,0x000000d261e00000) (1024K)]
  0x0000028b6013ec00 JavaThread "Java2D Disposer"            daemon [_thread_blocked, id=7368, stack(0x000000d261e00000,0x000000d261f00000) (1024K)]
  0x0000028b60143b30 JavaThread "AWT-Windows"                daemon [_thread_in_native, id=24432, stack(0x000000d262000000,0x000000d262100000) (1024K)]
  0x0000028b601ecc30 JavaThread "mysql-cj-abandoned-connection-cleanup" daemon [_thread_blocked, id=15880, stack(0x000000d262200000,0x000000d262300000) (1024K)]
  0x0000028b62f79210 JavaThread "AWT-Shutdown"                      [_thread_blocked, id=1964, stack(0x000000d262100000,0x000000d262200000) (1024K)]
  0x0000028b62377ab0 JavaThread "AWT-EventQueue-0"                  [_thread_blocked, id=29272, stack(0x000000d262d00000,0x000000d262e00000) (1024K)]
  0x0000028b6243f680 JavaThread "DestroyJavaVM"                     [_thread_blocked, id=14044, stack(0x000000d260c00000,0x000000d260d00000) (1024K)]
  0x0000028b6243dc40 JavaThread "TimerQueue"                 daemon [_thread_blocked, id=8984, stack(0x000000d263100000,0x000000d263200000) (1024K)]
  0x0000028b6243e960 JavaThread "Thread-0"                          [_thread_blocked, id=7376, stack(0x000000d262300000,0x000000d262400000) (1024K)]
Total: 18

Other Threads:
  0x0000028b5b3c8b50 VMThread "VM Thread"                           [id=19004, stack(0x000000d261300000,0x000000d261400000) (1024K)]
  0x0000028b5b324f40 WatcherThread "VM Periodic Task Thread"        [id=29612, stack(0x000000d261200000,0x000000d261300000) (1024K)]
  0x0000028b43407d90 WorkerThread "GC Thread#0"                     [id=27460, stack(0x000000d260d00000,0x000000d260e00000) (1024K)]
  0x0000028b604b03d0 WorkerThread "GC Thread#1"                     [id=13380, stack(0x000000d262400000,0x000000d262500000) (1024K)]
  0x0000028b604b0780 WorkerThread "GC Thread#2"                     [id=3432, stack(0x000000d262500000,0x000000d262600000) (1024K)]
  0x0000028b604b0b30 WorkerThread "GC Thread#3"                     [id=18732, stack(0x000000d262600000,0x000000d262700000) (1024K)]
  0x0000028b60553f40 WorkerThread "GC Thread#4"                     [id=9164, stack(0x000000d262700000,0x000000d262800000) (1024K)]
  0x0000028b604b0ee0 WorkerThread "GC Thread#5"                     [id=11408, stack(0x000000d262800000,0x000000d262900000) (1024K)]
  0x0000028b61acbe30 WorkerThread "GC Thread#6"                     [id=13852, stack(0x000000d262900000,0x000000d262a00000) (1024K)]
  0x0000028b61acc1e0 WorkerThread "GC Thread#7"                     [id=1656, stack(0x000000d262a00000,0x000000d262b00000) (1024K)]
  0x0000028b4341a1f0 ConcurrentGCThread "G1 Main Marker"            [id=25240, stack(0x000000d260e00000,0x000000d260f00000) (1024K)]
  0x0000028b4341b220 WorkerThread "G1 Conc#0"                       [id=3816, stack(0x000000d260f00000,0x000000d261000000) (1024K)]
  0x0000028b6033ab70 WorkerThread "G1 Conc#1"                       [id=14804, stack(0x000000d262b00000,0x000000d262c00000) (1024K)]
  0x0000028b4347e6e0 ConcurrentGCThread "G1 Refine#0"               [id=7104, stack(0x000000d261000000,0x000000d261100000) (1024K)]
  0x0000028b5b1fa380 ConcurrentGCThread "G1 Service"                [id=26844, stack(0x000000d261100000,0x000000d261200000) (1024K)]
Total: 15

Threads with active compile tasks:
C2 CompilerThread0  894263 3256   !   4       sun.awt.PostEventQueue::flush (168 bytes)
Total: 1

VM state: not at safepoint (normal execution)

VM Mutex/Monitor currently owned by a thread: None

Heap address: 0x0000000082000000, size: 2016 MB, Compressed Oops mode: 32-bit

CDS archive(s) not mapped
Compressed class space mapped at: 0x000000000f000000-0x000000004f000000, reserved size: 1073741824
Narrow klass base: 0x0000000000000000, Narrow klass shift: 0, Narrow klass range: 0x4f000000

GC Precious Log:
 CardTable entry size: 512
 Card Set container configuration: InlinePtr #cards 5 size 8 Array Of Cards #cards 12 size 40 Howl #buckets 4 coarsen threshold 1843 Howl Bitmap #cards 512 size 80 coarsen threshold 460 Card regions per heap region 1 cards per card region 2048
 CPUs: 8 total, 8 available
 Memory: 8059M
 Large Page Support: Disabled
 NUMA Support: Disabled
 Compressed Oops: Enabled (32-bit)
 Heap Region Size: 1M
 Heap Min Capacity: 8M
 Heap Initial Capacity: 126M
 Heap Max Capacity: 2016M
 Pre-touch: Disabled
 Parallel Workers: 8
 Concurrent Workers: 2
 Concurrent Refinement Workers: 8
 Periodic GC: Disabled

Heap:
 garbage-first heap   total reserved 2064384K, committed 24576K, used 13871K [0x0000000082000000, 0x0000000100000000)
  region size 1024K, 4 young (4096K), 1 survivors (1024K)
 Metaspace       used 30595K, committed 30848K, reserved 1114112K
  class space    used 3167K, committed 3264K, reserved 1048576K

Heap Regions: E=young(eden), S=young(survivor), O=old, HS=humongous(starts), HC=humongous(continues), CS=collection set, F=free, TAMS=top-at-mark-start, PB=parsable bottom
|   0|0x0000000082000000, 0x0000000082100000, 0x0000000082100000|100%| O|  |TAMS 0x0000000082000000| PB 0x0000000082000000| Untracked |  0
|   1|0x0000000082100000, 0x0000000082100000, 0x0000000082200000|  0%| F|  |TAMS 0x0000000082100000| PB 0x0000000082100000| Untracked |  0
|   2|0x0000000082200000, 0x0000000082300000, 0x0000000082300000|100%|HS|  |TAMS 0x0000000082200000| PB 0x0000000082200000| Complete |  0
|   3|0x0000000082300000, 0x0000000082400000, 0x0000000082400000|100%|HS|  |TAMS 0x0000000082300000| PB 0x0000000082300000| Complete |  0
|   4|0x0000000082400000, 0x0000000082500000, 0x0000000082500000|100%|HC|  |TAMS 0x0000000082400000| PB 0x0000000082400000| Complete |  0
|   5|0x0000000082500000, 0x0000000082600000, 0x0000000082600000|100%|HC|  |TAMS 0x0000000082500000| PB 0x0000000082500000| Complete |  0
|   6|0x0000000082600000, 0x0000000082700000, 0x0000000082700000|100%| O|  |TAMS 0x0000000082600000| PB 0x0000000082600000| Untracked |  0
|   7|0x0000000082700000, 0x00000000827b9538, 0x0000000082800000| 72%| O|  |TAMS 0x0000000082700000| PB 0x0000000082700000| Untracked |  0
|   8|0x0000000082800000, 0x0000000082800000, 0x0000000082900000|  0%| F|  |TAMS 0x0000000082800000| PB 0x0000000082800000| Untracked |  0
|   9|0x0000000082900000, 0x0000000082900000, 0x0000000082a00000|  0%| F|  |TAMS 0x0000000082900000| PB 0x0000000082900000| Untracked |  0
|  10|0x0000000082a00000, 0x0000000082ad29d8, 0x0000000082b00000| 82%| S|CS|TAMS 0x0000000082a00000| PB 0x0000000082a00000| Complete |  0
|  11|0x0000000082b00000, 0x0000000082b00000, 0x0000000082c00000|  0%| F|  |TAMS 0x0000000082b00000| PB 0x0000000082b00000| Untracked |  0
|  12|0x0000000082c00000, 0x0000000082c00000, 0x0000000082d00000|  0%| F|  |TAMS 0x0000000082c00000| PB 0x0000000082c00000| Untracked |  0
|  13|0x0000000082d00000, 0x0000000082d00000, 0x0000000082e00000|  0%| F|  |TAMS 0x0000000082d00000| PB 0x0000000082d00000| Untracked |  0
|  14|0x0000000082e00000, 0x0000000082e00000, 0x0000000082f00000|  0%| F|  |TAMS 0x0000000082e00000| PB 0x0000000082e00000| Untracked |  0
|  15|0x0000000082f00000, 0x0000000082f00000, 0x0000000083000000|  0%| F|  |TAMS 0x0000000082f00000| PB 0x0000000082f00000| Untracked |  0
| 103|0x0000000088700000, 0x0000000088700000, 0x0000000088800000|  0%| F|  |TAMS 0x0000000088700000| PB 0x0000000088700000| Untracked |  0
| 104|0x0000000088800000, 0x00000000888eb738, 0x0000000088900000| 91%| E|  |TAMS 0x0000000088800000| PB 0x0000000088800000| Complete |  0
| 105|0x0000000088900000, 0x0000000088a00000, 0x0000000088a00000|100%| E|CS|TAMS 0x0000000088900000| PB 0x0000000088900000| Complete |  0
| 125|0x0000000089d00000, 0x0000000089e00000, 0x0000000089e00000|100%| E|CS|TAMS 0x0000000089d00000| PB 0x0000000089d00000| Complete |  0
|2012|0x00000000ffc00000, 0x00000000ffd00000, 0x00000000ffd00000|100%| O|  |TAMS 0x00000000ffc00000| PB 0x00000000ffc00000| Untracked |  0
|2013|0x00000000ffd00000, 0x00000000ffe00000, 0x00000000ffe00000|100%| O|  |TAMS 0x00000000ffd00000| PB 0x00000000ffd00000| Untracked |  0
|2014|0x00000000ffe00000, 0x00000000fff00000, 0x00000000fff00000|100%| O|  |TAMS 0x00000000ffe00000| PB 0x00000000ffe00000| Untracked |  0
|2015|0x00000000fff00000, 0x0000000100000000, 0x0000000100000000|100%| O|  |TAMS 0x00000000fff00000| PB 0x00000000fff00000| Untracked |  0

Card table byte_map: [0x0000028b565d0000,0x0000028b569c0000] _byte_map_base: 0x0000028b561c0000

Marking Bits: (CMBitMap*) 0x0000028b434083b0
 Bits: [0x0000028b569c0000, 0x0000028b58940000)

Polling page: 0x0000028b41370000

Metaspace:

Usage:
  Non-class:     26.78 MB used.
      Class:      3.09 MB used.
       Both:     29.88 MB used.

Virtual space:
  Non-class space:       64.00 MB reserved,      26.94 MB ( 42%) committed,  1 nodes.
      Class space:        1.00 GB reserved,       3.19 MB ( <1%) committed,  1 nodes.
             Both:        1.06 GB reserved,      30.12 MB (  3%) committed. 

Chunk freelists:
   Non-Class:  4.90 MB
       Class:  12.70 MB
        Both:  17.60 MB

MaxMetaspaceSize: unlimited
CompressedClassSpaceSize: 1.00 GB
Initial GC threshold: 21.00 MB
Current GC threshold: 35.12 MB
CDS: off
 - commit_granule_bytes: 65536.
 - commit_granule_words: 8192.
 - virtual_space_node_default_size: 8388608.
 - enlarge_chunks_in_place: 1.
 - use_allocation_guard: 0.


Internal statistics:

num_allocs_failed_limit: 3.
num_arena_births: 260.
num_arena_deaths: 0.
num_vsnodes_births: 2.
num_vsnodes_deaths: 0.
num_space_committed: 482.
num_space_uncommitted: 0.
num_chunks_returned_to_freelist: 3.
num_chunks_taken_from_freelist: 545.
num_chunk_merges: 0.
num_chunk_splits: 320.
num_chunks_enlarged: 197.
num_inconsistent_stats: 0.

CodeHeap 'non-profiled nmethods': size=120000Kb used=1194Kb max_used=1194Kb free=118805Kb
 bounds [0x0000028b4e980000, 0x0000028b4ebf0000, 0x0000028b55eb0000]
CodeHeap 'profiled nmethods': size=120000Kb used=6231Kb max_used=6231Kb free=113768Kb
 bounds [0x0000028b46eb0000, 0x0000028b474d0000, 0x0000028b4e3e0000]
CodeHeap 'non-nmethods': size=5760Kb used=1784Kb max_used=1818Kb free=3975Kb
 bounds [0x0000028b4e3e0000, 0x0000028b4e650000, 0x0000028b4e980000]
 total_blobs=4063 nmethods=3255 adapters=711
 compilation: enabled
              stopped_count=0, restarted_count=0
 full_count=0

Compilation events (20 events):
Event: 591.562 Thread 0x0000028b5b433650 nmethod 3246 0x0000028b474c4b90 code [0x0000028b474c4da0, 0x0000028b474c5358]
Event: 607.272 Thread 0x0000028b5b433650 3247   !   3       jdk.internal.ref.PhantomCleanable::isListEmpty (34 bytes)
Event: 607.273 Thread 0x0000028b5b433650 nmethod 3247 0x0000028b474c5510 code [0x0000028b474c56c0, 0x0000028b474c5918]
Event: 607.273 Thread 0x0000028b5b433650 3248       3       jdk.internal.misc.InnocuousThread::eraseThreadLocals (23 bytes)
Event: 607.273 Thread 0x0000028b5b433650 nmethod 3248 0x0000028b474c5a10 code [0x0000028b474c5ba0, 0x0000028b474c5d88]
Event: 616.605 Thread 0x0000028b5b433650 3249       1       jdk.internal.loader.URLClassPath$FileLoader$1::getURL (5 bytes)
Event: 616.605 Thread 0x0000028b5b433650 nmethod 3249 0x0000028b4eaa8790 code [0x0000028b4eaa8920, 0x0000028b4eaa89e8]
Event: 616.729 Thread 0x0000028b5b432ba0 3250       4       jdk.internal.misc.Unsafe::allocateUninitializedArray0 (90 bytes)
Event: 616.732 Thread 0x0000028b5b432ba0 nmethod 3250 0x0000028b4eaa8a90 code [0x0000028b4eaa8c20, 0x0000028b4eaa8dd8]
Event: 641.868 Thread 0x0000028b5b432ba0 3251       4       java.security.AccessController::getContext (23 bytes)
Event: 641.886 Thread 0x0000028b5b432ba0 nmethod 3251 0x0000028b4eaa8e90 code [0x0000028b4eaa90a0, 0x0000028b4eaa97e8]
Event: 662.968 Thread 0x0000028b5b432ba0 3252       4       jdk.internal.misc.Unsafe::putIntOpaque (9 bytes)
Event: 662.968 Thread 0x0000028b5b432ba0 nmethod 3252 0x0000028b4eaa9c90 code [0x0000028b4eaa9e00, 0x0000028b4eaa9e88]
Event: 666.675 Thread 0x0000028b5b432ba0 3253       4       java.util.concurrent.locks.AbstractQueuedSynchronizer$Node::setStatusRelaxed (12 bytes)
Event: 666.675 Thread 0x0000028b5b432ba0 nmethod 3253 0x0000028b4eaa9f90 code [0x0000028b4eaaa100, 0x0000028b4eaaa180]
Event: 727.319 Thread 0x0000028b5b432ba0 3254       4       java.util.concurrent.locks.AbstractQueuedSynchronizer$Node::setPrevRelaxed (12 bytes)
Event: 727.322 Thread 0x0000028b5b432ba0 nmethod 3254 0x0000028b4eaaa290 code [0x0000028b4eaaa400, 0x0000028b4eaaa560]
Event: 727.322 Thread 0x0000028b5b432ba0 3255       4       java.util.concurrent.locks.AbstractQueuedSynchronizer::casTail (13 bytes)
Event: 727.324 Thread 0x0000028b5b432ba0 nmethod 3255 0x0000028b4eaaa610 code [0x0000028b4eaaa780, 0x0000028b4eaaa8f8]
Event: 894.174 Thread 0x0000028b5b432ba0 3256   !   4       sun.awt.PostEventQueue::flush (168 bytes)

GC Heap History (6 events):
Event: 1.206 GC heap before
{Heap before GC invocations=0 (full 0):
 garbage-first heap   total reserved 2064384K, committed 129024K, used 18432K [0x0000000082000000, 0x0000000100000000)
  region size 1024K, 20 young (20480K), 0 survivors (0K)
 Metaspace       used 21286K, committed 21504K, reserved 1114112K
  class space    used 2124K, committed 2240K, reserved 1048576K
}
Event: 1.213 GC heap after
{Heap after GC invocations=1 (full 0):
 garbage-first heap   total reserved 2064384K, committed 129024K, used 4202K [0x0000000082000000, 0x0000000100000000)
  region size 1024K, 3 young (3072K), 3 survivors (3072K)
 Metaspace       used 21286K, committed 21504K, reserved 1114112K
  class space    used 2124K, committed 2240K, reserved 1048576K
}
Event: 4.143 GC heap before
{Heap before GC invocations=2 (full 0):
 garbage-first heap   total reserved 2064384K, committed 17408K, used 15466K [0x0000000082000000, 0x0000000100000000)
  region size 1024K, 14 young (14336K), 3 survivors (3072K)
 Metaspace       used 29202K, committed 29504K, reserved 1114112K
  class space    used 3042K, committed 3200K, reserved 1048576K
}
Event: 4.149 GC heap after
{Heap after GC invocations=3 (full 0):
 garbage-first heap   total reserved 2064384K, committed 24576K, used 8126K [0x0000000082000000, 0x0000000100000000)
  region size 1024K, 3 young (3072K), 3 survivors (3072K)
 Metaspace       used 29202K, committed 29504K, reserved 1114112K
  class space    used 3042K, committed 3200K, reserved 1048576K
}
Event: 7.209 GC heap before
{Heap before GC invocations=3 (full 0):
 garbage-first heap   total reserved 2064384K, committed 24576K, used 17342K [0x0000000082000000, 0x0000000100000000)
  region size 1024K, 9 young (9216K), 3 survivors (3072K)
 Metaspace       used 30230K, committed 30464K, reserved 1114112K
  class space    used 3165K, committed 3264K, reserved 1048576K
}
Event: 7.211 GC heap after
{Heap after GC invocations=4 (full 0):
 garbage-first heap   total reserved 2064384K, committed 24576K, used 11823K [0x0000000082000000, 0x0000000100000000)
  region size 1024K, 1 young (1024K), 1 survivors (1024K)
 Metaspace       used 30230K, committed 30464K, reserved 1114112K
  class space    used 3165K, committed 3264K, reserved 1048576K
}

Dll operation events (11 events):
Event: 0.014 Loaded shared library C:\Users\grism\.p2\pool\plugins\org.eclipse.justj.openjdk.hotspot.jre.full.win32.x86_64_22.0.2.v20240802-1626\jre\bin\java.dll
Event: 0.021 Loaded shared library C:\Users\grism\.p2\pool\plugins\org.eclipse.justj.openjdk.hotspot.jre.full.win32.x86_64_22.0.2.v20240802-1626\jre\bin\zip.dll
Event: 0.137 Loaded shared library C:\Users\grism\.p2\pool\plugins\org.eclipse.justj.openjdk.hotspot.jre.full.win32.x86_64_22.0.2.v20240802-1626\jre\bin\jimage.dll
Event: 0.162 Loaded shared library C:\Users\grism\.p2\pool\plugins\org.eclipse.justj.openjdk.hotspot.jre.full.win32.x86_64_22.0.2.v20240802-1626\jre\bin\zip.dll
Event: 0.194 Loaded shared library C:\Users\grism\.p2\pool\plugins\org.eclipse.justj.openjdk.hotspot.jre.full.win32.x86_64_22.0.2.v20240802-1626\jre\bin\net.dll
Event: 0.197 Loaded shared library C:\Users\grism\.p2\pool\plugins\org.eclipse.justj.openjdk.hotspot.jre.full.win32.x86_64_22.0.2.v20240802-1626\jre\bin\nio.dll
Event: 0.228 Loaded shared library C:\Users\grism\.p2\pool\plugins\org.eclipse.justj.openjdk.hotspot.jre.full.win32.x86_64_22.0.2.v20240802-1626\jre\bin\awt.dll
Event: 0.725 Loaded shared library C:\Users\grism\.p2\pool\plugins\org.eclipse.justj.openjdk.hotspot.jre.full.win32.x86_64_22.0.2.v20240802-1626\jre\bin\extnet.dll
Event: 1.182 Loaded shared library C:\Users\grism\.p2\pool\plugins\org.eclipse.justj.openjdk.hotspot.jre.full.win32.x86_64_22.0.2.v20240802-1626\jre\bin\sunmscapi.dll
Event: 1.501 Loaded shared library C:\Users\grism\.p2\pool\plugins\org.eclipse.justj.openjdk.hotspot.jre.full.win32.x86_64_22.0.2.v20240802-1626\jre\bin\freetype.dll
Event: 1.502 Loaded shared library C:\Users\grism\.p2\pool\plugins\org.eclipse.justj.openjdk.hotspot.jre.full.win32.x86_64_22.0.2.v20240802-1626\jre\bin\fontmanager.dll

Deoptimization events (20 events):
Event: 7.166 Thread 0x0000028b62377ab0 Uncommon trap: trap_request=0xffffff6e fr.pc=0x0000028b4ea5b660 relative=0x00000000000005e0
Event: 7.166 Thread 0x0000028b62377ab0 Uncommon trap: reason=loop_limit_check action=maybe_recompile pc=0x0000028b4ea5b660 method=java.awt.GradientPaintContext.clipFillRaster([IIIIIDDD)V @ 5 c2
Event: 7.166 Thread 0x0000028b62377ab0 DEOPT PACKING pc=0x0000028b4ea5b660 sp=0x000000d262dfd530
Event: 7.166 Thread 0x0000028b62377ab0 DEOPT UNPACKING pc=0x0000028b4e4346a2 sp=0x000000d262dfd4a0 mode 2
Event: 7.169 Thread 0x0000028b62377ab0 DEOPT PACKING pc=0x0000028b4724da5e sp=0x000000d262dfd430
Event: 7.169 Thread 0x0000028b62377ab0 DEOPT UNPACKING pc=0x0000028b4e434e42 sp=0x000000d262dfc7b8 mode 0
Event: 7.183 Thread 0x0000028b62377ab0 DEOPT PACKING pc=0x0000028b472038c3 sp=0x000000d262dfd310
Event: 7.183 Thread 0x0000028b62377ab0 DEOPT UNPACKING pc=0x0000028b4e434e42 sp=0x000000d262dfc7a0 mode 0
Event: 16.029 Thread 0x0000028b62377ab0 DEOPT PACKING pc=0x0000028b4728c6ff sp=0x000000d262dfd5e0
Event: 16.029 Thread 0x0000028b62377ab0 DEOPT UNPACKING pc=0x0000028b4e434e42 sp=0x000000d262dfc9d8 mode 0
Event: 16.030 Thread 0x0000028b62377ab0 DEOPT PACKING pc=0x0000028b47209086 sp=0x000000d262dfd210
Event: 16.030 Thread 0x0000028b62377ab0 DEOPT UNPACKING pc=0x0000028b4e434e42 sp=0x000000d262dfc6c0 mode 0
Event: 16.181 Thread 0x0000028b62377ab0 DEOPT PACKING pc=0x0000028b4728c9a4 sp=0x000000d262dfd470
Event: 16.181 Thread 0x0000028b62377ab0 DEOPT UNPACKING pc=0x0000028b4e434e42 sp=0x000000d262dfc868 mode 0
Event: 18.841 Thread 0x0000028b62377ab0 Uncommon trap: trap_request=0xffffff6e fr.pc=0x0000028b4ea92df0 relative=0x0000000000001fd0
Event: 18.841 Thread 0x0000028b62377ab0 Uncommon trap: reason=loop_limit_check action=maybe_recompile pc=0x0000028b4ea92df0 method=sun.java2d.marlin.Renderer._endRendering(II)V @ 1137 c2
Event: 18.841 Thread 0x0000028b62377ab0 DEOPT PACKING pc=0x0000028b4ea92df0 sp=0x000000d262dfd840
Event: 18.841 Thread 0x0000028b62377ab0 DEOPT UNPACKING pc=0x0000028b4e4346a2 sp=0x000000d262dfd640 mode 2
Event: 18.841 Thread 0x0000028b62377ab0 DEOPT PACKING pc=0x0000028b471f947e sp=0x000000d262dfd410
Event: 18.842 Thread 0x0000028b62377ab0 DEOPT UNPACKING pc=0x0000028b4e434e42 sp=0x000000d262dfc860 mode 0

Classes loaded (20 events):
Event: 7.049 Loading class javax/swing/ButtonGroup
Event: 7.049 Loading class javax/swing/ButtonGroup done
Event: 7.186 Loading class java/awt/geom/Ellipse2D$Float
Event: 7.186 Loading class java/awt/geom/Ellipse2D
Event: 7.186 Loading class java/awt/geom/Ellipse2D done
Event: 7.186 Loading class java/awt/geom/Ellipse2D$Float done
Event: 7.187 Loading class java/awt/geom/EllipseIterator
Event: 7.187 Loading class java/awt/geom/EllipseIterator done
Event: 7.187 Loading class java/awt/geom/Ellipse2D$Double
Event: 7.187 Loading class java/awt/geom/Ellipse2D$Double done
Event: 7.194 Loading class javax/swing/JToggleButton$1
Event: 7.194 Loading class javax/swing/JToggleButton$1 done
Event: 12.582 Loading class sun/awt/DebugSettings
Event: 12.582 Loading class sun/awt/DebugSettings done
Event: 12.582 Loading class javax/swing/JComponent$KeyboardState
Event: 12.582 Loading class javax/swing/JComponent$KeyboardState done
Event: 12.582 Loading class javax/swing/JComponent$IntVector
Event: 12.582 Loading class javax/swing/JComponent$IntVector done
Event: 12.582 Loading class javax/swing/JComponent$ActionStandin
Event: 12.582 Loading class javax/swing/JComponent$ActionStandin done

Classes unloaded (0 events):
No events

Classes redefined (0 events):
No events

Internal exceptions (20 events):
Event: 0.533 Thread 0x0000028b41173e10 Exception <a 'java/lang/NoSuchMethodError'{0x0000000089510840}: 'void java.lang.invoke.DirectMethodHandle$Holder.invokeStatic(java.lang.Object, java.lang.Object)'> (0x0000000089510840) 
thrown [s\src\hotspot\share\interpreter\linkResolver.cpp, line 774]
Event: 0.565 Thread 0x0000028b41173e10 Exception <a 'java/lang/NoSuchMethodError'{0x000000008943a738}: 'java.lang.Object java.lang.invoke.DirectMethodHandle$Holder.invokeInterface(java.lang.Object, java.lang.Object)'> (0x000000008943a738) 
thrown [s\src\hotspot\share\interpreter\linkResolver.cpp, line 774]
Event: 0.594 Thread 0x0000028b41173e10 Exception <a 'java/lang/NoSuchMethodError'{0x00000000894c2cb0}: 'void java.lang.invoke.DirectMethodHandle$Holder.invokeStatic(java.lang.Object, java.lang.Object, java.lang.Object)'> (0x00000000894c2cb0) 
thrown [s\src\hotspot\share\interpreter\linkResolver.cpp, line 774]
Event: 0.595 Thread 0x0000028b41173e10 Exception <a 'java/lang/NoSuchMethodError'{0x00000000894cc068}: 'java.lang.Object java.lang.invoke.DirectMethodHandle$Holder.invokeVirtual(java.lang.Object, java.lang.Object, java.lang.Object)'> (0x00000000894cc068) 
thrown [s\src\hotspot\share\interpreter\linkResolver.cpp, line 774]
Event: 0.856 Thread 0x0000028b41173e10 Exception <a 'java/lang/NoSuchMethodError'{0x0000000088d62138}: 'void java.lang.invoke.DirectMethodHandle$Holder.invokeStaticInit(java.lang.Object, java.lang.Object)'> (0x0000000088d62138) 
thrown [s\src\hotspot\share\interpreter\linkResolver.cpp, line 774]
Event: 1.009 Thread 0x0000028b41173e10 Exception <a 'sun/nio/fs/WindowsException'{0x0000000088c95040}> (0x0000000088c95040) 
thrown [s\src\hotspot\share\prims\jni.cpp, line 520]
Event: 1.115 Thread 0x0000028b41173e10 Exception <a 'java/lang/NoSuchMethodError'{0x0000000088b3a668}: 'java.lang.Object java.lang.invoke.DirectMethodHandle$Holder.invokeStaticInit(java.lang.Object, int, int, int, int)'> (0x0000000088b3a668) 
thrown [s\src\hotspot\share\interpreter\linkResolver.cpp, line 774]
Event: 1.144 Thread 0x0000028b41173e10 Exception <a 'java/lang/NoSuchMethodError'{0x0000000088b85400}: 'java.lang.Object java.lang.invoke.DirectMethodHandle$Holder.invokeStaticInit(java.lang.Object, java.lang.Object, int, int, int, int)'> (0x0000000088b85400) 
thrown [s\src\hotspot\share\interpreter\linkResolver.cpp, line 774]
Event: 1.231 Thread 0x0000028b41173e10 Exception <a 'java/lang/NoSuchMethodError'{0x0000000089d213c0}: 'int java.lang.invoke.DirectMethodHandle$Holder.invokeSpecial(java.lang.Object, java.lang.Object, java.lang.Object)'> (0x0000000089d213c0) 
thrown [s\src\hotspot\share\interpreter\linkResolver.cpp, line 774]
Event: 1.355 Thread 0x0000028b41173e10 Exception <a 'java/lang/NoSuchMethodError'{0x0000000082ccbde0}: 'void java.lang.invoke.DirectMethodHandle$Holder.invokeVirtual(java.lang.Object, java.lang.Object)'> (0x0000000082ccbde0) 
thrown [s\src\hotspot\share\interpreter\linkResolver.cpp, line 774]
Event: 1.436 Thread 0x0000028b41173e10 Exception <a 'java/lang/NoSuchMethodError'{0x0000000082bbeca8}: 'void java.lang.invoke.DirectMethodHandle$Holder.invokeStatic(java.lang.Object, java.lang.Object, java.lang.Object, java.lang.Object)'> (0x0000000082bbeca8) 
thrown [s\src\hotspot\share\interpreter\linkResolver.cpp, line 774]
Event: 1.453 Thread 0x0000028b41173e10 Exception <a 'java/lang/NoSuchMethodError'{0x0000000082a191f0}: 'void java.lang.invoke.DirectMethodHandle$Holder.invokeInterface(java.lang.Object, java.lang.Object, java.lang.Object, java.lang.Object)'> (0x0000000082a191f0) 
thrown [s\src\hotspot\share\interpreter\linkResolver.cpp, line 774]
Event: 1.459 Thread 0x0000028b41173e10 Implicit null exception at 0x0000028b4e9e3894 to 0x0000028b4e9e3f30
Event: 1.459 Thread 0x0000028b41173e10 Implicit null exception at 0x0000028b4e9da990 to 0x0000028b4e9db004
Event: 1.618 Thread 0x0000028b62096740 Exception <a 'java/lang/NoSuchMethodError'{0x00000000828cc050}: 'java.lang.Object java.lang.invoke.DirectMethodHandle$Holder.newInvokeSpecial(java.lang.Object, java.lang.Object, java.lang.Object, int, int, int, int, int)'> (0x00000000828cc050) 
thrown [s\src\hotspot\share\interpreter\linkResolver.cpp, line 774]
Event: 1.645 Thread 0x0000028b41173e10 Exception <a 'java/lang/NoSuchMethodError'{0x0000000082759078}: 'void java.lang.invoke.DirectMethodHandle$Holder.invokeStaticInit(java.lang.Object)'> (0x0000000082759078) 
thrown [s\src\hotspot\share\interpreter\linkResolver.cpp, line 774]
Event: 1.795 Thread 0x0000028b62377ab0 Exception <a 'java/io/FileNotFoundException'{0x00000000825137f0}> (0x00000000825137f0) 
thrown [s\src\hotspot\share\prims\jni.cpp, line 520]
Event: 3.108 Thread 0x0000028b62377ab0 Exception <a 'java/lang/NoSuchMethodError'{0x00000000824f1810}: 'int java.lang.invoke.DirectMethodHandle$Holder.invokeStatic(java.lang.Object)'> (0x00000000824f1810) 
thrown [s\src\hotspot\share\interpreter\linkResolver.cpp, line 774]
Event: 4.359 Thread 0x0000028b62377ab0 Exception <a 'java/io/IOException'{0x00000000889cca50}> (0x00000000889cca50) 
thrown [s\src\hotspot\share\prims\jni.cpp, line 520]
Event: 4.360 Thread 0x0000028b62377ab0 Exception <a 'java/lang/NoSuchMethodError'{0x00000000889d0758}: 'void java.lang.invoke.DirectMethodHandle$Holder.invokeInterface(java.lang.Object, java.lang.Object)'> (0x00000000889d0758) 
thrown [s\src\hotspot\share\interpreter\linkResolver.cpp, line 774]

ZGC Phase Switch (0 events):
No events

VM Operations (20 events):
Event: 21.301 Executing VM operation: Cleanup
Event: 21.301 Executing VM operation: Cleanup done
Event: 46.440 Executing VM operation: Cleanup
Event: 46.440 Executing VM operation: Cleanup done
Event: 60.045 Executing VM operation: HandshakeAllThreads (HandshakeForDeflation)
Event: 60.045 Executing VM operation: HandshakeAllThreads (HandshakeForDeflation) done
Event: 60.045 Executing VM operation: RendezvousGCThreads
Event: 60.045 Executing VM operation: RendezvousGCThreads done
Event: 244.056 Executing VM operation: Cleanup
Event: 244.056 Executing VM operation: Cleanup done
Event: 447.230 Executing VM operation: Cleanup
Event: 447.230 Executing VM operation: Cleanup done
Event: 519.664 Executing VM operation: Cleanup
Event: 519.664 Executing VM operation: Cleanup done
Event: 597.111 Executing VM operation: Cleanup
Event: 597.111 Executing VM operation: Cleanup done
Event: 660.742 Executing VM operation: HandshakeAllThreads (HandshakeForDeflation)
Event: 660.742 Executing VM operation: HandshakeAllThreads (HandshakeForDeflation) done
Event: 660.742 Executing VM operation: RendezvousGCThreads
Event: 660.742 Executing VM operation: RendezvousGCThreads done

Memory protections (0 events):
No events

Nmethod flushes (0 events):
No events

Events (20 events):
Event: 1.518 Thread 0x0000028b6013f270 Thread exited: 0x0000028b6013f270
Event: 1.519 Thread 0x0000028b601ebc30 Thread exited: 0x0000028b601ebc30
Event: 1.555 Thread 0x0000028b41173e10 Thread added: 0x0000028b62096740
Event: 1.625 Thread 0x0000028b60143b30 Thread added: 0x0000028b62f79210
Event: 1.631 Thread 0x0000028b60143b30 Thread added: 0x0000028b62377ab0
Event: 1.714 Thread 0x0000028b41173e10 Thread exited: 0x0000028b41173e10
Event: 1.715 Thread 0x0000028b6243f680 Thread added: 0x0000028b6243f680
Event: 1.858 Thread 0x0000028b62377ab0 Thread added: 0x0000028b6243dc40
Event: 2.354 Thread 0x0000028b61afd6d0 Thread exited: 0x0000028b61afd6d0
Event: 2.358 Thread 0x0000028b602a3ea0 Thread exited: 0x0000028b602a3ea0
Event: 4.328 Thread 0x0000028b62377ab0 Thread added: 0x0000028b6243e960
Event: 7.177 Thread 0x0000028b5b433650 Thread added: 0x0000028b60365340
Event: 7.208 Thread 0x0000028b5b433650 Thread added: 0x0000028b622b2f90
Event: 7.361 Thread 0x0000028b622b2f90 Thread exited: 0x0000028b622b2f90
Event: 7.361 Thread 0x0000028b60365340 Thread exited: 0x0000028b60365340
Event: 9.333 Thread 0x0000028b62096740 Thread exited: 0x0000028b62096740
Event: 16.033 Thread 0x0000028b5b433650 Thread added: 0x0000028b61e2e170
Event: 16.181 Thread 0x0000028b61e2e170 Thread exited: 0x0000028b61e2e170
Event: 18.843 Thread 0x0000028b5b433650 Thread added: 0x0000028b61e2df40
Event: 19.429 Thread 0x0000028b61e2df40 Thread exited: 0x0000028b61e2df40


Dynamic libraries:
0x00007ff63e710000 - 0x00007ff63e71e000 	C:\Users\grism\.p2\pool\plugins\org.eclipse.justj.openjdk.hotspot.jre.full.win32.x86_64_22.0.2.v20240802-1626\jre\bin\javaw.exe
0x00007ffdfdfb0000 - 0x00007ffdfe1a8000 	C:\WINDOWS\SYSTEM32\ntdll.dll
0x00007ffdfc9f0000 - 0x00007ffdfcab2000 	C:\WINDOWS\System32\KERNEL32.DLL
0x00007ffdfbae0000 - 0x00007ffdfbdde000 	C:\WINDOWS\System32\KERNELBASE.dll
0x00007ffdfb920000 - 0x00007ffdfba20000 	C:\WINDOWS\System32\ucrtbase.dll
0x00007ffdf7970000 - 0x00007ffdf7987000 	C:\Users\grism\.p2\pool\plugins\org.eclipse.justj.openjdk.hotspot.jre.full.win32.x86_64_22.0.2.v20240802-1626\jre\bin\jli.dll
0x00007ffdf6730000 - 0x00007ffdf674b000 	C:\Users\grism\.p2\pool\plugins\org.eclipse.justj.openjdk.hotspot.jre.full.win32.x86_64_22.0.2.v20240802-1626\jre\bin\VCRUNTIME140.dll
0x00007ffdfcac0000 - 0x00007ffdfcc5d000 	C:\WINDOWS\System32\USER32.dll
0x00007ffdfbde0000 - 0x00007ffdfbe02000 	C:\WINDOWS\System32\win32u.dll
0x00007ffdfddb0000 - 0x00007ffdfdddb000 	C:\WINDOWS\System32\GDI32.dll
0x00007ffdfbeb0000 - 0x00007ffdfbfc7000 	C:\WINDOWS\System32\gdi32full.dll
0x00007ffde4090000 - 0x00007ffde432a000 	C:\WINDOWS\WinSxS\amd64_microsoft.windows.common-controls_6595b64144ccf1df_6.0.19041.4355_none_60b8b9eb71f62e16\COMCTL32.dll
0x00007ffdfbe10000 - 0x00007ffdfbead000 	C:\WINDOWS\System32\msvcp_win.dll
0x00007ffdfc070000 - 0x00007ffdfc10e000 	C:\WINDOWS\System32\msvcrt.dll
0x00007ffdfc4d0000 - 0x00007ffdfc4ff000 	C:\WINDOWS\System32\IMM32.DLL
0x00007ffdf83d0000 - 0x00007ffdf83dc000 	C:\Users\grism\.p2\pool\plugins\org.eclipse.justj.openjdk.hotspot.jre.full.win32.x86_64_22.0.2.v20240802-1626\jre\bin\vcruntime140_1.dll
0x00007ffde7320000 - 0x00007ffde73ae000 	C:\Users\grism\.p2\pool\plugins\org.eclipse.justj.openjdk.hotspot.jre.full.win32.x86_64_22.0.2.v20240802-1626\jre\bin\msvcp140.dll
0x00007ffd4fbf0000 - 0x00007ffd509b3000 	C:\Users\grism\.p2\pool\plugins\org.eclipse.justj.openjdk.hotspot.jre.full.win32.x86_64_22.0.2.v20240802-1626\jre\bin\server\jvm.dll
0x00007ffdfd100000 - 0x00007ffdfd1b2000 	C:\WINDOWS\System32\ADVAPI32.dll
0x00007ffdfbfd0000 - 0x00007ffdfc070000 	C:\WINDOWS\System32\sechost.dll
0x00007ffdfc3a0000 - 0x00007ffdfc4c3000 	C:\WINDOWS\System32\RPCRT4.dll
0x00007ffdfbab0000 - 0x00007ffdfbad7000 	C:\WINDOWS\System32\bcrypt.dll
0x00007ffdfc980000 - 0x00007ffdfc9eb000 	C:\WINDOWS\System32\WS2_32.dll
0x00007ffdfab90000 - 0x00007ffdfabdb000 	C:\WINDOWS\SYSTEM32\POWRPROF.dll
0x00007ffdf8550000 - 0x00007ffdf855a000 	C:\WINDOWS\SYSTEM32\VERSION.dll
0x00007ffde4330000 - 0x00007ffde4357000 	C:\WINDOWS\SYSTEM32\WINMM.dll
0x00007ffdfaa50000 - 0x00007ffdfaa62000 	C:\WINDOWS\SYSTEM32\UMPDC.dll
0x00007ffdf9e70000 - 0x00007ffdf9e82000 	C:\WINDOWS\SYSTEM32\kernel.appcore.dll
0x00007ffdf5ab0000 - 0x00007ffdf5aba000 	C:\Users\grism\.p2\pool\plugins\org.eclipse.justj.openjdk.hotspot.jre.full.win32.x86_64_22.0.2.v20240802-1626\jre\bin\jimage.dll
0x00007ffdf9240000 - 0x00007ffdf9424000 	C:\WINDOWS\SYSTEM32\DBGHELP.DLL
0x00007ffdec920000 - 0x00007ffdec954000 	C:\WINDOWS\SYSTEM32\dbgcore.DLL
0x00007ffdfba20000 - 0x00007ffdfbaa2000 	C:\WINDOWS\System32\bcryptPrimitives.dll
0x00007ffdeabc0000 - 0x00007ffdeabde000 	C:\Users\grism\.p2\pool\plugins\org.eclipse.justj.openjdk.hotspot.jre.full.win32.x86_64_22.0.2.v20240802-1626\jre\bin\java.dll
0x00007ffdfd640000 - 0x00007ffdfddaf000 	C:\WINDOWS\System32\SHELL32.dll
0x00007ffdfde40000 - 0x00007ffdfdf6b000 	C:\WINDOWS\System32\ole32.dll
0x00007ffdfccc0000 - 0x00007ffdfd013000 	C:\WINDOWS\System32\combase.dll
0x00007ffdea930000 - 0x00007ffdea947000 	C:\Users\grism\.p2\pool\plugins\org.eclipse.justj.openjdk.hotspot.jre.full.win32.x86_64_22.0.2.v20240802-1626\jre\bin\zip.dll
0x00007ffdf96b0000 - 0x00007ffdf9e54000 	C:\WINDOWS\SYSTEM32\windows.storage.dll
0x00007ffdfb080000 - 0x00007ffdfb0ae000 	C:\WINDOWS\SYSTEM32\Wldp.dll
0x00007ffdfc220000 - 0x00007ffdfc2ed000 	C:\WINDOWS\System32\OLEAUT32.dll
0x00007ffdfc2f0000 - 0x00007ffdfc39d000 	C:\WINDOWS\System32\SHCORE.dll
0x00007ffdfd390000 - 0x00007ffdfd3e5000 	C:\WINDOWS\System32\shlwapi.dll
0x00007ffdfb580000 - 0x00007ffdfb5a4000 	C:\WINDOWS\SYSTEM32\profapi.dll
0x00007ffdf5aa0000 - 0x00007ffdf5ab0000 	C:\Users\grism\.p2\pool\plugins\org.eclipse.justj.openjdk.hotspot.jre.full.win32.x86_64_22.0.2.v20240802-1626\jre\bin\net.dll
0x00007ffdfade0000 - 0x00007ffdfae4a000 	C:\WINDOWS\system32\mswsock.dll
0x00007ffdea7a0000 - 0x00007ffdea7b6000 	C:\Users\grism\.p2\pool\plugins\org.eclipse.justj.openjdk.hotspot.jre.full.win32.x86_64_22.0.2.v20240802-1626\jre\bin\nio.dll
0x00007ffde9450000 - 0x00007ffde95dd000 	C:\Users\grism\.p2\pool\plugins\org.eclipse.justj.openjdk.hotspot.jre.full.win32.x86_64_22.0.2.v20240802-1626\jre\bin\awt.dll
0x00007ffdf53d0000 - 0x00007ffdf5464000 	C:\WINDOWS\SYSTEM32\apphelp.dll
0x00007ffdf8ba0000 - 0x00007ffdf8c3e000 	C:\WINDOWS\system32\uxtheme.dll
0x00007ffdfd1c0000 - 0x00007ffdfd2d5000 	C:\WINDOWS\System32\MSCTF.dll
0x00007ffdf8f40000 - 0x00007ffdf8f6f000 	C:\WINDOWS\system32\DWMAPI.DLL
0x00007ffddf450000 - 0x00007ffddf578000 	C:\WINDOWS\system32\opengl32.dll
0x00007ffdf5020000 - 0x00007ffdf504c000 	C:\WINDOWS\SYSTEM32\GLU32.dll
0x00007ffdfaac0000 - 0x00007ffdfab8a000 	C:\WINDOWS\SYSTEM32\DNSAPI.dll
0x00007ffdfaa70000 - 0x00007ffdfaaab000 	C:\WINDOWS\SYSTEM32\IPHLPAPI.DLL
0x00007ffdfc500000 - 0x00007ffdfc508000 	C:\WINDOWS\System32\NSI.dll
0x00007ffdf2280000 - 0x00007ffdf228a000 	C:\Windows\System32\rasadhlp.dll
0x00007ffdf1510000 - 0x00007ffdf1590000 	C:\WINDOWS\System32\fwpuclnt.dll
0x00007ffde6730000 - 0x00007ffde6739000 	C:\Users\grism\.p2\pool\plugins\org.eclipse.justj.openjdk.hotspot.jre.full.win32.x86_64_22.0.2.v20240802-1626\jre\bin\extnet.dll
0x00007ffdfafd0000 - 0x00007ffdfafe8000 	C:\WINDOWS\SYSTEM32\CRYPTSP.dll
0x00007ffdfa690000 - 0x00007ffdfa6c4000 	C:\WINDOWS\system32\rsaenh.dll
0x00007ffdfb500000 - 0x00007ffdfb52e000 	C:\WINDOWS\SYSTEM32\USERENV.dll
0x00007ffdfaff0000 - 0x00007ffdfaffc000 	C:\WINDOWS\SYSTEM32\CRYPTBASE.dll
0x00007ffdec100000 - 0x00007ffdec10e000 	C:\Users\grism\.p2\pool\plugins\org.eclipse.justj.openjdk.hotspot.jre.full.win32.x86_64_22.0.2.v20240802-1626\jre\bin\sunmscapi.dll
0x00007ffdfb7c0000 - 0x00007ffdfb91c000 	C:\WINDOWS\System32\CRYPT32.dll
0x00007ffdfb0f0000 - 0x00007ffdfb117000 	C:\WINDOWS\SYSTEM32\ncrypt.dll
0x00007ffdfb0b0000 - 0x00007ffdfb0eb000 	C:\WINDOWS\SYSTEM32\NTASN1.dll
0x00007ffdf6310000 - 0x00007ffdf6397000 	C:\Users\grism\.p2\pool\plugins\org.eclipse.justj.openjdk.hotspot.jre.full.win32.x86_64_22.0.2.v20240802-1626\jre\bin\freetype.dll
0x00007ffde9370000 - 0x00007ffde9448000 	C:\Users\grism\.p2\pool\plugins\org.eclipse.justj.openjdk.hotspot.jre.full.win32.x86_64_22.0.2.v20240802-1626\jre\bin\fontmanager.dll
0x00007ffdfd2e0000 - 0x00007ffdfd389000 	C:\WINDOWS\System32\clbcatq.dll
0x00007ffdf8950000 - 0x00007ffdf8b06000 	C:\WINDOWS\SYSTEM32\WindowsCodecs.dll
0x00007ffddd810000 - 0x00007ffddd84e000 	C:\WINDOWS\system32\dataexchange.dll
0x00007ffdf4180000 - 0x00007ffdf4364000 	C:\WINDOWS\system32\dcomp.dll
0x00007ffdf75b0000 - 0x00007ffdf7813000 	C:\WINDOWS\system32\d3d11.dll
0x00007ffdf9ee0000 - 0x00007ffdf9fd6000 	C:\WINDOWS\system32\dxgi.dll
0x00007ffdf5810000 - 0x00007ffdf5a13000 	C:\WINDOWS\system32\twinapi.appcore.dll
0x00007ffdf5f30000 - 0x00007ffdf6029000 	C:\WINDOWS\SYSTEM32\textinputframework.dll
0x00007ffdf39c0000 - 0x00007ffdf3d1b000 	C:\WINDOWS\System32\CoreUIComponents.dll
0x00007ffdf4cb0000 - 0x00007ffdf4da2000 	C:\WINDOWS\System32\CoreMessaging.dll
0x00007ffdfa8e0000 - 0x00007ffdfa913000 	C:\WINDOWS\SYSTEM32\ntmarta.dll
0x00007ffdf6750000 - 0x00007ffdf68a7000 	C:\WINDOWS\SYSTEM32\wintypes.dll

dbghelp: loaded successfully - version: 4.0.5 - missing functions: none
symbol engine: initialized successfully - sym options: 0x614 - pdb path: .;C:\Users\grism\.p2\pool\plugins\org.eclipse.justj.openjdk.hotspot.jre.full.win32.x86_64_22.0.2.v20240802-1626\jre\bin;C:\WINDOWS\SYSTEM32;C:\WINDOWS\WinSxS\amd64_microsoft.windows.common-controls_6595b64144ccf1df_6.0.19041.4355_none_60b8b9eb71f62e16;C:\Users\grism\.p2\pool\plugins\org.eclipse.justj.openjdk.hotspot.jre.full.win32.x86_64_22.0.2.v20240802-1626\jre\bin\server

VM Arguments:
jvm_args: -Dfile.encoding=UTF-8 -Dstdout.encoding=UTF-8 -Dstderr.encoding=UTF-8 -XX:+ShowCodeDetailsInExceptionMessages 
java_command: interfaz.Login
java_class_path (initial): D:\Documentos\Universidad\Semestre_5\Taller_de_lenguaje_java\Proyecto\bin;D:\Documentos\Universidad\Semestre_5\Taller_de_lenguaje_java\Proyecto\src\JTattoo-1.6.13.jar;D:\Documentos\Universidad\Semestre_5\Taller_de_lenguaje_java\Proyecto\mysql-connector-j-9.1.0.jar
Launcher Type: SUN_STANDARD

[Global flags]
     intx CICompilerCount                          = 4                                         {product} {ergonomic}
     uint ConcGCThreads                            = 2                                         {product} {ergonomic}
     uint G1ConcRefinementThreads                  = 8                                         {product} {ergonomic}
   size_t G1HeapRegionSize                         = 1048576                                   {product} {ergonomic}
   size_t InitialHeapSize                          = 132120576                                 {product} {ergonomic}
   size_t MarkStackSize                            = 4194304                                   {product} {ergonomic}
   size_t MaxHeapSize                              = 2113929216                                {product} {ergonomic}
   size_t MaxNewSize                               = 1267728384                                {product} {ergonomic}
   size_t MinHeapDeltaBytes                        = 1048576                                   {product} {ergonomic}
   size_t MinHeapSize                              = 8388608                                   {product} {ergonomic}
    uintx NonNMethodCodeHeapSize                   = 5839372                                {pd product} {ergonomic}
    uintx NonProfiledCodeHeapSize                  = 122909434                              {pd product} {ergonomic}
    uintx ProfiledCodeHeapSize                     = 122909434                              {pd product} {ergonomic}
    uintx ReservedCodeCacheSize                    = 251658240                              {pd product} {ergonomic}
     bool SegmentedCodeCache                       = true                                      {product} {ergonomic}
     bool ShowCodeDetailsInExceptionMessages       = true                                   {manageable} {command line}
   size_t SoftMaxHeapSize                          = 2113929216                             {manageable} {ergonomic}
     bool UseCompressedOops                        = true                           {product lp64_product} {ergonomic}
     bool UseG1GC                                  = true                                      {product} {ergonomic}
     bool UseLargePagesIndividualAllocation        = false                                  {pd product} {ergonomic}

Logging:
Log output configuration:
 #0: stdout all=warning uptime,level,tags foldmultilines=false
 #1: stderr all=off uptime,level,tags foldmultilines=false

Environment Variables:
PATH=C:/Users/grism/.p2/pool/plugins/org.eclipse.justj.openjdk.hotspot.jre.full.win32.x86_64_22.0.2.v20240802-1626/jre/bin/server;C:/Users/grism/.p2/pool/plugins/org.eclipse.justj.openjdk.hotspot.jre.full.win32.x86_64_22.0.2.v20240802-1626/jre/bin;C:\Program Files\Common Files\Oracle\Java\javapath;C:\Program Files (x86)\Common Files\Oracle\Java\java8path;C:\Program Files (x86)\Common Files\Oracle\Java\javapath;C:\Windows\system32;C:\Windows;C:\Windows\System32\Wbem;C:\Windows\System32\WindowsPowerShell\v1.0\;C:\Windows\System32\OpenSSH\;C:\Program Files (x86)\NVIDIA Corporation\PhysX\Common;C:\Program Files\NVIDIA Corporation\NVIDIA NvDLISR;C:\WINDOWS\system32;C:\WINDOWS;C:\WINDOWS\System32\Wbem;C:\WINDOWS\System32\WindowsPowerShell\v1.0\;C:\WINDOWS\System32\OpenSSH\;C:\opencv\build\x64\vc15\bin;D:\Programs\MatLab\MatLabInstalado\bin;D:\Programs\CMake\bin;C:\Program Files\CMake\bin;C:\Program Files\Git\cmd;D:\Programs\Python\Scripts\;D:\Programs\Python\;C:\Users\grism\AppData\Local\Microsoft\WindowsApps;C:\Users\grism\AppData\Local\Programs\MiKTeX\miktex\bin\x64\;D:\Programs\bin;D:\Programs\CMake\bin;D:\Programs\VisualStudioCode\Microsoft VS Code\bin;D:\Programs\Anaconda;;C:\WINDOWS\System32;
USERNAME=grism
OS=Windows_NT
PROCESSOR_IDENTIFIER=Intel64 Family 6 Model 165 Stepping 2, GenuineIntel
TMP=C:\Users\grism\AppData\Local\Temp
TEMP=C:\Users\grism\AppData\Local\Temp




Periodic native trim disabled

---------------  S Y S T E M  ---------------

OS:
 Windows 10 , 64 bit Build 19041 (10.0.19041.4957)
OS uptime: 6 days 1:34 hours

CPU: total 8 (initial active 8) (4 cores per cpu, 2 threads per core) family 6 model 165 stepping 2 microcode 0xe2, cx8, cmov, fxsr, ht, mmx, 3dnowpref, sse, sse2, sse3, ssse3, sse4.1, sse4.2, popcnt, lzcnt, tsc, tscinvbit, avx, avx2, aes, erms, clmul, bmi1, bmi2, adx, fma, vzeroupper, clflush, clflushopt, rdtscp, f16c, pku
Processor Information for all 8 processors :
  Max Mhz: 2496, Current Mhz: 2496, Mhz Limit: 2496

Memory: 4k page, system-wide physical 8059M (466M free)
TotalPageFile size 23163M (AvailPageFile size 0M)
current process WorkingSet (physical memory assigned to process): 123M, peak: 135M
current process commit charge ("private bytes"): 146M, peak: 228M

vm_info: OpenJDK 64-Bit Server VM (22.0.2+9) for windows-amd64 JRE (22.0.2+9), built on 2024-07-16T00:00:00Z by "admin" with MS VC++ 17.7 (VS2022)

END.
