#
# There is insufficient memory for the Java Runtime Environment to continue.
# Native memory allocation (malloc) failed to allocate 69536 bytes. Error detail: Chunk::new
# Possible reasons:
#   The system is out of physical RAM or swap space
#   This process is running with CompressedOops enabled, and the Java Heap may be blocking the growth of the native heap
# Possible solutions:
#   Reduce memory load on the system
#   Increase physical memory or swap space
#   Check if swap backing store is full
#   Decrease Java heap size (-Xmx/-Xms)
#
#  Out of Memory Error
#
# 
 Windows 10 , 64 bit Build 19041 (10.0.19041.4957)
Time: Sun Nov 24 20:55:38 2024 Hora estándar Pacífico (México) elapsed time: 30913.300876 seconds (0d 8h 35m 13s)

---------------  T H R E A D  ---------------

Current thread (0x00000184221f1a70):  JavaThread "C2 CompilerThread0" daemon [_thread_in_native, id=21428, stack(0x0000004f16f00000,0x0000004f17000000) (1024K)]


Current CompileTask:
C2:30913300 3158   !   4       java.util.concurrent.locks.AbstractQueuedSynchronizer::tryInitializeHead (66 bytes)

Stack: [0x0000004f16f00000,0x0000004f17000000]
Native frames: (J=compiled Java code, j=interpreted, Vv=VM code, C=native code)
V  [jvm.dll+0x6ea6a9]  (no source info available)
V  [jvm.dll+0x8cdbf3]  (no source info available)
V  [jvm.dll+0x8d001e]  (no source info available)
V  [jvm.dll+0x8d06f3]  (no source info available)
V  [jvm.dll+0x286dc6]  (no source info available)
V  [jvm.dll+0xc3b8f]  (no source info available)
V  [jvm.dll+0xc3deb]  (no source info available)
V  [jvm.dll+0x3c1a3c]  (no source info available)
V  [jvm.dll+0x38e45b]  (no source info available)
V  [jvm.dll+0x38d8ba]  (no source info available)
V  [jvm.dll+0x24dd98]  (no source info available)
V  [jvm.dll+0x24d43f]  (no source info available)
V  [jvm.dll+0x1cacf0]  (no source info available)
V  [jvm.dll+0x25d312]  (no source info available)
V  [jvm.dll+0x25b5da]  (no source info available)
V  [jvm.dll+0x3fc036]  (no source info available)
V  [jvm.dll+0x875e6b]  (no source info available)
V  [jvm.dll+0x6e8da5]  (no source info available)
C  [ucrtbase.dll+0x21bb2]  (no source info available)
C  [KERNEL32.DLL+0x17374]  (no source info available)
C  [ntdll.dll+0x4cc91]  (no source info available)


---------------  P R O C E S S  ---------------

Threads class SMR info:
_java_thread_list=0x0000018428a3f240, length=17, elements={
0x00000184221ccb20, 0x00000184221cd680, 0x00000184221d6d50, 0x00000184221d77b0,
0x00000184221d8210, 0x00000184221d6250, 0x00000184221f1a70, 0x0000018422202ce0,
0x00000184222d83d0, 0x00000184222d7d40, 0x00000184222d8a60, 0x00000184222d76b0,
0x00000184222d90f0, 0x00000184222d6990, 0x00000184222d9780, 0x0000018428fbfc90,
0x0000018428fc0320
}

Java Threads: ( => current thread )
  0x00000184221ccb20 JavaThread "Reference Handler"          daemon [_thread_blocked, id=7568, stack(0x0000004f16900000,0x0000004f16a00000) (1024K)]
  0x00000184221cd680 JavaThread "Finalizer"                  daemon [_thread_blocked, id=648, stack(0x0000004f16a00000,0x0000004f16b00000) (1024K)]
  0x00000184221d6d50 JavaThread "Signal Dispatcher"          daemon [_thread_blocked, id=19112, stack(0x0000004f16b00000,0x0000004f16c00000) (1024K)]
  0x00000184221d77b0 JavaThread "Attach Listener"            daemon [_thread_blocked, id=11804, stack(0x0000004f16c00000,0x0000004f16d00000) (1024K)]
  0x00000184221d8210 JavaThread "Service Thread"             daemon [_thread_blocked, id=17196, stack(0x0000004f16d00000,0x0000004f16e00000) (1024K)]
  0x00000184221d6250 JavaThread "Monitor Deflation Thread"   daemon [_thread_blocked, id=11368, stack(0x0000004f16e00000,0x0000004f16f00000) (1024K)]
=>0x00000184221f1a70 JavaThread "C2 CompilerThread0"         daemon [_thread_in_native, id=21428, stack(0x0000004f16f00000,0x0000004f17000000) (1024K)]
  0x0000018422202ce0 JavaThread "C1 CompilerThread0"         daemon [_thread_blocked, id=19528, stack(0x0000004f17000000,0x0000004f17100000) (1024K)]
  0x00000184222d83d0 JavaThread "Notification Thread"        daemon [_thread_blocked, id=12716, stack(0x0000004f17100000,0x0000004f17200000) (1024K)]
  0x00000184222d7d40 JavaThread "Common-Cleaner"             daemon [_thread_blocked, id=15816, stack(0x0000004f17200000,0x0000004f17300000) (1024K)]
  0x00000184222d8a60 JavaThread "Java2D Disposer"            daemon [_thread_blocked, id=6424, stack(0x0000004f17300000,0x0000004f17400000) (1024K)]
  0x00000184222d76b0 JavaThread "AWT-Shutdown"                      [_thread_blocked, id=15836, stack(0x0000004f17400000,0x0000004f17500000) (1024K)]
  0x00000184222d90f0 JavaThread "AWT-Windows"                daemon [_thread_in_native, id=15504, stack(0x0000004f17500000,0x0000004f17600000) (1024K)]
  0x00000184222d6990 JavaThread "AWT-EventQueue-0"                  [_thread_blocked, id=26780, stack(0x0000004f17600000,0x0000004f17700000) (1024K)]
  0x00000184222d9780 JavaThread "mysql-cj-abandoned-connection-cleanup" daemon [_thread_blocked, id=20040, stack(0x0000004f17700000,0x0000004f17800000) (1024K)]
  0x0000018428fbfc90 JavaThread "DestroyJavaVM"                     [_thread_blocked, id=22380, stack(0x0000004f16100000,0x0000004f16200000) (1024K)]
  0x0000018428fc0320 JavaThread "TimerQueue"                 daemon [_thread_blocked, id=25164, stack(0x0000004f17800000,0x0000004f17900000) (1024K)]
Total: 17

Other Threads:
  0x0000018422134300 VMThread "VM Thread"                           [id=18864, stack(0x0000004f16800000,0x0000004f16900000) (1024K)]
  0x00000184220e3ca0 WatcherThread "VM Periodic Task Thread"        [id=3844, stack(0x0000004f16700000,0x0000004f16800000) (1024K)]
  0x000001840a1c5be0 WorkerThread "GC Thread#0"                     [id=19400, stack(0x0000004f16200000,0x0000004f16300000) (1024K)]
  0x0000018422c3a810 WorkerThread "GC Thread#1"                     [id=3004, stack(0x0000004f17900000,0x0000004f17a00000) (1024K)]
  0x0000018422c27d60 WorkerThread "GC Thread#2"                     [id=22428, stack(0x0000004f17a00000,0x0000004f17b00000) (1024K)]
  0x0000018422c28110 WorkerThread "GC Thread#3"                     [id=18952, stack(0x0000004f17b00000,0x0000004f17c00000) (1024K)]
  0x00000184287965c0 WorkerThread "GC Thread#4"                     [id=6240, stack(0x0000004f17c00000,0x0000004f17d00000) (1024K)]
  0x0000018422bfc7d0 WorkerThread "GC Thread#5"                     [id=10544, stack(0x0000004f17d00000,0x0000004f17e00000) (1024K)]
  0x0000018428792d00 WorkerThread "GC Thread#6"                     [id=20408, stack(0x0000004f17e00000,0x0000004f17f00000) (1024K)]
  0x00000184287930b0 WorkerThread "GC Thread#7"                     [id=1296, stack(0x0000004f17f00000,0x0000004f18000000) (1024K)]
  0x000001840a1d78a0 ConcurrentGCThread "G1 Main Marker"            [id=12592, stack(0x0000004f16300000,0x0000004f16400000) (1024K)]
  0x000001840a1d8a60 WorkerThread "G1 Conc#0"                       [id=8528, stack(0x0000004f16400000,0x0000004f16500000) (1024K)]
  0x0000018422ba1b60 WorkerThread "G1 Conc#1"                       [id=28544, stack(0x0000004f18000000,0x0000004f18100000) (1024K)]
  0x000001840a23e7e0 ConcurrentGCThread "G1 Refine#0"               [id=17792, stack(0x0000004f16500000,0x0000004f16600000) (1024K)]
  0x0000018421fb64e0 ConcurrentGCThread "G1 Service"                [id=10996, stack(0x0000004f16600000,0x0000004f16700000) (1024K)]
Total: 15

Threads with active compile tasks:
C2 CompilerThread0  30913352 3158   !   4       java.util.concurrent.locks.AbstractQueuedSynchronizer::tryInitializeHead (66 bytes)
Total: 1

VM state: not at safepoint (normal execution)

VM Mutex/Monitor currently owned by a thread: None

Heap address: 0x0000000082000000, size: 2016 MB, Compressed Oops mode: 32-bit

CDS archive(s) not mapped
Compressed class space mapped at: 0x0000000037000000-0x0000000077000000, reserved size: 1073741824
Narrow klass base: 0x0000000000000000, Narrow klass shift: 0, Narrow klass range: 0x77000000

GC Precious Log:
 CardTable entry size: 512
 Card Set container configuration: InlinePtr #cards 5 size 8 Array Of Cards #cards 12 size 40 Howl #buckets 4 coarsen threshold 1843 Howl Bitmap #cards 512 size 80 coarsen threshold 460 Card regions per heap region 1 cards per card region 2048
 CPUs: 8 total, 8 available
 Memory: 8059M
 Large Page Support: Disabled
 NUMA Support: Disabled
 Compressed Oops: Enabled (32-bit)
 Heap Region Size: 1M
 Heap Min Capacity: 8M
 Heap Initial Capacity: 126M
 Heap Max Capacity: 2016M
 Pre-touch: Disabled
 Parallel Workers: 8
 Concurrent Workers: 2
 Concurrent Refinement Workers: 8
 Periodic GC: Disabled

Heap:
 garbage-first heap   total reserved 2064384K, committed 24576K, used 13684K [0x0000000082000000, 0x0000000100000000)
  region size 1024K, 3 young (3072K), 1 survivors (1024K)
 Metaspace       used 31054K, committed 31360K, reserved 1114112K
  class space    used 3265K, committed 3392K, reserved 1048576K

Heap Regions: E=young(eden), S=young(survivor), O=old, HS=humongous(starts), HC=humongous(continues), CS=collection set, F=free, TAMS=top-at-mark-start, PB=parsable bottom
|   0|0x0000000082000000, 0x0000000082100000, 0x0000000082100000|100%| O|  |TAMS 0x0000000082000000| PB 0x0000000082000000| Untracked |  0
|   1|0x0000000082100000, 0x0000000082100000, 0x0000000082200000|  0%| F|  |TAMS 0x0000000082100000| PB 0x0000000082100000| Untracked |  0
|   2|0x0000000082200000, 0x0000000082300000, 0x0000000082300000|100%|HS|  |TAMS 0x0000000082200000| PB 0x0000000082200000| Complete |  0
|   3|0x0000000082300000, 0x0000000082400000, 0x0000000082400000|100%|HS|  |TAMS 0x0000000082300000| PB 0x0000000082300000| Complete |  1
|   4|0x0000000082400000, 0x0000000082500000, 0x0000000082500000|100%|HC|  |TAMS 0x0000000082400000| PB 0x0000000082400000| Complete |  0
|   5|0x0000000082500000, 0x0000000082600000, 0x0000000082600000|100%|HC|  |TAMS 0x0000000082500000| PB 0x0000000082500000| Complete |  0
|   6|0x0000000082600000, 0x0000000082700000, 0x0000000082700000|100%|HC|  |TAMS 0x0000000082600000| PB 0x0000000082600000| Complete |  0
|   7|0x0000000082700000, 0x0000000082800000, 0x0000000082800000|100%| O|  |TAMS 0x0000000082700000| PB 0x0000000082700000| Untracked |  0
|   8|0x0000000082800000, 0x0000000082898480, 0x0000000082900000| 59%| O|  |TAMS 0x0000000082800000| PB 0x0000000082800000| Untracked |  0
|   9|0x0000000082900000, 0x0000000082900000, 0x0000000082a00000|  0%| F|  |TAMS 0x0000000082900000| PB 0x0000000082900000| Untracked |  0
|  10|0x0000000082a00000, 0x0000000082ac4ea0, 0x0000000082b00000| 76%| S|CS|TAMS 0x0000000082a00000| PB 0x0000000082a00000| Complete |  0
|  11|0x0000000082b00000, 0x0000000082b00000, 0x0000000082c00000|  0%| F|  |TAMS 0x0000000082b00000| PB 0x0000000082b00000| Untracked |  0
|  12|0x0000000082c00000, 0x0000000082c00000, 0x0000000082d00000|  0%| F|  |TAMS 0x0000000082c00000| PB 0x0000000082c00000| Untracked |  0
|  13|0x0000000082d00000, 0x0000000082d00000, 0x0000000082e00000|  0%| F|  |TAMS 0x0000000082d00000| PB 0x0000000082d00000| Untracked |  0
|  14|0x0000000082e00000, 0x0000000082e00000, 0x0000000082f00000|  0%| F|  |TAMS 0x0000000082e00000| PB 0x0000000082e00000| Untracked |  0
|  15|0x0000000082f00000, 0x0000000082f00000, 0x0000000083000000|  0%| F|  |TAMS 0x0000000082f00000| PB 0x0000000082f00000| Untracked |  0
| 103|0x0000000088700000, 0x0000000088700000, 0x0000000088800000|  0%| F|  |TAMS 0x0000000088700000| PB 0x0000000088700000| Untracked |  0
| 104|0x0000000088800000, 0x0000000088800000, 0x0000000088900000|  0%| F|  |TAMS 0x0000000088800000| PB 0x0000000088800000| Untracked |  0
| 105|0x0000000088900000, 0x00000000889e47d0, 0x0000000088a00000| 89%| E|  |TAMS 0x0000000088900000| PB 0x0000000088900000| Complete |  0
| 125|0x0000000089d00000, 0x0000000089e00000, 0x0000000089e00000|100%| E|CS|TAMS 0x0000000089d00000| PB 0x0000000089d00000| Complete |  0
|2012|0x00000000ffc00000, 0x00000000ffd00000, 0x00000000ffd00000|100%| O|  |TAMS 0x00000000ffc00000| PB 0x00000000ffc00000| Untracked |  0
|2013|0x00000000ffd00000, 0x00000000ffe00000, 0x00000000ffe00000|100%| O|  |TAMS 0x00000000ffd00000| PB 0x00000000ffd00000| Untracked |  0
|2014|0x00000000ffe00000, 0x00000000fff00000, 0x00000000fff00000|100%| O|  |TAMS 0x00000000ffe00000| PB 0x00000000ffe00000| Untracked |  0
|2015|0x00000000fff00000, 0x0000000100000000, 0x0000000100000000|100%| O|  |TAMS 0x00000000fff00000| PB 0x00000000fff00000| Untracked |  0

Card table byte_map: [0x000001841d390000,0x000001841d780000] _byte_map_base: 0x000001841cf80000

Marking Bits: (CMBitMap*) 0x000001840a1c6200
 Bits: [0x000001841d780000, 0x000001841f700000)

Polling page: 0x0000018409940000

Metaspace:

Usage:
  Non-class:     27.14 MB used.
      Class:      3.19 MB used.
       Both:     30.33 MB used.

Virtual space:
  Non-class space:       64.00 MB reserved,      27.31 MB ( 43%) committed,  1 nodes.
      Class space:        1.00 GB reserved,       3.31 MB ( <1%) committed,  1 nodes.
             Both:        1.06 GB reserved,      30.62 MB (  3%) committed. 

Chunk freelists:
   Non-Class:  4.42 MB
       Class:  12.69 MB
        Both:  17.11 MB

MaxMetaspaceSize: unlimited
CompressedClassSpaceSize: 1.00 GB
Initial GC threshold: 21.00 MB
Current GC threshold: 35.12 MB
CDS: off
 - commit_granule_bytes: 65536.
 - commit_granule_words: 8192.
 - virtual_space_node_default_size: 8388608.
 - enlarge_chunks_in_place: 1.
 - use_allocation_guard: 0.


Internal statistics:

num_allocs_failed_limit: 3.
num_arena_births: 220.
num_arena_deaths: 0.
num_vsnodes_births: 2.
num_vsnodes_deaths: 0.
num_space_committed: 490.
num_space_uncommitted: 0.
num_chunks_returned_to_freelist: 3.
num_chunks_taken_from_freelist: 512.
num_chunk_merges: 0.
num_chunk_splits: 293.
num_chunks_enlarged: 172.
num_inconsistent_stats: 0.

CodeHeap 'non-profiled nmethods': size=120000Kb used=1189Kb max_used=1189Kb free=118811Kb
 bounds [0x0000018415740000, 0x00000184159b0000, 0x000001841cc70000]
CodeHeap 'profiled nmethods': size=120000Kb used=6084Kb max_used=6084Kb free=113916Kb
 bounds [0x000001840dc70000, 0x000001840e270000, 0x00000184151a0000]
CodeHeap 'non-nmethods': size=5760Kb used=1778Kb max_used=1814Kb free=3981Kb
 bounds [0x00000184151a0000, 0x0000018415410000, 0x0000018415740000]
 total_blobs=3957 nmethods=3157 adapters=703
 compilation: enabled
              stopped_count=0, restarted_count=0
 full_count=0

Compilation events (20 events):
Event: 18536.443 Thread 0x00000184221f1a70 nmethod 3148 0x0000018415864b90 code [0x0000018415864d20, 0x0000018415864df0]
Event: 20279.544 Thread 0x00000184221f1a70 3149       4       java.util.concurrent.locks.LockSupport::setBlocker (12 bytes)
Event: 20279.557 Thread 0x00000184221f1a70 nmethod 3149 0x0000018415864e90 code [0x0000018415865000, 0x0000018415865150]
Event: 20459.826 Thread 0x00000184221f1a70 3150       4       java.lang.String::regionMatches (150 bytes)
Event: 20459.850 Thread 0x00000184221f1a70 nmethod 3150 0x0000018415865190 code [0x0000018415865340, 0x00000184158657a8]
Event: 22558.475 Thread 0x00000184221f1a70 3151       4       java.lang.ClassLoader::getResource (41 bytes)
Event: 22558.493 Thread 0x00000184221f1a70 nmethod 3151 0x0000018415865a10 code [0x0000018415865c00, 0x0000018415865e88]
Event: 27411.947 Thread 0x00000184221f1a70 3152       4       java.util.concurrent.locks.AbstractQueuedSynchronizer$Node::getAndUnsetStatus (14 bytes)
Event: 27411.970 Thread 0x00000184221f1a70 nmethod 3152 0x0000018415866110 code [0x0000018415866280, 0x0000018415866340]
Event: 28531.527 Thread 0x00000184221f1a70 3153       4       sun.awt.AWTAutoShutdown::notifyToolkitThreadBusy (8 bytes)
Event: 28531.546 Thread 0x00000184221f1a70 nmethod 3153 0x0000018415866410 code [0x00000184158665c0, 0x0000018415866a70]
Event: 28531.546 Thread 0x00000184221f1a70 3154       4       sun.awt.AWTAutoShutdown::notifyToolkitThreadFree (8 bytes)
Event: 28531.549 Thread 0x00000184221f1a70 nmethod 3154 0x0000018415866d10 code [0x0000018415866ec0, 0x0000018415867328]
Event: 29020.536 Thread 0x00000184221f1a70 3155       4       java.util.concurrent.locks.ReentrantLock$NonfairSync::tryAcquire (27 bytes)
Event: 29020.551 Thread 0x00000184221f1a70 nmethod 3155 0x0000018415867590 code [0x0000018415867700, 0x0000018415867898]
Event: 30707.866 Thread 0x00000184221f1a70 3156   !   4       java.util.concurrent.locks.AbstractQueuedSynchronizer::acquire (424 bytes)
Event: 30707.906 Thread 0x00000184221f1a70 nmethod 3156 0x0000018415867910 code [0x0000018415867b40, 0x0000018415868ad0]
Event: 30863.138 Thread 0x00000184221f1a70 3157       4       java.util.concurrent.locks.AbstractQueuedSynchronizer$Node::clearStatus (12 bytes)
Event: 30863.140 Thread 0x00000184221f1a70 nmethod 3157 0x0000018415869110 code [0x0000018415869280, 0x0000018415869300]
Event: 30913.220 Thread 0x00000184221f1a70 3158   !   4       java.util.concurrent.locks.AbstractQueuedSynchronizer::tryInitializeHead (66 bytes)

GC Heap History (6 events):
Event: 0.786 GC heap before
{Heap before GC invocations=0 (full 0):
 garbage-first heap   total reserved 2064384K, committed 129024K, used 18432K [0x0000000082000000, 0x0000000100000000)
  region size 1024K, 20 young (20480K), 0 survivors (0K)
 Metaspace       used 21289K, committed 21504K, reserved 1114112K
  class space    used 2127K, committed 2240K, reserved 1048576K
}
Event: 0.792 GC heap after
{Heap after GC invocations=1 (full 0):
 garbage-first heap   total reserved 2064384K, committed 129024K, used 4234K [0x0000000082000000, 0x0000000100000000)
  region size 1024K, 3 young (3072K), 3 survivors (3072K)
 Metaspace       used 21289K, committed 21504K, reserved 1114112K
  class space    used 2127K, committed 2240K, reserved 1048576K
}
Event: 9.667 GC heap before
{Heap before GC invocations=2 (full 0):
 garbage-first heap   total reserved 2064384K, committed 17408K, used 15498K [0x0000000082000000, 0x0000000100000000)
  region size 1024K, 14 young (14336K), 3 survivors (3072K)
 Metaspace       used 29432K, committed 29696K, reserved 1114112K
  class space    used 3067K, committed 3200K, reserved 1048576K
}
Event: 9.672 GC heap after
{Heap after GC invocations=3 (full 0):
 garbage-first heap   total reserved 2064384K, committed 24576K, used 7915K [0x0000000082000000, 0x0000000100000000)
  region size 1024K, 3 young (3072K), 3 survivors (3072K)
 Metaspace       used 29432K, committed 29696K, reserved 1114112K
  class space    used 3067K, committed 3200K, reserved 1048576K
}
Event: 18.726 GC heap before
{Heap before GC invocations=3 (full 0):
 garbage-first heap   total reserved 2064384K, committed 24576K, used 18155K [0x0000000082000000, 0x0000000100000000)
  region size 1024K, 9 young (9216K), 3 survivors (3072K)
 Metaspace       used 30955K, committed 31232K, reserved 1114112K
  class space    used 3263K, committed 3392K, reserved 1048576K
}
Event: 18.729 GC heap after
{Heap after GC invocations=4 (full 0):
 garbage-first heap   total reserved 2064384K, committed 24576K, used 12660K [0x0000000082000000, 0x0000000100000000)
  region size 1024K, 1 young (1024K), 1 survivors (1024K)
 Metaspace       used 30955K, committed 31232K, reserved 1114112K
  class space    used 3263K, committed 3392K, reserved 1048576K
}

Dll operation events (11 events):
Event: 0.010 Loaded shared library C:\Users\grism\.p2\pool\plugins\org.eclipse.justj.openjdk.hotspot.jre.full.win32.x86_64_22.0.2.v20240802-1626\jre\bin\java.dll
Event: 0.016 Loaded shared library C:\Users\grism\.p2\pool\plugins\org.eclipse.justj.openjdk.hotspot.jre.full.win32.x86_64_22.0.2.v20240802-1626\jre\bin\zip.dll
Event: 0.112 Loaded shared library C:\Users\grism\.p2\pool\plugins\org.eclipse.justj.openjdk.hotspot.jre.full.win32.x86_64_22.0.2.v20240802-1626\jre\bin\jimage.dll
Event: 0.130 Loaded shared library C:\Users\grism\.p2\pool\plugins\org.eclipse.justj.openjdk.hotspot.jre.full.win32.x86_64_22.0.2.v20240802-1626\jre\bin\zip.dll
Event: 0.153 Loaded shared library C:\Users\grism\.p2\pool\plugins\org.eclipse.justj.openjdk.hotspot.jre.full.win32.x86_64_22.0.2.v20240802-1626\jre\bin\net.dll
Event: 0.155 Loaded shared library C:\Users\grism\.p2\pool\plugins\org.eclipse.justj.openjdk.hotspot.jre.full.win32.x86_64_22.0.2.v20240802-1626\jre\bin\nio.dll
Event: 0.180 Loaded shared library C:\Users\grism\.p2\pool\plugins\org.eclipse.justj.openjdk.hotspot.jre.full.win32.x86_64_22.0.2.v20240802-1626\jre\bin\awt.dll
Event: 0.534 Loaded shared library C:\Users\grism\.p2\pool\plugins\org.eclipse.justj.openjdk.hotspot.jre.full.win32.x86_64_22.0.2.v20240802-1626\jre\bin\extnet.dll
Event: 0.772 Loaded shared library C:\Users\grism\.p2\pool\plugins\org.eclipse.justj.openjdk.hotspot.jre.full.win32.x86_64_22.0.2.v20240802-1626\jre\bin\sunmscapi.dll
Event: 1.097 Loaded shared library C:\Users\grism\.p2\pool\plugins\org.eclipse.justj.openjdk.hotspot.jre.full.win32.x86_64_22.0.2.v20240802-1626\jre\bin\freetype.dll
Event: 1.099 Loaded shared library C:\Users\grism\.p2\pool\plugins\org.eclipse.justj.openjdk.hotspot.jre.full.win32.x86_64_22.0.2.v20240802-1626\jre\bin\fontmanager.dll

Deoptimization events (20 events):
Event: 10.951 Thread 0x00000184222d6990 DEOPT PACKING pc=0x0000018415811d94 sp=0x0000004f176fcfc0
Event: 10.951 Thread 0x00000184222d6990 DEOPT UNPACKING pc=0x00000184151f46a2 sp=0x0000004f176fcf30 mode 2
Event: 14.932 Thread 0x00000184222d6990 DEOPT PACKING pc=0x000001840dfc0c7e sp=0x0000004f176fd540
Event: 14.932 Thread 0x00000184222d6990 DEOPT UNPACKING pc=0x00000184151f4e42 sp=0x0000004f176fc990 mode 0
Event: 15.024 Thread 0x00000184222d6990 DEOPT PACKING pc=0x000001840e10287f sp=0x0000004f176fd740
Event: 15.024 Thread 0x00000184222d6990 DEOPT UNPACKING pc=0x00000184151f4e42 sp=0x0000004f176fcb38 mode 0
Event: 15.644 Thread 0x00000184222d6990 Uncommon trap: trap_request=0xffffff6e fr.pc=0x00000184158420a8 relative=0x0000000000002168
Event: 15.644 Thread 0x00000184222d6990 Uncommon trap: reason=loop_limit_check action=maybe_recompile pc=0x00000184158420a8 method=sun.java2d.marlin.Renderer._endRendering(II)V @ 1137 c2
Event: 15.644 Thread 0x00000184222d6990 DEOPT PACKING pc=0x00000184158420a8 sp=0x0000004f176fd790
Event: 15.644 Thread 0x00000184222d6990 DEOPT UNPACKING pc=0x00000184151f46a2 sp=0x0000004f176fd5b0 mode 2
Event: 15.644 Thread 0x00000184222d6990 Uncommon trap: trap_request=0xffffff6e fr.pc=0x000001841582e538 relative=0x0000000000003018
Event: 15.644 Thread 0x00000184222d6990 Uncommon trap: reason=loop_limit_check action=maybe_recompile pc=0x000001841582e538 method=sun.java2d.marlin.Renderer._endRendering(II)V @ 1137 c2
Event: 15.644 Thread 0x00000184222d6990 DEOPT PACKING pc=0x000001841582e538 sp=0x0000004f176fd6b0
Event: 15.644 Thread 0x00000184222d6990 DEOPT UNPACKING pc=0x00000184151f46a2 sp=0x0000004f176fd5b0 mode 2
Event: 15.727 Thread 0x00000184222d6990 DEOPT PACKING pc=0x000001840e02f106 sp=0x0000004f176fd3b0
Event: 15.727 Thread 0x00000184222d6990 DEOPT UNPACKING pc=0x00000184151f4e42 sp=0x0000004f176fc860 mode 0
Event: 16.256 Thread 0x00000184222d6990 DEOPT PACKING pc=0x000001840e1a8210 sp=0x0000004f176fd830
Event: 16.256 Thread 0x00000184222d6990 DEOPT UNPACKING pc=0x00000184151f4e42 sp=0x0000004f176fcbe0 mode 0
Event: 16.260 Thread 0x00000184222d6990 DEOPT PACKING pc=0x000001840e087b4b sp=0x0000004f176fd7d0
Event: 16.260 Thread 0x00000184222d6990 DEOPT UNPACKING pc=0x00000184151f4e42 sp=0x0000004f176fcc80 mode 0

Classes loaded (20 events):
Event: 10.967 Loading class sun/awt/image/ByteComponentRaster done
Event: 10.967 Loading class sun/awt/image/ByteInterleavedRaster done
Event: 10.968 Loading class sun/awt/image/BytePackedRaster
Event: 10.969 Loading class sun/awt/image/BytePackedRaster done
Event: 10.983 Loading class javax/swing/event/AncestorEvent
Event: 10.984 Loading class javax/swing/event/AncestorEvent done
Event: 11.670 Loading class javax/swing/event/ListSelectionEvent
Event: 11.670 Loading class javax/swing/event/ListSelectionEvent done
Event: 14.153 Loading class javax/swing/event/CaretListener
Event: 14.153 Loading class javax/swing/event/CaretListener done
Event: 14.153 Loading class javax/swing/event/ListDataEvent
Event: 14.153 Loading class javax/swing/event/ListDataEvent done
Event: 15.835 Loading class java/lang/Throwable$WrappedPrintStream
Event: 15.835 Loading class java/lang/Throwable$PrintStreamOrWriter
Event: 15.835 Loading class java/lang/Throwable$PrintStreamOrWriter done
Event: 15.835 Loading class java/lang/Throwable$WrappedPrintStream done
Event: 5523.790 Loading class java/awt/desktop/SystemSleepListener
Event: 5523.802 Loading class java/awt/desktop/SystemEventListener
Event: 5523.807 Loading class java/awt/desktop/SystemEventListener done
Event: 5523.808 Loading class java/awt/desktop/SystemSleepListener done

Classes unloaded (0 events):
No events

Classes redefined (0 events):
No events

Internal exceptions (20 events):
Event: 0.396 Thread 0x0000018407f61500 Exception <a 'java/lang/NoSuchMethodError'{0x0000000089510698}: 'void java.lang.invoke.DirectMethodHandle$Holder.invokeStatic(java.lang.Object, java.lang.Object)'> (0x0000000089510698) 
thrown [s\src\hotspot\share\interpreter\linkResolver.cpp, line 774]
Event: 0.422 Thread 0x0000018407f61500 Exception <a 'java/lang/NoSuchMethodError'{0x000000008943a738}: 'java.lang.Object java.lang.invoke.DirectMethodHandle$Holder.invokeInterface(java.lang.Object, java.lang.Object)'> (0x000000008943a738) 
thrown [s\src\hotspot\share\interpreter\linkResolver.cpp, line 774]
Event: 0.444 Thread 0x0000018407f61500 Exception <a 'java/lang/NoSuchMethodError'{0x00000000894c2df8}: 'void java.lang.invoke.DirectMethodHandle$Holder.invokeStatic(java.lang.Object, java.lang.Object, java.lang.Object)'> (0x00000000894c2df8) 
thrown [s\src\hotspot\share\interpreter\linkResolver.cpp, line 774]
Event: 0.445 Thread 0x0000018407f61500 Exception <a 'java/lang/NoSuchMethodError'{0x00000000894cc1b0}: 'java.lang.Object java.lang.invoke.DirectMethodHandle$Holder.invokeVirtual(java.lang.Object, java.lang.Object, java.lang.Object)'> (0x00000000894cc1b0) 
thrown [s\src\hotspot\share\interpreter\linkResolver.cpp, line 774]
Event: 0.627 Thread 0x0000018407f61500 Exception <a 'java/lang/NoSuchMethodError'{0x0000000088d604e0}: 'void java.lang.invoke.DirectMethodHandle$Holder.invokeStaticInit(java.lang.Object, java.lang.Object)'> (0x0000000088d604e0) 
thrown [s\src\hotspot\share\interpreter\linkResolver.cpp, line 774]
Event: 0.692 Thread 0x0000018407f61500 Exception <a 'sun/nio/fs/WindowsException'{0x0000000088c934b0}> (0x0000000088c934b0) 
thrown [s\src\hotspot\share\prims\jni.cpp, line 520]
Event: 0.731 Thread 0x0000018407f61500 Exception <a 'java/lang/NoSuchMethodError'{0x0000000088b38ab8}: 'java.lang.Object java.lang.invoke.DirectMethodHandle$Holder.invokeStaticInit(java.lang.Object, int, int, int, int)'> (0x0000000088b38ab8) 
thrown [s\src\hotspot\share\interpreter\linkResolver.cpp, line 774]
Event: 0.750 Thread 0x0000018407f61500 Exception <a 'java/lang/NoSuchMethodError'{0x0000000088b7f040}: 'java.lang.Object java.lang.invoke.DirectMethodHandle$Holder.invokeStaticInit(java.lang.Object, java.lang.Object, int, int, int, int)'> (0x0000000088b7f040) 
thrown [s\src\hotspot\share\interpreter\linkResolver.cpp, line 774]
Event: 0.803 Thread 0x0000018407f61500 Exception <a 'java/lang/NoSuchMethodError'{0x0000000089d209b0}: 'int java.lang.invoke.DirectMethodHandle$Holder.invokeSpecial(java.lang.Object, java.lang.Object, java.lang.Object)'> (0x0000000089d209b0) 
thrown [s\src\hotspot\share\interpreter\linkResolver.cpp, line 774]
Event: 0.895 Thread 0x0000018407f61500 Exception <a 'java/lang/NoSuchMethodError'{0x0000000082ccb2d0}: 'void java.lang.invoke.DirectMethodHandle$Holder.invokeVirtual(java.lang.Object, java.lang.Object)'> (0x0000000082ccb2d0) 
thrown [s\src\hotspot\share\interpreter\linkResolver.cpp, line 774]
Event: 0.945 Thread 0x0000018407f61500 Exception <a 'java/lang/NoSuchMethodError'{0x0000000082bbe0f0}: 'void java.lang.invoke.DirectMethodHandle$Holder.invokeStatic(java.lang.Object, java.lang.Object, java.lang.Object, java.lang.Object)'> (0x0000000082bbe0f0) 
thrown [s\src\hotspot\share\interpreter\linkResolver.cpp, line 774]
Event: 0.957 Thread 0x0000018407f61500 Exception <a 'java/lang/NoSuchMethodError'{0x0000000082a184a0}: 'void java.lang.invoke.DirectMethodHandle$Holder.invokeInterface(java.lang.Object, java.lang.Object, java.lang.Object, java.lang.Object)'> (0x0000000082a184a0) 
thrown [s\src\hotspot\share\interpreter\linkResolver.cpp, line 774]
Event: 0.961 Thread 0x0000018407f61500 Implicit null exception at 0x00000184157a3d14 to 0x00000184157a43b0
Event: 0.961 Thread 0x0000018407f61500 Implicit null exception at 0x000001841579af10 to 0x000001841579b584
Event: 1.067 Thread 0x00000184222d7020 Exception <a 'java/lang/NoSuchMethodError'{0x0000000082857bf8}: 'java.lang.Object java.lang.invoke.DirectMethodHandle$Holder.newInvokeSpecial(java.lang.Object, java.lang.Object, java.lang.Object, int, int, int, int, int)'> (0x0000000082857bf8) 
thrown [s\src\hotspot\share\interpreter\linkResolver.cpp, line 774]
Event: 1.092 Thread 0x0000018407f61500 Exception <a 'java/lang/NoSuchMethodError'{0x0000000082aa6108}: 'void java.lang.invoke.DirectMethodHandle$Holder.invokeStaticInit(java.lang.Object)'> (0x0000000082aa6108) 
thrown [s\src\hotspot\share\interpreter\linkResolver.cpp, line 774]
Event: 1.253 Thread 0x00000184222d6990 Exception <a 'java/io/FileNotFoundException'{0x00000000826aac78}> (0x00000000826aac78) 
thrown [s\src\hotspot\share\prims\jni.cpp, line 520]
Event: 8.677 Thread 0x00000184222d6990 Exception <a 'java/lang/NoSuchMethodError'{0x0000000082323380}: 'int java.lang.invoke.DirectMethodHandle$Holder.invokeStatic(java.lang.Object)'> (0x0000000082323380) 
thrown [s\src\hotspot\share\interpreter\linkResolver.cpp, line 774]
Event: 9.770 Thread 0x00000184222d6990 Exception <a 'java/io/IOException'{0x00000000889cf430}> (0x00000000889cf430) 
thrown [s\src\hotspot\share\prims\jni.cpp, line 520]
Event: 9.771 Thread 0x00000184222d6990 Exception <a 'java/lang/NoSuchMethodError'{0x00000000889d3168}: 'void java.lang.invoke.DirectMethodHandle$Holder.invokeInterface(java.lang.Object, java.lang.Object)'> (0x00000000889d3168) 
thrown [s\src\hotspot\share\interpreter\linkResolver.cpp, line 774]

ZGC Phase Switch (0 events):
No events

VM Operations (20 events):
Event: 20.737 Executing VM operation: Cleanup
Event: 20.737 Executing VM operation: Cleanup done
Event: 60.122 Executing VM operation: HandshakeAllThreads (HandshakeForDeflation)
Event: 60.123 Executing VM operation: HandshakeAllThreads (HandshakeForDeflation) done
Event: 60.123 Executing VM operation: RendezvousGCThreads
Event: 60.123 Executing VM operation: RendezvousGCThreads done
Event: 486.501 Executing VM operation: Cleanup
Event: 486.501 Executing VM operation: Cleanup done
Event: 602.204 Executing VM operation: Cleanup
Event: 602.204 Executing VM operation: Cleanup done
Event: 1032.567 Executing VM operation: Cleanup
Event: 1032.567 Executing VM operation: Cleanup done
Event: 1168.361 Executing VM operation: Cleanup
Event: 1168.361 Executing VM operation: Cleanup done
Event: 1212.654 Executing VM operation: Cleanup
Event: 1212.654 Executing VM operation: Cleanup done
Event: 15231.135 Executing VM operation: Cleanup
Event: 15231.135 Executing VM operation: Cleanup done
Event: 29025.235 Executing VM operation: Cleanup
Event: 29025.237 Executing VM operation: Cleanup done

Memory protections (0 events):
No events

Nmethod flushes (0 events):
No events

Events (20 events):
Event: 0.239 Thread 0x0000018407f61500 Thread added: 0x00000184222d90f0
Event: 0.365 Thread 0x0000018407f61500 Thread added: 0x00000184222d6990
Event: 0.397 Thread 0x0000018407f61500 Thread added: 0x00000184222d9780
Event: 0.431 Thread 0x0000018422202ce0 Thread added: 0x000001842298db10
Event: 0.843 Thread 0x0000018422202ce0 Thread added: 0x0000018428724320
Event: 1.005 Thread 0x0000018407f61500 Thread added: 0x00000184222d7020
Event: 1.176 Thread 0x0000018407f61500 Thread exited: 0x0000018407f61500
Event: 1.176 Thread 0x0000018428fbfc90 Thread added: 0x0000018428fbfc90
Event: 1.194 Thread 0x0000018428724320 Thread exited: 0x0000018428724320
Event: 1.207 Thread 0x000001842298db10 Thread exited: 0x000001842298db10
Event: 1.317 Thread 0x00000184222d6990 Thread added: 0x0000018428fc0320
Event: 6.076 Thread 0x00000184222d7020 Thread exited: 0x00000184222d7020
Event: 8.662 Thread 0x00000184222d6990 Thread added: 0x0000018428fbbaf0
Event: 9.660 Thread 0x00000184221f1a70 Thread added: 0x00000184299007c0
Event: 9.927 Thread 0x00000184299007c0 Thread exited: 0x00000184299007c0
Event: 10.892 Thread 0x0000018422202ce0 Thread added: 0x0000018422d463c0
Event: 10.975 Thread 0x0000018422202ce0 Thread added: 0x0000018428a56ff0
Event: 11.316 Thread 0x0000018428a56ff0 Thread exited: 0x0000018428a56ff0
Event: 11.317 Thread 0x0000018422d463c0 Thread exited: 0x0000018422d463c0
Event: 15.975 Thread 0x0000018428fbbaf0 Thread exited: 0x0000018428fbbaf0


Dynamic libraries:
0x00007ff63e710000 - 0x00007ff63e71e000 	C:\Users\grism\.p2\pool\plugins\org.eclipse.justj.openjdk.hotspot.jre.full.win32.x86_64_22.0.2.v20240802-1626\jre\bin\javaw.exe
0x00007ffdfdfb0000 - 0x00007ffdfe1a8000 	C:\WINDOWS\SYSTEM32\ntdll.dll
0x00007ffdfc9f0000 - 0x00007ffdfcab2000 	C:\WINDOWS\System32\KERNEL32.DLL
0x00007ffdfbae0000 - 0x00007ffdfbdde000 	C:\WINDOWS\System32\KERNELBASE.dll
0x00007ffdfb920000 - 0x00007ffdfba20000 	C:\WINDOWS\System32\ucrtbase.dll
0x00007ffdf7970000 - 0x00007ffdf7987000 	C:\Users\grism\.p2\pool\plugins\org.eclipse.justj.openjdk.hotspot.jre.full.win32.x86_64_22.0.2.v20240802-1626\jre\bin\jli.dll
0x00007ffdf6730000 - 0x00007ffdf674b000 	C:\Users\grism\.p2\pool\plugins\org.eclipse.justj.openjdk.hotspot.jre.full.win32.x86_64_22.0.2.v20240802-1626\jre\bin\VCRUNTIME140.dll
0x00007ffdfcac0000 - 0x00007ffdfcc5d000 	C:\WINDOWS\System32\USER32.dll
0x00007ffdfbde0000 - 0x00007ffdfbe02000 	C:\WINDOWS\System32\win32u.dll
0x00007ffdfddb0000 - 0x00007ffdfdddb000 	C:\WINDOWS\System32\GDI32.dll
0x00007ffdfbeb0000 - 0x00007ffdfbfc7000 	C:\WINDOWS\System32\gdi32full.dll
0x00007ffdfbe10000 - 0x00007ffdfbead000 	C:\WINDOWS\System32\msvcp_win.dll
0x00007ffde4090000 - 0x00007ffde432a000 	C:\WINDOWS\WinSxS\amd64_microsoft.windows.common-controls_6595b64144ccf1df_6.0.19041.4355_none_60b8b9eb71f62e16\COMCTL32.dll
0x00007ffdfc070000 - 0x00007ffdfc10e000 	C:\WINDOWS\System32\msvcrt.dll
0x00007ffdfc4d0000 - 0x00007ffdfc4ff000 	C:\WINDOWS\System32\IMM32.DLL
0x00007ffdf83d0000 - 0x00007ffdf83dc000 	C:\Users\grism\.p2\pool\plugins\org.eclipse.justj.openjdk.hotspot.jre.full.win32.x86_64_22.0.2.v20240802-1626\jre\bin\vcruntime140_1.dll
0x00007ffde7320000 - 0x00007ffde73ae000 	C:\Users\grism\.p2\pool\plugins\org.eclipse.justj.openjdk.hotspot.jre.full.win32.x86_64_22.0.2.v20240802-1626\jre\bin\msvcp140.dll
0x00007ffd4fbf0000 - 0x00007ffd509b3000 	C:\Users\grism\.p2\pool\plugins\org.eclipse.justj.openjdk.hotspot.jre.full.win32.x86_64_22.0.2.v20240802-1626\jre\bin\server\jvm.dll
0x00007ffdfd100000 - 0x00007ffdfd1b2000 	C:\WINDOWS\System32\ADVAPI32.dll
0x00007ffdfbfd0000 - 0x00007ffdfc070000 	C:\WINDOWS\System32\sechost.dll
0x00007ffdfc3a0000 - 0x00007ffdfc4c3000 	C:\WINDOWS\System32\RPCRT4.dll
0x00007ffdfbab0000 - 0x00007ffdfbad7000 	C:\WINDOWS\System32\bcrypt.dll
0x00007ffdfc980000 - 0x00007ffdfc9eb000 	C:\WINDOWS\System32\WS2_32.dll
0x00007ffdfab90000 - 0x00007ffdfabdb000 	C:\WINDOWS\SYSTEM32\POWRPROF.dll
0x00007ffde4330000 - 0x00007ffde4357000 	C:\WINDOWS\SYSTEM32\WINMM.dll
0x00007ffdf8550000 - 0x00007ffdf855a000 	C:\WINDOWS\SYSTEM32\VERSION.dll
0x00007ffdfaa50000 - 0x00007ffdfaa62000 	C:\WINDOWS\SYSTEM32\UMPDC.dll
0x00007ffdf9e70000 - 0x00007ffdf9e82000 	C:\WINDOWS\SYSTEM32\kernel.appcore.dll
0x00007ffdf5ab0000 - 0x00007ffdf5aba000 	C:\Users\grism\.p2\pool\plugins\org.eclipse.justj.openjdk.hotspot.jre.full.win32.x86_64_22.0.2.v20240802-1626\jre\bin\jimage.dll
0x00007ffdf9240000 - 0x00007ffdf9424000 	C:\WINDOWS\SYSTEM32\DBGHELP.DLL
0x00007ffdec920000 - 0x00007ffdec954000 	C:\WINDOWS\SYSTEM32\dbgcore.DLL
0x00007ffdfba20000 - 0x00007ffdfbaa2000 	C:\WINDOWS\System32\bcryptPrimitives.dll
0x00007ffdeabc0000 - 0x00007ffdeabde000 	C:\Users\grism\.p2\pool\plugins\org.eclipse.justj.openjdk.hotspot.jre.full.win32.x86_64_22.0.2.v20240802-1626\jre\bin\java.dll
0x00007ffdfd640000 - 0x00007ffdfddaf000 	C:\WINDOWS\System32\SHELL32.dll
0x00007ffdfde40000 - 0x00007ffdfdf6b000 	C:\WINDOWS\System32\ole32.dll
0x00007ffdfccc0000 - 0x00007ffdfd013000 	C:\WINDOWS\System32\combase.dll
0x00007ffdea930000 - 0x00007ffdea947000 	C:\Users\grism\.p2\pool\plugins\org.eclipse.justj.openjdk.hotspot.jre.full.win32.x86_64_22.0.2.v20240802-1626\jre\bin\zip.dll
0x00007ffdf96b0000 - 0x00007ffdf9e54000 	C:\WINDOWS\SYSTEM32\windows.storage.dll
0x00007ffdfb080000 - 0x00007ffdfb0ae000 	C:\WINDOWS\SYSTEM32\Wldp.dll
0x00007ffdfc220000 - 0x00007ffdfc2ed000 	C:\WINDOWS\System32\OLEAUT32.dll
0x00007ffdfc2f0000 - 0x00007ffdfc39d000 	C:\WINDOWS\System32\SHCORE.dll
0x00007ffdfd390000 - 0x00007ffdfd3e5000 	C:\WINDOWS\System32\shlwapi.dll
0x00007ffdfb580000 - 0x00007ffdfb5a4000 	C:\WINDOWS\SYSTEM32\profapi.dll
0x00007ffdf5aa0000 - 0x00007ffdf5ab0000 	C:\Users\grism\.p2\pool\plugins\org.eclipse.justj.openjdk.hotspot.jre.full.win32.x86_64_22.0.2.v20240802-1626\jre\bin\net.dll
0x00007ffdfade0000 - 0x00007ffdfae4a000 	C:\WINDOWS\system32\mswsock.dll
0x00007ffdea7a0000 - 0x00007ffdea7b6000 	C:\Users\grism\.p2\pool\plugins\org.eclipse.justj.openjdk.hotspot.jre.full.win32.x86_64_22.0.2.v20240802-1626\jre\bin\nio.dll
0x00007ffde9450000 - 0x00007ffde95dd000 	C:\Users\grism\.p2\pool\plugins\org.eclipse.justj.openjdk.hotspot.jre.full.win32.x86_64_22.0.2.v20240802-1626\jre\bin\awt.dll
0x00007ffdf53d0000 - 0x00007ffdf5464000 	C:\WINDOWS\SYSTEM32\apphelp.dll
0x00007ffdf8ba0000 - 0x00007ffdf8c3e000 	C:\WINDOWS\system32\uxtheme.dll
0x00007ffdfd1c0000 - 0x00007ffdfd2d5000 	C:\WINDOWS\System32\MSCTF.dll
0x00007ffdf8f40000 - 0x00007ffdf8f6f000 	C:\WINDOWS\system32\DWMAPI.DLL
0x00007ffddf450000 - 0x00007ffddf578000 	C:\WINDOWS\system32\opengl32.dll
0x00007ffdf5020000 - 0x00007ffdf504c000 	C:\WINDOWS\SYSTEM32\GLU32.dll
0x00007ffdfaac0000 - 0x00007ffdfab8a000 	C:\WINDOWS\SYSTEM32\DNSAPI.dll
0x00007ffdfaa70000 - 0x00007ffdfaaab000 	C:\WINDOWS\SYSTEM32\IPHLPAPI.DLL
0x00007ffdfc500000 - 0x00007ffdfc508000 	C:\WINDOWS\System32\NSI.dll
0x00007ffdf2280000 - 0x00007ffdf228a000 	C:\Windows\System32\rasadhlp.dll
0x00007ffdf1510000 - 0x00007ffdf1590000 	C:\WINDOWS\System32\fwpuclnt.dll
0x00007ffde6730000 - 0x00007ffde6739000 	C:\Users\grism\.p2\pool\plugins\org.eclipse.justj.openjdk.hotspot.jre.full.win32.x86_64_22.0.2.v20240802-1626\jre\bin\extnet.dll
0x00007ffdfafd0000 - 0x00007ffdfafe8000 	C:\WINDOWS\SYSTEM32\CRYPTSP.dll
0x00007ffdfa690000 - 0x00007ffdfa6c4000 	C:\WINDOWS\system32\rsaenh.dll
0x00007ffdfb500000 - 0x00007ffdfb52e000 	C:\WINDOWS\SYSTEM32\USERENV.dll
0x00007ffdfaff0000 - 0x00007ffdfaffc000 	C:\WINDOWS\SYSTEM32\CRYPTBASE.dll
0x00007ffdec100000 - 0x00007ffdec10e000 	C:\Users\grism\.p2\pool\plugins\org.eclipse.justj.openjdk.hotspot.jre.full.win32.x86_64_22.0.2.v20240802-1626\jre\bin\sunmscapi.dll
0x00007ffdfb7c0000 - 0x00007ffdfb91c000 	C:\WINDOWS\System32\CRYPT32.dll
0x00007ffdfb0f0000 - 0x00007ffdfb117000 	C:\WINDOWS\SYSTEM32\ncrypt.dll
0x00007ffdfb0b0000 - 0x00007ffdfb0eb000 	C:\WINDOWS\SYSTEM32\NTASN1.dll
0x00007ffdf6310000 - 0x00007ffdf6397000 	C:\Users\grism\.p2\pool\plugins\org.eclipse.justj.openjdk.hotspot.jre.full.win32.x86_64_22.0.2.v20240802-1626\jre\bin\freetype.dll
0x00007ffde9370000 - 0x00007ffde9448000 	C:\Users\grism\.p2\pool\plugins\org.eclipse.justj.openjdk.hotspot.jre.full.win32.x86_64_22.0.2.v20240802-1626\jre\bin\fontmanager.dll
0x00007ffdfd2e0000 - 0x00007ffdfd389000 	C:\WINDOWS\System32\clbcatq.dll
0x00007ffdf8950000 - 0x00007ffdf8b06000 	C:\WINDOWS\SYSTEM32\WindowsCodecs.dll
0x00007ffddd810000 - 0x00007ffddd84e000 	C:\WINDOWS\system32\dataexchange.dll
0x00007ffdf75b0000 - 0x00007ffdf7813000 	C:\WINDOWS\system32\d3d11.dll
0x00007ffdf4180000 - 0x00007ffdf4364000 	C:\WINDOWS\system32\dcomp.dll
0x00007ffdf9ee0000 - 0x00007ffdf9fd6000 	C:\WINDOWS\system32\dxgi.dll
0x00007ffdf5810000 - 0x00007ffdf5a13000 	C:\WINDOWS\system32\twinapi.appcore.dll
0x00007ffdf5f30000 - 0x00007ffdf6029000 	C:\WINDOWS\SYSTEM32\textinputframework.dll
0x00007ffdf39c0000 - 0x00007ffdf3d1b000 	C:\WINDOWS\System32\CoreUIComponents.dll
0x00007ffdf4cb0000 - 0x00007ffdf4da2000 	C:\WINDOWS\System32\CoreMessaging.dll
0x00007ffdfa8e0000 - 0x00007ffdfa913000 	C:\WINDOWS\SYSTEM32\ntmarta.dll
0x00007ffdf6750000 - 0x00007ffdf68a7000 	C:\WINDOWS\SYSTEM32\wintypes.dll

dbghelp: loaded successfully - version: 4.0.5 - missing functions: none
symbol engine: initialized successfully - sym options: 0x614 - pdb path: .;C:\Users\grism\.p2\pool\plugins\org.eclipse.justj.openjdk.hotspot.jre.full.win32.x86_64_22.0.2.v20240802-1626\jre\bin;C:\WINDOWS\SYSTEM32;C:\WINDOWS\WinSxS\amd64_microsoft.windows.common-controls_6595b64144ccf1df_6.0.19041.4355_none_60b8b9eb71f62e16;C:\Users\grism\.p2\pool\plugins\org.eclipse.justj.openjdk.hotspot.jre.full.win32.x86_64_22.0.2.v20240802-1626\jre\bin\server

VM Arguments:
jvm_args: -Dfile.encoding=UTF-8 -Dstdout.encoding=UTF-8 -Dstderr.encoding=UTF-8 -XX:+ShowCodeDetailsInExceptionMessages 
java_command: interfaz.Login
java_class_path (initial): D:\Documentos\Universidad\Semestre_5\Taller_de_lenguaje_java\Proyecto\bin;D:\Documentos\Universidad\Semestre_5\Taller_de_lenguaje_java\Proyecto\src\JTattoo-1.6.13.jar;D:\Documentos\Universidad\Semestre_5\Taller_de_lenguaje_java\Proyecto\mysql-connector-j-9.1.0.jar
Launcher Type: SUN_STANDARD

[Global flags]
     intx CICompilerCount                          = 4                                         {product} {ergonomic}
     uint ConcGCThreads                            = 2                                         {product} {ergonomic}
     uint G1ConcRefinementThreads                  = 8                                         {product} {ergonomic}
   size_t G1HeapRegionSize                         = 1048576                                   {product} {ergonomic}
   size_t InitialHeapSize                          = 132120576                                 {product} {ergonomic}
   size_t MarkStackSize                            = 4194304                                   {product} {ergonomic}
   size_t MaxHeapSize                              = 2113929216                                {product} {ergonomic}
   size_t MaxNewSize                               = 1267728384                                {product} {ergonomic}
   size_t MinHeapDeltaBytes                        = 1048576                                   {product} {ergonomic}
   size_t MinHeapSize                              = 8388608                                   {product} {ergonomic}
    uintx NonNMethodCodeHeapSize                   = 5839372                                {pd product} {ergonomic}
    uintx NonProfiledCodeHeapSize                  = 122909434                              {pd product} {ergonomic}
    uintx ProfiledCodeHeapSize                     = 122909434                              {pd product} {ergonomic}
    uintx ReservedCodeCacheSize                    = 251658240                              {pd product} {ergonomic}
     bool SegmentedCodeCache                       = true                                      {product} {ergonomic}
     bool ShowCodeDetailsInExceptionMessages       = true                                   {manageable} {command line}
   size_t SoftMaxHeapSize                          = 2113929216                             {manageable} {ergonomic}
     bool UseCompressedOops                        = true                           {product lp64_product} {ergonomic}
     bool UseG1GC                                  = true                                      {product} {ergonomic}
     bool UseLargePagesIndividualAllocation        = false                                  {pd product} {ergonomic}

Logging:
Log output configuration:
 #0: stdout all=warning uptime,level,tags foldmultilines=false
 #1: stderr all=off uptime,level,tags foldmultilines=false

Environment Variables:
PATH=C:/Users/grism/.p2/pool/plugins/org.eclipse.justj.openjdk.hotspot.jre.full.win32.x86_64_22.0.2.v20240802-1626/jre/bin/server;C:/Users/grism/.p2/pool/plugins/org.eclipse.justj.openjdk.hotspot.jre.full.win32.x86_64_22.0.2.v20240802-1626/jre/bin;C:\Program Files\Common Files\Oracle\Java\javapath;C:\Program Files (x86)\Common Files\Oracle\Java\java8path;C:\Program Files (x86)\Common Files\Oracle\Java\javapath;C:\Windows\system32;C:\Windows;C:\Windows\System32\Wbem;C:\Windows\System32\WindowsPowerShell\v1.0\;C:\Windows\System32\OpenSSH\;C:\Program Files (x86)\NVIDIA Corporation\PhysX\Common;C:\Program Files\NVIDIA Corporation\NVIDIA NvDLISR;C:\WINDOWS\system32;C:\WINDOWS;C:\WINDOWS\System32\Wbem;C:\WINDOWS\System32\WindowsPowerShell\v1.0\;C:\WINDOWS\System32\OpenSSH\;C:\opencv\build\x64\vc15\bin;D:\Programs\MatLab\MatLabInstalado\bin;D:\Programs\CMake\bin;C:\Program Files\CMake\bin;C:\Program Files\Git\cmd;D:\Programs\Python\Scripts\;D:\Programs\Python\;C:\Users\grism\AppData\Local\Microsoft\WindowsApps;C:\Users\grism\AppData\Local\Programs\MiKTeX\miktex\bin\x64\;D:\Programs\bin;D:\Programs\CMake\bin;D:\Programs\VisualStudioCode\Microsoft VS Code\bin;D:\Programs\Anaconda;;D:\Desktop;
USERNAME=grism
OS=Windows_NT
PROCESSOR_IDENTIFIER=Intel64 Family 6 Model 165 Stepping 2, GenuineIntel
TMP=C:\Users\grism\AppData\Local\Temp
TEMP=C:\Users\grism\AppData\Local\Temp




Periodic native trim disabled

---------------  S Y S T E M  ---------------

OS:
 Windows 10 , 64 bit Build 19041 (10.0.19041.4957)
OS uptime: 6 days 0:09 hours

CPU: total 8 (initial active 8) (4 cores per cpu, 2 threads per core) family 6 model 165 stepping 2 microcode 0xe2, cx8, cmov, fxsr, ht, mmx, 3dnowpref, sse, sse2, sse3, ssse3, sse4.1, sse4.2, popcnt, lzcnt, tsc, tscinvbit, avx, avx2, aes, erms, clmul, bmi1, bmi2, adx, fma, vzeroupper, clflush, clflushopt, rdtscp, f16c, pku
Processor Information for all 8 processors :
  Max Mhz: 2496, Current Mhz: 2496, Mhz Limit: 2496

Memory: 4k page, system-wide physical 8059M (423M free)
TotalPageFile size 23163M (AvailPageFile size 0M)
current process WorkingSet (physical memory assigned to process): 11M, peak: 140M
current process commit charge ("private bytes"): 147M, peak: 228M

vm_info: OpenJDK 64-Bit Server VM (22.0.2+9) for windows-amd64 JRE (22.0.2+9), built on 2024-07-16T00:00:00Z by "admin" with MS VC++ 17.7 (VS2022)

END.
