#
# There is insufficient memory for the Java Runtime Environment to continue.
# Native memory allocation (mmap) failed to map 1048576 bytes. Error detail: G1 virtual space
# Possible reasons:
#   The system is out of physical RAM or swap space
#   This process is running with CompressedOops enabled, and the Java Heap may be blocking the growth of the native heap
# Possible solutions:
#   Reduce memory load on the system
#   Increase physical memory or swap space
#   Check if swap backing store is full
#   Decrease Java heap size (-Xmx/-Xms)
#   Decrease number of Java threads
#   Decrease Java thread stack sizes (-Xss)
#   Set larger code cache with -XX:ReservedCodeCacheSize=
#   JVM is running with Unscaled Compressed Oops mode in which the Java heap is
#     placed in the first 4GB address space. The Java Heap base address is the
#     maximum limit for the native heap growth. Please use -XX:HeapBaseMinAddress
#     to set the Java Heap base and to place the Java Heap above 4GB virtual address.
# This output file may be truncated or incomplete.
#
#  Out of Memory Error (os_windows.cpp:3631), pid=10108, tid=16148
#
# JRE version: OpenJDK Runtime Environment Temurin-22.0.2+9 (22.0.2+9) (build 22.0.2+9)
# Java VM: OpenJDK 64-Bit Server VM Temurin-22.0.2+9 (22.0.2+9, mixed mode, tiered, compressed oops, compressed class ptrs, g1 gc, windows-amd64)
# No core dump will be written. Minidumps are not enabled by default on client versions of Windows
#

---------------  S U M M A R Y ------------

Command Line: -Dfile.encoding=UTF-8 -Dstdout.encoding=UTF-8 -Dstderr.encoding=UTF-8 -XX:+ShowCodeDetailsInExceptionMessages interfaz.Login

Host: Intel(R) Core(TM) i5-10300H CPU @ 2.50GHz, 8 cores, 7G,  Windows 10 , 64 bit Build 19041 (10.0.19041.4957)
Time: Sun Nov 24 23:42:44 2024 Hora estándar Pacífico (México) elapsed time: 44941.060608 seconds (0d 12h 29m 1s)

---------------  T H R E A D  ---------------

Current thread (0x0000028c76669260):  JavaThread "AWT-EventQueue-0"        [_thread_in_vm, id=16148, stack(0x000000e355e00000,0x000000e355f00000) (1024K)]

Stack: [0x000000e355e00000,0x000000e355f00000]
Native frames: (J=compiled Java code, j=interpreted, Vv=VM code, C=native code)
V  [jvm.dll+0x6ea6a9]  (no source info available)
V  [jvm.dll+0x8cdbf3]  (no source info available)
V  [jvm.dll+0x8d001e]  (no source info available)
V  [jvm.dll+0x8d06f3]  (no source info available)
V  [jvm.dll+0x286dc6]  (no source info available)
V  [jvm.dll+0x6e6d35]  (no source info available)
V  [jvm.dll+0x6db9ba]  (no source info available)
V  [jvm.dll+0x36037a]  (no source info available)
V  [jvm.dll+0x368846]  (no source info available)
V  [jvm.dll+0x3ba4bb]  (no source info available)
V  [jvm.dll+0x3bab54]  (no source info available)
V  [jvm.dll+0x3ba6c6]  (no source info available)
V  [jvm.dll+0x33424e]  (no source info available)
V  [jvm.dll+0x3324cf]  (no source info available)
V  [jvm.dll+0x67a68b]  (no source info available)
V  [jvm.dll+0x243d62]  (no source info available)
V  [jvm.dll+0x8920f7]  (no source info available)
V  [jvm.dll+0x3e2b8c]  (no source info available)
C  0x0000028c64e2aae9  (no source info available)

The last pc belongs to newarray (printed below).
Java frames: (J=compiled Java code, j=interpreted, Vv=VM code)
j  java.awt.image.DataBufferInt.<init>(I)V+11 java.desktop@22.0.2
j  java.awt.image.Raster.createPackedRaster(III[ILjava/awt/Point;)Ljava/awt/image/WritableRaster;+69 java.desktop@22.0.2
J 2163 c1 java.awt.image.DirectColorModel.createCompatibleWritableRaster(II)Ljava/awt/image/WritableRaster; java.desktop@22.0.2 (114 bytes) @ 0x0000028c5dc67d84 [0x0000028c5dc67a20+0x0000000000000364]
j  java.awt.GraphicsConfiguration.createCompatibleImage(II)Ljava/awt/image/BufferedImage;+8 java.desktop@22.0.2
j  java.awt.GraphicsConfiguration.createCompatibleImage(III)Ljava/awt/image/BufferedImage;+14 java.desktop@22.0.2
j  sun.awt.image.SunVolatileImage.getBackupImage(DD)Ljava/awt/image/BufferedImage;+36 java.desktop@22.0.2
j  sun.awt.image.VolatileSurfaceManager.getBackupSurface()Lsun/java2d/SurfaceData;+38 java.desktop@22.0.2
j  sun.awt.image.VolatileSurfaceManager.initialize()V+49 java.desktop@22.0.2
j  sun.awt.image.SunVolatileImage.<init>(Ljava/awt/Component;Ljava/awt/GraphicsConfiguration;IILjava/lang/Object;ILjava/awt/ImageCapabilities;I)V+119 java.desktop@22.0.2
j  sun.awt.image.SunVolatileImage.<init>(Ljava/awt/GraphicsConfiguration;IIILjava/awt/ImageCapabilities;)V+11 java.desktop@22.0.2
j  java.awt.GraphicsConfiguration.createCompatibleVolatileImage(IILjava/awt/ImageCapabilities;I)Ljava/awt/image/VolatileImage;+10 java.desktop@22.0.2
j  java.awt.GraphicsConfiguration.createCompatibleVolatileImage(III)Ljava/awt/image/VolatileImage;+8 java.desktop@22.0.2
j  javax.swing.RepaintManager.getVolatileOffscreenBuffer(Ljava/awt/Component;II)Ljava/awt/Image;+226 java.desktop@22.0.2
j  javax.swing.RepaintManager$PaintManager.paint(Ljavax/swing/JComponent;Ljavax/swing/JComponent;Ljava/awt/Graphics;IIII)Z+35 java.desktop@22.0.2
j  javax.swing.RepaintManager.paint(Ljavax/swing/JComponent;Ljavax/swing/JComponent;Ljava/awt/Graphics;IIII)V+52 java.desktop@22.0.2
j  javax.swing.JComponent.paint(Ljava/awt/Graphics;)V+221 java.desktop@22.0.2
j  java.awt.GraphicsCallback$PaintCallback.run(Ljava/awt/Component;Ljava/awt/Graphics;)V+2 java.desktop@22.0.2
j  sun.awt.SunGraphicsCallback.runOneComponent(Ljava/awt/Component;Ljava/awt/Rectangle;Ljava/awt/Graphics;Ljava/awt/Shape;I)V+130 java.desktop@22.0.2
j  sun.awt.SunGraphicsCallback.runComponents([Ljava/awt/Component;Ljava/awt/Graphics;I)V+157 java.desktop@22.0.2
j  java.awt.Container.paint(Ljava/awt/Graphics;)V+58 java.desktop@22.0.2
j  java.awt.Window.paint(Ljava/awt/Graphics;)V+68 java.desktop@22.0.2
j  javax.swing.RepaintManager$4.run()Ljava/lang/Void;+142 java.desktop@22.0.2
j  javax.swing.RepaintManager$4.run()Ljava/lang/Object;+1 java.desktop@22.0.2
J 1600 c1 java.security.AccessController.executePrivileged(Ljava/security/PrivilegedAction;Ljava/security/AccessControlContext;Ljava/lang/Class;)Ljava/lang/Object; java.base@22.0.2 (69 bytes) @ 0x0000028c5dba52b4 [0x0000028c5dba5160+0x0000000000000154]
j  java.security.AccessController.doPrivileged(Ljava/security/PrivilegedAction;Ljava/security/AccessControlContext;)Ljava/lang/Object;+13 java.base@22.0.2
j  java.security.ProtectionDomain$JavaSecurityAccessImpl.doIntersectionPrivilege(Ljava/security/PrivilegedAction;Ljava/security/AccessControlContext;Ljava/security/AccessControlContext;)Ljava/lang/Object;+18 java.base@22.0.2
j  javax.swing.RepaintManager.paintDirtyRegions(Ljava/util/Map;)V+154 java.desktop@22.0.2
j  javax.swing.RepaintManager.paintDirtyRegions()V+46 java.desktop@22.0.2
j  javax.swing.RepaintManager.prePaintDirtyRegions()V+73 java.desktop@22.0.2
j  javax.swing.RepaintManager$ProcessingRunnable.run()V+37 java.desktop@22.0.2
j  java.awt.event.InvocationEvent.dispatch()V+47 java.desktop@22.0.2
j  java.awt.EventQueue.dispatchEventImpl(Ljava/awt/AWTEvent;Ljava/lang/Object;)V+21 java.desktop@22.0.2
j  java.awt.EventQueue$4.run()Ljava/lang/Void;+32 java.desktop@22.0.2
j  java.awt.EventQueue$4.run()Ljava/lang/Object;+1 java.desktop@22.0.2
J 1600 c1 java.security.AccessController.executePrivileged(Ljava/security/PrivilegedAction;Ljava/security/AccessControlContext;Ljava/lang/Class;)Ljava/lang/Object; java.base@22.0.2 (69 bytes) @ 0x0000028c5dba52b4 [0x0000028c5dba5160+0x0000000000000154]
j  java.security.AccessController.doPrivileged(Ljava/security/PrivilegedAction;Ljava/security/AccessControlContext;)Ljava/lang/Object;+13 java.base@22.0.2
j  java.security.ProtectionDomain$JavaSecurityAccessImpl.doIntersectionPrivilege(Ljava/security/PrivilegedAction;Ljava/security/AccessControlContext;Ljava/security/AccessControlContext;)Ljava/lang/Object;+18 java.base@22.0.2
j  java.awt.EventQueue.dispatchEvent(Ljava/awt/AWTEvent;)V+46 java.desktop@22.0.2
j  java.awt.EventDispatchThread.pumpOneEventForFilters(I)V+81 java.desktop@22.0.2
j  java.awt.EventDispatchThread.pumpEventsForFilter(ILjava/awt/Conditional;Ljava/awt/EventFilter;)V+35 java.desktop@22.0.2
j  java.awt.EventDispatchThread.pumpEventsForHierarchy(ILjava/awt/Conditional;Ljava/awt/Component;)V+11 java.desktop@22.0.2
j  java.awt.EventDispatchThread.pumpEvents(ILjava/awt/Conditional;)V+4 java.desktop@22.0.2
j  java.awt.EventDispatchThread.pumpEvents(Ljava/awt/Conditional;)V+3 java.desktop@22.0.2
j  java.awt.EventDispatchThread.run()V+9 java.desktop@22.0.2
v  ~StubRoutines::call_stub 0x0000028c64e1100d
newarray  188 newarray  [0x0000028c64e2aa80, 0x0000028c64e2ab58]  216 bytes
[MachCode]
  0x0000028c64e2aa80: 8b04 2448 | 83c4 0841 | 0fb6 5501 | e805 0000 | 00e9 ab00 | 0000 4c8b | c048 8d44 | 2408 4c89 
  0x0000028c64e2aaa0: 6dc0 498b | cfc5 f877 | 4989 afb0 | 0300 0049 | 8987 a003 | 0000 4883 | ec20 40f6 | c40f 0f84 
  0x0000028c64e2aac0: 1900 0000 | 4883 ec08 | 48b8 602b | fd4f fd7f | 0000 ffd0 | 4883 c408 | e90c 0000 | 0048 b860 
  0x0000028c64e2aae0: 2bfd 4ffd | 7f00 00ff | d048 83c4 | 2049 c787 | a003 0000 | 0000 0000 | 49c7 87b0 | 0300 0000 
  0x0000028c64e2ab00: 0000 0049 | c787 a803 | 0000 0000 | 0000 c5f8 | 7749 837f | 0800 0f84 | 0500 0000 | e9df 63fe 
  0x0000028c64e2ab20: ff49 8b87 | f803 0000 | 49c7 87f8 | 0300 0000 | 0000 004c | 8b6d c04c | 8b75 c84e | 8d74 f500 
  0x0000028c64e2ab40: c341 0fb6 | 5d02 4983 | c502 49ba | b04d 8e50 | fd7f 0000 | 41ff 24da 
[/MachCode]

Compiled method (c1) 44942494 2163       3       java.awt.image.DirectColorModel::createCompatibleWritableRaster (114 bytes)
 total in heap  [0x0000028c5dc67810,0x0000028c5dc681d0] = 2496
 relocation     [0x0000028c5dc67968,0x0000028c5dc67a20] = 184
 main code      [0x0000028c5dc67a20,0x0000028c5dc67f98] = 1400
 stub code      [0x0000028c5dc67f98,0x0000028c5dc68000] = 104
 metadata       [0x0000028c5dc68000,0x0000028c5dc68008] = 8
 scopes data    [0x0000028c5dc68008,0x0000028c5dc68090] = 136
 scopes pcs     [0x0000028c5dc68090,0x0000028c5dc681b0] = 288
 dependencies   [0x0000028c5dc681b0,0x0000028c5dc681b8] = 8
 nul chk table  [0x0000028c5dc681b8,0x0000028c5dc681d0] = 24

[Constant Pool (empty)]

[MachCode]
[Entry Point]
  # {method} {0x0000028c72766b20} 'createCompatibleWritableRaster' '(II)Ljava/awt/image/WritableRaster;' in 'java/awt/image/DirectColorModel'
  # this:     rdx:rdx   = 'java/awt/image/DirectColorModel'
  # parm0:    r8        = int
  # parm1:    r9        = int
  #           [sp+0x50]  (sp of caller)
  0x0000028c5dc67a20: 448b 5208 

  0x0000028c5dc67a24: ;   {runtime_call ic_miss_stub}
  0x0000028c5dc67a24: 4c3b d00f | 8553 6d1f | 0766 6666 | 0f1f 8400 | 0000 0000 | 6666 6690 | 0f1f 4000 
[Verified Entry Point]
  0x0000028c5dc67a40: 8984 2400 | 80ff ff55 | 4883 ec40 | 4181 7f20 | 0300 0000 

  0x0000028c5dc67a54: ;   {runtime_call StubRoutines (final stubs)}
  0x0000028c5dc67a54: 7405 e8a5 | d21d 074c 

  0x0000028c5dc67a5c: ;   {metadata(method data for {method} {0x0000028c72766b20} 'createCompatibleWritableRaster' '(II)Ljava/awt/image/WritableRaster;' in 'java/awt/image/DirectColorModel')}
  0x0000028c5dc67a5c: 8bda 48bb | 58af 8a73 | 8c02 0000 | 8b93 cc00 | 0000 83c2 | 0289 93cc | 0000 0081 | e2fe 0700 
  0x0000028c5dc67a7c: 0085 d20f | 84f1 0300 | 0045 85c0 

  0x0000028c5dc67a88: ;   {metadata(method data for {method} {0x0000028c72766b20} 'createCompatibleWritableRaster' '(II)Ljava/awt/image/WritableRaster;' in 'java/awt/image/DirectColorModel')}
  0x0000028c5dc67a88: 48bb 58af | 8a73 8c02 | 0000 48c7 | c218 0100 | 007e 0748 | c7c2 2801 | 0000 488b | 3413 488d 
  0x0000028c5dc67aa8: 7601 4889 | 3413 0f8e | eb02 0000 

  0x0000028c5dc67ab4: ;   {metadata(method data for {method} {0x0000028c72766b20} 'createCompatibleWritableRaster' '(II)Ljava/awt/image/WritableRaster;' in 'java/awt/image/DirectColorModel')}
  0x0000028c5dc67ab4: 4585 c948 | bb58 af8a | 738c 0200 | 0048 c7c2 | 4801 0000 | 7e07 48c7 | c238 0100 | 0048 8b34 
  0x0000028c5dc67ad4: 1348 8d76 | 0148 8934 | 130f 8ebc | 0200 0041 | 0fbe 5b28 

  0x0000028c5dc67ae8: ;   {metadata(method data for {method} {0x0000028c72766b20} 'createCompatibleWritableRaster' '(II)Ljava/awt/image/WritableRaster;' in 'java/awt/image/DirectColorModel')}
  0x0000028c5dc67ae8: 85db 48bb | 58af 8a73 | 8c02 0000 | 48c7 c288 | 0100 0074 | 0748 c7c2 | 9801 0000 | 488b 3413 
  0x0000028c5dc67b08: 488d 7601 | 4889 3413 | 0f84 9d00 | 0000 bb04 

  0x0000028c5dc67b18: ;   {metadata({type array int})}
  0x0000028c5dc67b18: 0000 0048 | ba90 0d04 | 2600 0000 | 0048 63db | 488b fb48 | 81fb ffff | ff00 0f87 | 5f03 0000 
  0x0000028c5dc67b38: 48c7 c617 | 0000 0048 | 8d34 9e48 | 83e6 f849 | 8b87 b801 | 0000 488d | 3430 493b | b7c8 0100 
  0x0000028c5dc67b58: 000f 8738 | 0300 0049 | 89b7 b801 | 0000 482b | f048 c700 | 0100 0000 | 488b ca89 | 4808 8958 
  0x0000028c5dc67b78: 0c48 83ee | 1048 85f6 | 0f84 1100 | 0000 4833 | db48 c1ee | 0348 895c | f008 48ff | ce75 f641 
  0x0000028c5dc67b98: 8b5b 5089 

  0x0000028c5dc67b9c: ;   {metadata(method data for {method} {0x0000028c72766b20} 'createCompatibleWritableRaster' '(II)Ljava/awt/image/WritableRaster;' in 'java/awt/image/DirectColorModel')}
  0x0000028c5dc67b9c: 581c 48bb | 58af 8a73 | 8c02 0000 | ff83 a801 | 0000 e981 | 0000 00bb | 0300 0000 

  0x0000028c5dc67bb8: ;   {metadata({type array int})}
  0x0000028c5dc67bb8: 48ba 900d | 0426 0000 | 0000 4863 | db48 8bfb | 4881 fbff | ffff 000f | 87cc 0200 | 0048 c7c6 
  0x0000028c5dc67bd8: 1700 0000 | 488d 349e | 4883 e6f8 | 498b 87b8 | 0100 0048 | 8d34 3049 | 3bb7 c801 | 0000 0f87 
  0x0000028c5dc67bf8: a502 0000 | 4989 b7b8 | 0100 0048 | 2bf0 48c7 | 0001 0000 | 0048 8bca | 8948 0889 | 580c 4883 
  0x0000028c5dc67c18: ee10 4885 | f60f 8411 | 0000 0048 | 33db 48c1 | ee03 4889 | 5cf0 0848 | ffce 75f6 | 418b 5344 
  0x0000028c5dc67c38: ; implicit exception: dispatches to 0x0000028c5dc67eab
  0x0000028c5dc67c38: 8378 0c00 | 0f86 7302 | 0000 8950 | 1041 8b53 | 4883 780c | 010f 8674 | 0200 0089 | 5014 418b 
  0x0000028c5dc67c58: 534c 8378 | 0c02 0f86 | 7502 0000 | 8950 1841 | 8b53 0c83 

  0x0000028c5dc67c6c: ;   {metadata(method data for {method} {0x0000028c72766b20} 'createCompatibleWritableRaster' '(II)Ljava/awt/image/WritableRaster;' in 'java/awt/image/DirectColorModel')}
  0x0000028c5dc67c6c: fa10 48bf | 58af 8a73 | 8c02 0000 | 48c7 c6d0 | 0100 007f | 0748 c7c6 | c001 0000 | 488b 1c37 
  0x0000028c5dc67c8c: 488d 5b01 | 4889 1c37 | 0f8f bd00 | 0000 83fa 

  0x0000028c5dc67c9c: ;   {metadata(method data for {method} {0x0000028c72766b20} 'createCompatibleWritableRaster' '(II)Ljava/awt/image/WritableRaster;' in 'java/awt/image/DirectColorModel')}
  0x0000028c5dc67c9c: 0848 ba58 | af8a 738c | 0200 0048 | c7c7 f001 | 0000 7e07 | 48c7 c700 | 0200 0048 | 8b34 3a48 
  0x0000028c5dc67cbc: 8d76 0148 | 8934 3a0f | 8e46 0000 

  0x0000028c5dc67cc8: ;   {metadata(method data for {method} {0x0000028c72766b20} 'createCompatibleWritableRaster' '(II)Ljava/awt/image/WritableRaster;' in 'java/awt/image/DirectColorModel')}
  0x0000028c5dc67cc8: 0048 ba58 | af8a 738c | 0200 0048 | 8382 1002 | 0000 01ba | 0100 0000 

  0x0000028c5dc67ce0: ;   {oop(nullptr)}
  0x0000028c5dc67ce0: 488b f848 | be00 0000 | 0000 0000 

  0x0000028c5dc67cec: ;   {static_call}
  0x0000028c5dc67cec: 0066 90e8 

  0x0000028c5dc67cf0: ; ImmutableOopMap {}
                      ;*invokestatic createPackedRaster {reexecute=0 rethrow=0 return_oop=0}
                      ; - java.awt.image.DirectColorModel::createCompatibleWritableRaster@101 (line 1036)
  0x0000028c5dc67cf0: 8c73 1f07 

  0x0000028c5dc67cf4: ;   {other}
  0x0000028c5dc67cf4: 0f1f 8400 | e404 0000 | 4883 c440 

  0x0000028c5dc67d00: ;   {poll_return}
  0x0000028c5dc67d00: 5d49 3ba7 | 5804 0000 | 0f87 dd01 

  0x0000028c5dc67d0c: ;   {metadata(method data for {method} {0x0000028c72766b20} 'createCompatibleWritableRaster' '(II)Ljava/awt/image/WritableRaster;' in 'java/awt/image/DirectColorModel')}
  0x0000028c5dc67d0c: 0000 c348 | ba58 af8a | 738c 0200 | 0048 8382 | 2002 0000 | 01ba 0000 | 0000 488b 

  0x0000028c5dc67d28: ;   {oop(nullptr)}
  0x0000028c5dc67d28: f848 be00 | 0000 0000 | 0000 000f 

  0x0000028c5dc67d34: ;   {static_call}
  0x0000028c5dc67d34: 1f40 00e8 

  0x0000028c5dc67d38: ; ImmutableOopMap {}
                      ;*invokestatic createPackedRaster {reexecute=0 rethrow=0 return_oop=0}
                      ; - java.awt.image.DirectColorModel::createCompatibleWritableRaster@110 (line 1040)
  0x0000028c5dc67d38: 4473 1f07 

  0x0000028c5dc67d3c: ;   {other}
  0x0000028c5dc67d3c: 0f1f 8400 | 2c05 0001 | 4883 c440 

  0x0000028c5dc67d48: ;   {poll_return}
  0x0000028c5dc67d48: 5d49 3ba7 | 5804 0000 | 0f87 ab01 

  0x0000028c5dc67d54: ;   {metadata(method data for {method} {0x0000028c72766b20} 'createCompatibleWritableRaster' '(II)Ljava/awt/image/WritableRaster;' in 'java/awt/image/DirectColorModel')}
  0x0000028c5dc67d54: 0000 c348 | ba58 af8a | 738c 0200 | 0048 8382 | e001 0000 | 01ba 0300 | 0000 488b 

  0x0000028c5dc67d70: ;   {oop(nullptr)}
  0x0000028c5dc67d70: f848 be00 | 0000 0000 | 0000 000f 

  0x0000028c5dc67d7c: ;   {static_call}
  0x0000028c5dc67d7c: 1f40 00e8 

  0x0000028c5dc67d80: ; ImmutableOopMap {}
                      ;*invokestatic createPackedRaster {reexecute=0 rethrow=0 return_oop=0}
                      ; - java.awt.image.DirectColorModel::createCompatibleWritableRaster@83 (line 1032)
  0x0000028c5dc67d80: 2802 0000 

  0x0000028c5dc67d84: ;   {other}
  0x0000028c5dc67d84: 0f1f 8400 | 7405 0002 | 4883 c440 

  0x0000028c5dc67d90: ;   {poll_return}
  0x0000028c5dc67d90: 5d49 3ba7 | 5804 0000 | 0f87 7901 | 0000 c390 

  0x0000028c5dc67da0: ;   {no_reloc}
  0x0000028c5dc67da0: e997 0100 | 0000 0000 | 0000 498b | 87b8 0100 | 0048 8d78 | 2849 3bbf | c801 0000 | 0f87 8401 
  0x0000028c5dc67dc0: 0000 4989 | bfb8 0100 | 0048 c700 | 0100 0000 | 488b ca89 | 4808 4833 | c989 480c | 4833 c948 
  0x0000028c5dc67de0: 8948 1048 | 8948 1848 | 8948 200f | 1f44 0000 

  0x0000028c5dc67df0: ;   {no_reloc}
  0x0000028c5dc67df0: e96d 0100 | 0090 9090 | 9090 498b | d04d 8bc1 | 4c8b ce48 | 8944 2430 | 0f1f 8000 

  0x0000028c5dc67e0c: ;   {static_call}
  0x0000028c5dc67e0c: 0000 00e8 

  0x0000028c5dc67e10: ; ImmutableOopMap {[48]=Oop }
                      ;*invokedynamic {reexecute=0 rethrow=0 return_oop=0}
                      ; - java.awt.image.DirectColorModel::createCompatibleWritableRaster@14 (line 1016)
  0x0000028c5dc67e10: 6c72 1f07 

  0x0000028c5dc67e14: ;   {other}
  0x0000028c5dc67e14: 0f1f 8400 | 0406 0003 

  0x0000028c5dc67e1c: ;   {metadata(method data for {method} {0x0000028c72766b20} 'createCompatibleWritableRaster' '(II)Ljava/awt/image/WritableRaster;' in 'java/awt/image/DirectColorModel')}
  0x0000028c5dc67e1c: 49b8 58af | 8a73 8c02 | 0000 4d8d | 8068 0100 | 0048 85c0 | 750b 41f6 | 0001 7505 | f049 8308 
  0x0000028c5dc67e3c: 014c 8b44 

  0x0000028c5dc67e40: ;   {metadata(method data for {method} {0x0000028c72766b20} 'createCompatibleWritableRaster' '(II)Ljava/awt/image/WritableRaster;' in 'java/awt/image/DirectColorModel')}
  0x0000028c5dc67e40: 2430 48ba | 58af 8a73 | 8c02 0000 | 4883 8278 | 0100 0001 | 4c8b c048 | 8b54 2430 

  0x0000028c5dc67e5c: ;   {optimized virtual_call}
  0x0000028c5dc67e5c: 6666 90e8 

  0x0000028c5dc67e60: ; ImmutableOopMap {[48]=Oop }
                      ;*invokespecial <init> {reexecute=0 rethrow=0 return_oop=0}
                      ; - java.awt.image.DirectColorModel::createCompatibleWritableRaster@19 (line 1016)
  0x0000028c5dc67e60: 1c6c 1f07 

  0x0000028c5dc67e64: ;   {other}
  0x0000028c5dc67e64: 0f1f 8400 | 5406 0004 | 488b 4424 | 30e9 1301 

  0x0000028c5dc67e74: ;   {metadata({method} {0x0000028c72766b20} 'createCompatibleWritableRaster' '(II)Ljava/awt/image/WritableRaster;' in 'java/awt/image/DirectColorModel')}
  0x0000028c5dc67e74: 0000 49ba | 186b 7672 | 8c02 0000 | 4c89 5424 | 0848 c704 | 24ff ffff 

  0x0000028c5dc67e8c: ;   {runtime_call counter_overflow Runtime1 stub}
  0x0000028c5dc67e8c: ffe8 6ed6 

  0x0000028c5dc67e90: ; ImmutableOopMap {r11=Oop }
                      ;*synchronization entry
                      ; - java.awt.image.DirectColorModel::createCompatibleWritableRaster@-1 (line 1015)
  0x0000028c5dc67e90: 2b07 e9ee 

  0x0000028c5dc67e94: ;   {runtime_call new_type_array Runtime1 stub}
  0x0000028c5dc67e94: fbff ffe8 

  0x0000028c5dc67e98: ; ImmutableOopMap {r11=Oop }
                      ;*newarray {reexecute=0 rethrow=0 return_oop=0}
                      ; - java.awt.image.DirectColorModel::createCompatibleWritableRaster@31 (line 1021)
  0x0000028c5dc67e98: 6494 2b07 | e9f6 fcff 

  0x0000028c5dc67ea0: ;   {runtime_call new_type_array Runtime1 stub}
  0x0000028c5dc67ea0: ffe8 5a94 

  0x0000028c5dc67ea4: ; ImmutableOopMap {r11=Oop }
                      ;*newarray {reexecute=0 rethrow=0 return_oop=0}
                      ; - java.awt.image.DirectColorModel::createCompatibleWritableRaster@45 (line 1025)
  0x0000028c5dc67ea4: 2b07 e989 

  0x0000028c5dc67ea8: ;   {runtime_call throw_null_pointer_exception Runtime1 stub}
  0x0000028c5dc67ea8: fdff ffe8 

  0x0000028c5dc67eac: ; ImmutableOopMap {r11=Oop rax=Oop }
                      ;*iastore {reexecute=0 rethrow=0 return_oop=0}
                      ; - java.awt.image.DirectColorModel::createCompatibleWritableRaster@54 (line 1027)
  0x0000028c5dc67eac: 5085 2b07 

  0x0000028c5dc67eb0: ;   {runtime_call throw_null_pointer_exception Runtime1 stub}
  0x0000028c5dc67eb0: e84b 852b 

  0x0000028c5dc67eb4: ; ImmutableOopMap {r11=Oop rax=Oop }
                      ;*iastore {reexecute=0 rethrow=0 return_oop=0}
                      ; - java.awt.image.DirectColorModel::createCompatibleWritableRaster@54 (line 1027)
  0x0000028c5dc67eb4: 0748 c704 | 2400 0000 | 0048 8944 

  0x0000028c5dc67ec0: ;   {runtime_call throw_range_check_failed Runtime1 stub}
  0x0000028c5dc67ec0: 2408 e839 

  0x0000028c5dc67ec4: ; ImmutableOopMap {r11=Oop rax=Oop }
                      ;*iastore {reexecute=0 rethrow=0 return_oop=0}
                      ; - java.awt.image.DirectColorModel::createCompatibleWritableRaster@54 (line 1027)
  0x0000028c5dc67ec4: 7c2b 0748 | c704 2401 | 0000 0048 | 8944 2408 

  0x0000028c5dc67ed4: ;   {runtime_call throw_range_check_failed Runtime1 stub}
  0x0000028c5dc67ed4: e827 7c2b 

  0x0000028c5dc67ed8: ; ImmutableOopMap {r11=Oop rax=Oop }
                      ;*iastore {reexecute=0 rethrow=0 return_oop=0}
                      ; - java.awt.image.DirectColorModel::createCompatibleWritableRaster@61 (line 1028)
  0x0000028c5dc67ed8: 0748 c704 | 2402 0000 | 0048 8944 

  0x0000028c5dc67ee4: ;   {runtime_call throw_range_check_failed Runtime1 stub}
  0x0000028c5dc67ee4: 2408 e815 

  0x0000028c5dc67ee8: ; ImmutableOopMap {r11=Oop rax=Oop }
                      ;*iastore {reexecute=0 rethrow=0 return_oop=0}
                      ; - java.awt.image.DirectColorModel::createCompatibleWritableRaster@68 (line 1029)
                      ;   {internal_word}
  0x0000028c5dc67ee8: 7c2b 0749 | ba01 7dc6 | 5d8c 0200 | 004d 8997 | 7004 0000 

  0x0000028c5dc67efc: ;   {runtime_call SafepointBlob}
  0x0000028c5dc67efc: e9ff d71f 

  0x0000028c5dc67f00: ;   {internal_word}
  0x0000028c5dc67f00: 0749 ba49 | 7dc6 5d8c | 0200 004d | 8997 7004 

  0x0000028c5dc67f10: ;   {runtime_call SafepointBlob}
  0x0000028c5dc67f10: 0000 e9e9 

  0x0000028c5dc67f14: ;   {internal_word}
  0x0000028c5dc67f14: d71f 0749 | ba91 7dc6 | 5d8c 0200 | 004d 8997 | 7004 0000 

  0x0000028c5dc67f28: ;   {runtime_call SafepointBlob}
  0x0000028c5dc67f28: e9d3 d71f 

  0x0000028c5dc67f2c: ;   {metadata(nullptr)}
  0x0000028c5dc67f2c: 0748 ba00 | 0000 0000 | 0000 00b8 | 000f 050a 

  0x0000028c5dc67f3c: ;   {runtime_call load_klass_patching Runtime1 stub}
  0x0000028c5dc67f3c: e83f c52b 

  0x0000028c5dc67f40: ; ImmutableOopMap {}
                      ;*new {reexecute=1 rethrow=0 return_oop=0}
                      ; - (reexecute) java.awt.image.DirectColorModel::createCompatibleWritableRaster@8 (line 1016)
  0x0000028c5dc67f40: 07e9 5afe | ffff 488b 

  0x0000028c5dc67f48: ;   {runtime_call fast_new_instance Runtime1 stub}
  0x0000028c5dc67f48: d2e8 b28d 

  0x0000028c5dc67f4c: ; ImmutableOopMap {}
                      ;*new {reexecute=0 rethrow=0 return_oop=0}
                      ; - java.awt.image.DirectColorModel::createCompatibleWritableRaster@8 (line 1016)
  0x0000028c5dc67f4c: 2b07 e998 | feff ff48 | be00 0000 | 0000 0000 | 00b8 000f 

  0x0000028c5dc67f60: ;   {runtime_call load_appendix_patching Runtime1 stub}
  0x0000028c5dc67f60: 050a e819 

  0x0000028c5dc67f64: ; ImmutableOopMap {rax=Oop }
                      ;*invokedynamic {reexecute=1 rethrow=0 return_oop=0}
                      ; - (reexecute) java.awt.image.DirectColorModel::createCompatibleWritableRaster@14 (line 1016)
  0x0000028c5dc67f64: ce2b 07e9 | 84fe ffff | 498b 8708 | 0500 0049 | c787 0805 | 0000 0000 | 0000 49c7 | 8710 0500 
  0x0000028c5dc67f84: 0000 0000 | 0048 83c4 

  0x0000028c5dc67f8c: ;   {runtime_call unwind_exception Runtime1 stub}
  0x0000028c5dc67f8c: 405d e96d | 752b 07f4 | f4f4 f4f4 
[Stub Code]
  0x0000028c5dc67f98: ;   {no_reloc}
  0x0000028c5dc67f98: 0f1f 4400 

  0x0000028c5dc67f9c: ;   {static_stub}
  0x0000028c5dc67f9c: 0048 bb00 | 0000 0000 

  0x0000028c5dc67fa4: ;   {runtime_call}
  0x0000028c5dc67fa4: 0000 00e9 | fbff ffff 

  0x0000028c5dc67fac: ;   {static_stub}
  0x0000028c5dc67fac: 48bb 80f7 | 6873 8c02 

  0x0000028c5dc67fb4: ;   {runtime_call I2C/C2I adapters}
  0x0000028c5dc67fb4: 0000 e92a 

  0x0000028c5dc67fb8: ;   {static_stub}
  0x0000028c5dc67fb8: 8934 0748 | bb00 0000 | 0000 0000 

  0x0000028c5dc67fc4: ;   {runtime_call}
  0x0000028c5dc67fc4: 00e9 fbff 

  0x0000028c5dc67fc8: ;   {runtime_call handle_exception_from_callee Runtime1 stub}
  0x0000028c5dc67fc8: ffff e831 

  0x0000028c5dc67fcc: ;   {external_word}
  0x0000028c5dc67fcc: a22b 0748 | b978 b160 | 50fd 7f00 | 0048 83e4 

  0x0000028c5dc67fdc: ;   {runtime_call}
  0x0000028c5dc67fdc: f048 b8a0 | fe22 50fd | 7f00 00ff 

  0x0000028c5dc67fe8: ;   {section_word}
  0x0000028c5dc67fe8: d0f4 49ba | ea7f c65d | 8c02 0000 

  0x0000028c5dc67ff4: ;   {runtime_call DeoptimizationBlob}
  0x0000028c5dc67ff4: 4152 e9a5 | c91f 07f4 | f4f4 f4f4 
[/MachCode]


Compiled method (c1) 44942507 1600       3       java.security.AccessController::executePrivileged (69 bytes)
 total in heap  [0x0000028c5dba4f90,0x0000028c5dba55b8] = 1576
 relocation     [0x0000028c5dba50e8,0x0000028c5dba5158] = 112
 main code      [0x0000028c5dba5160,0x0000028c5dba5420] = 704
 stub code      [0x0000028c5dba5420,0x0000028c5dba5478] = 88
 metadata       [0x0000028c5dba5478,0x0000028c5dba5488] = 16
 scopes data    [0x0000028c5dba5488,0x0000028c5dba5510] = 136
 scopes pcs     [0x0000028c5dba5510,0x0000028c5dba55a0] = 144
 dependencies   [0x0000028c5dba55a0,0x0000028c5dba55a8] = 8
 nul chk table  [0x0000028c5dba55a8,0x0000028c5dba55b8] = 16

[Constant Pool (empty)]

[MachCode]
[Verified Entry Point]
  # {method} {0x0000028c72040020} 'executePrivileged' '(Ljava/security/PrivilegedAction;Ljava/security/AccessControlContext;Ljava/lang/Class;)Ljava/lang/Object;' in 'java/security/AccessController'
  # parm0:    rdx:rdx   = 'java/security/PrivilegedAction'
  # parm1:    r8:r8     = 'java/security/AccessControlContext'
  # parm2:    r9:r9     = 'java/lang/Class'
  #           [sp+0x60]  (sp of caller)
  0x0000028c5dba5160: 8984 2400 | 80ff ff55 | 4883 ec50 | 4181 7f20 | 0300 0000 

  0x0000028c5dba5174: ;   {runtime_call StubRoutines (final stubs)}
  0x0000028c5dba5174: 7405 e885 | fb29 074c | 8944 2430 | 4c89 4c24 

  0x0000028c5dba5184: ;   {metadata(method data for {method} {0x0000028c72040020} 'executePrivileged' '(Ljava/security/PrivilegedAction;Ljava/security/AccessControlContext;Ljava/lang/Class;)Ljava/lang/Object;' in 'java/security/AccessController')}
  0x0000028c5dba5184: 2848 bee8 | 886c 728c | 0200 008b | becc 0000 | 0083 c702 | 89be cc00 | 0000 81e7 | fe07 0000 
  0x0000028c5dba51a4: 85ff 0f84 | d201 0000 

  0x0000028c5dba51ac: ;   {metadata(method data for {method} {0x0000028c72040020} 'executePrivileged' '(Ljava/security/PrivilegedAction;Ljava/security/AccessControlContext;Ljava/lang/Class;)Ljava/lang/Object;' in 'java/security/AccessController')}
  0x0000028c5dba51ac: 4d85 c048 | bee8 886c | 728c 0200 | 0048 c7c7 | 1801 0000 | 7407 48c7 | c728 0100 | 0048 8b1c 
  0x0000028c5dba51cc: 3e48 8d5b | 0148 891c | 3e48 8954 | 2420 0f84 | 2400 0000 

  0x0000028c5dba51e0: ;   {metadata(method data for {method} {0x0000028c72040020} 'executePrivileged' '(Ljava/security/PrivilegedAction;Ljava/security/AccessControlContext;Ljava/lang/Class;)Ljava/lang/Object;' in 'java/security/AccessController')}
  0x0000028c5dba51e0: 48be e888 | 6c72 8c02 | 0000 4883 | 8638 0100 | 0001 498b 

  0x0000028c5dba51f4: ;   {static_call}
  0x0000028c5dba51f4: d066 90e8 

  0x0000028c5dba51f8: ; ImmutableOopMap {[32]=Oop [40]=Oop [48]=Oop }
                      ;*invokestatic ensureMaterializedForStackWalk {reexecute=0 rethrow=0 return_oop=0}
                      ; - java.security.AccessController::executePrivileged@5 (line 774)
  0x0000028c5dba51f8: bc83 8507 

  0x0000028c5dba51fc: ;   {other}
  0x0000028c5dba51fc: 0f1f 8400 | 6c02 0000 

  0x0000028c5dba5204: ;   {metadata(method data for {method} {0x0000028c72040020} 'executePrivileged' '(Ljava/security/PrivilegedAction;Ljava/security/AccessControlContext;Ljava/lang/Class;)Ljava/lang/Object;' in 'java/security/AccessController')}
  0x0000028c5dba5204: 48ba e888 | 6c72 8c02 | 0000 ff82 | 4801 0000 | 488b 5424 | 2048 3b02 

  0x0000028c5dba521c: ;   {metadata(method data for {method} {0x0000028c72040020} 'executePrivileged' '(Ljava/security/PrivilegedAction;Ljava/security/AccessControlContext;Ljava/lang/Class;)Ljava/lang/Object;' in 'java/security/AccessController')}
  0x0000028c5dba521c: 488b f248 | bfe8 886c | 728c 0200 | 008b 7608 | 483b b7b0 | 0100 0075 | 0d48 8387 | b801 0000 
  0x0000028c5dba523c: 01e9 6000 | 0000 483b | b7c0 0100 | 0075 0d48 | 8387 c801 | 0000 01e9 | 4a00 0000 | 4883 bfb0 
  0x0000028c5dba525c: 0100 0000 | 7517 4889 | b7b0 0100 | 0048 c787 | b801 0000 | 0100 0000 | e929 0000 | 0048 83bf 
  0x0000028c5dba527c: c001 0000 | 0075 1748 | 89b7 c001 | 0000 48c7 | 87c8 0100 | 0001 0000 | 00e9 0800 | 0000 4883 
  0x0000028c5dba529c: 87a8 0100 | 0001 6666 | 9048 b800 | ff4d 788c 

  0x0000028c5dba52ac: ;   {virtual_call}
  0x0000028c5dba52ac: 0200 00e8 

  0x0000028c5dba52b0: ; ImmutableOopMap {[40]=Oop [48]=Oop }
                      ;*invokeinterface run {reexecute=0 rethrow=0 return_oop=0}
                      ; - java.security.AccessController::executePrivileged@29 (line 778)
  0x0000028c5dba52b0: cc8f 3807 

  0x0000028c5dba52b4: ;   {other}
  0x0000028c5dba52b4: 0f1f 8400 | 2403 0001 

  0x0000028c5dba52bc: ;   {metadata(method data for {method} {0x0000028c72040020} 'executePrivileged' '(Ljava/security/PrivilegedAction;Ljava/security/AccessControlContext;Ljava/lang/Class;)Ljava/lang/Object;' in 'java/security/AccessController')}
  0x0000028c5dba52bc: 48ba e888 | 6c72 8c02 | 0000 ff82 | d801 0000 

  0x0000028c5dba52cc: ;   {metadata(method data for {method} {0x0000028c72040020} 'executePrivileged' '(Ljava/security/PrivilegedAction;Ljava/security/AccessControlContext;Ljava/lang/Class;)Ljava/lang/Object;' in 'java/security/AccessController')}
  0x0000028c5dba52cc: 48ba e888 | 6c72 8c02 | 0000 4883 | 8238 0200 | 0001 488b | d048 8944 

  0x0000028c5dba52e4: ;   {static_call}
  0x0000028c5dba52e4: 2438 90e8 

  0x0000028c5dba52e8: ; ImmutableOopMap {[40]=Oop [48]=Oop [56]=Oop }
                      ;*invokestatic ensureMaterializedForStackWalk {reexecute=0 rethrow=0 return_oop=0}
                      ; - java.security.AccessController::executePrivileged@56 (line 786)
  0x0000028c5dba52e8: cc82 8507 

  0x0000028c5dba52ec: ;   {other}
  0x0000028c5dba52ec: 0f1f 8400 | 5c03 0002 

  0x0000028c5dba52f4: ;   {metadata(method data for {method} {0x0000028c72040020} 'executePrivileged' '(Ljava/security/PrivilegedAction;Ljava/security/AccessControlContext;Ljava/lang/Class;)Ljava/lang/Object;' in 'java/security/AccessController')}
  0x0000028c5dba52f4: 48b8 e888 | 6c72 8c02 | 0000 4883 | 8048 0200 

  0x0000028c5dba5304: ;   {metadata(method data for {method} {0x0000028c72046108} 'reachabilityFence' '(Ljava/lang/Object;)V' in 'java/lang/ref/Reference')}
  0x0000028c5dba5304: 0001 48b8 | f086 4172 | 8c02 0000 | 8bb0 cc00 | 0000 83c6 | 0289 b0cc | 0000 0081 | e6fe ff1f 
  0x0000028c5dba5324: 0085 f60f | 8477 0000 

  0x0000028c5dba532c: ;   {metadata(method data for {method} {0x0000028c72040020} 'executePrivileged' '(Ljava/security/PrivilegedAction;Ljava/security/AccessControlContext;Ljava/lang/Class;)Ljava/lang/Object;' in 'java/security/AccessController')}
  0x0000028c5dba532c: 0048 b8e8 | 886c 728c | 0200 0048 | 8380 5802 

  0x0000028c5dba533c: ;   {metadata(method data for {method} {0x0000028c72046108} 'reachabilityFence' '(Ljava/lang/Object;)V' in 'java/lang/ref/Reference')}
  0x0000028c5dba533c: 0000 0148 | b8f0 8641 | 728c 0200 | 008b b0cc | 0000 0083 | c602 89b0 | cc00 0000 | 81e6 feff 
  0x0000028c5dba535c: 1f00 85f6 | 0f84 5f00 | 0000 488b | 4424 3848 | 83c4 505d 

  0x0000028c5dba5370: ;   {poll_return}
  0x0000028c5dba5370: 493b a758 | 0400 000f | 8766 0000 

  0x0000028c5dba537c: ;   {metadata({method} {0x0000028c72040020} 'executePrivileged' '(Ljava/security/PrivilegedAction;Ljava/security/AccessControlContext;Ljava/lang/Class;)Ljava/lang/Object;' in 'java/security/AccessController')}
  0x0000028c5dba537c: 00c3 49ba | 1800 0472 | 8c02 0000 | 4c89 5424 | 0848 c704 | 24ff ffff 

  0x0000028c5dba5394: ;   {runtime_call counter_overflow Runtime1 stub}
  0x0000028c5dba5394: ffe8 6601 

  0x0000028c5dba5398: ; ImmutableOopMap {rdx=Oop r8=Oop r9=Oop [40]=Oop [48]=Oop }
                      ;*synchronization entry
                      ; - java.security.AccessController::executePrivileged@-1 (line 773)
  0x0000028c5dba5398: 3807 e90d 

  0x0000028c5dba539c: ;   {runtime_call throw_null_pointer_exception Runtime1 stub}
  0x0000028c5dba539c: feff ffe8 

  0x0000028c5dba53a0: ; ImmutableOopMap {rdx=Oop [40]=Oop [48]=Oop }
                      ;*invokeinterface run {reexecute=0 rethrow=0 return_oop=0}
                      ; - java.security.AccessController::executePrivileged@29 (line 778)
  0x0000028c5dba53a0: 5cb0 3707 

  0x0000028c5dba53a4: ;   {metadata({method} {0x0000028c72046108} 'reachabilityFence' '(Ljava/lang/Object;)V' in 'java/lang/ref/Reference')}
  0x0000028c5dba53a4: 49ba 0061 | 0472 8c02 | 0000 4c89 | 5424 0848 | c704 24ff 

  0x0000028c5dba53b8: ;   {runtime_call counter_overflow Runtime1 stub}
  0x0000028c5dba53b8: ffff ffe8 

  0x0000028c5dba53bc: ; ImmutableOopMap {[40]=Oop [56]=Oop }
                      ;*synchronization entry
                      ; - java.lang.ref.Reference::reachabilityFence@-1 (line 628)
                      ; - java.security.AccessController::executePrivileged@60 (line 790)
  0x0000028c5dba53bc: 4001 3807 | e968 ffff 

  0x0000028c5dba53c4: ;   {metadata({method} {0x0000028c72046108} 'reachabilityFence' '(Ljava/lang/Object;)V' in 'java/lang/ref/Reference')}
  0x0000028c5dba53c4: ff49 ba00 | 6104 728c | 0200 004c | 8954 2408 | 48c7 0424 | ffff ffff 

  0x0000028c5dba53dc: ;   {runtime_call counter_overflow Runtime1 stub}
  0x0000028c5dba53dc: e81f 0138 

  0x0000028c5dba53e0: ; ImmutableOopMap {[56]=Oop }
                      ;*synchronization entry
                      ; - java.lang.ref.Reference::reachabilityFence@-1 (line 628)
                      ; - java.security.AccessController::executePrivileged@64 (line 791)
                      ;   {internal_word}
  0x0000028c5dba53e0: 07eb 8349 | ba70 53ba | 5d8c 0200 | 004d 8997 | 7004 0000 

  0x0000028c5dba53f4: ;   {runtime_call SafepointBlob}
  0x0000028c5dba53f4: e907 032c | 0749 8b87 | 0805 0000 | 49c7 8708 | 0500 0000 | 0000 0049 | c787 1005 | 0000 0000 
  0x0000028c5dba5414: 0000 4883 

  0x0000028c5dba5418: ;   {runtime_call unwind_exception Runtime1 stub}
  0x0000028c5dba5418: c450 5de9 | e0a0 3707 
[Stub Code]
  0x0000028c5dba5420: ;   {no_reloc}
  0x0000028c5dba5420: 0f1f 4400 

  0x0000028c5dba5424: ;   {static_stub}
  0x0000028c5dba5424: 0048 bb00 | 0000 0000 

  0x0000028c5dba542c: ;   {runtime_call}
  0x0000028c5dba542c: 0000 00e9 | fbff ffff 

  0x0000028c5dba5434: ;   {static_stub}
  0x0000028c5dba5434: 48bb 0000 | 0000 0000 

  0x0000028c5dba543c: ;   {runtime_call}
  0x0000028c5dba543c: 0000 e9fb 

  0x0000028c5dba5440: ;   {runtime_call handle_exception_from_callee Runtime1 stub}
  0x0000028c5dba5440: ffff ffe8 | b8cd 3707 

  0x0000028c5dba5448: ;   {external_word}
  0x0000028c5dba5448: 48b9 78b1 | 6050 fd7f | 0000 4883 

  0x0000028c5dba5454: ;   {runtime_call}
  0x0000028c5dba5454: e4f0 48b8 | a0fe 2250 | fd7f 0000 

  0x0000028c5dba5460: ;   {section_word}
  0x0000028c5dba5460: ffd0 f449 | ba63 54ba | 5d8c 0200 

  0x0000028c5dba546c: ;   {runtime_call DeoptimizationBlob}
  0x0000028c5dba546c: 0041 52e9 | 2cf5 2b07 | f4f4 f4f4 
[/MachCode]


---------------  P R O C E S S  ---------------

Threads class SMR info:
_java_thread_list=0x0000028c766062e0, length=17, elements={
0x0000028c7604cea0, 0x0000028c7604e6d0, 0x0000028c76058fc0, 0x0000028c76059630,
0x0000028c76057f10, 0x0000028c7606dd30, 0x0000028c760703b0, 0x0000028c76074a80,
0x0000028c76219d50, 0x0000028c7621dbf0, 0x0000028c764373f0, 0x0000028c765341c0,
0x0000028c76536d80, 0x0000028c76669260, 0x0000028c765d7940, 0x0000028c790b3e20,
0x0000028c790b2a70
}

Java Threads: ( => current thread )
  0x0000028c7604cea0 JavaThread "Reference Handler"          daemon [_thread_blocked, id=16224, stack(0x000000e355100000,0x000000e355200000) (1024K)]
  0x0000028c7604e6d0 JavaThread "Finalizer"                  daemon [_thread_blocked, id=27512, stack(0x000000e355200000,0x000000e355300000) (1024K)]
  0x0000028c76058fc0 JavaThread "Signal Dispatcher"          daemon [_thread_blocked, id=12988, stack(0x000000e355300000,0x000000e355400000) (1024K)]
  0x0000028c76059630 JavaThread "Attach Listener"            daemon [_thread_blocked, id=10636, stack(0x000000e355400000,0x000000e355500000) (1024K)]
  0x0000028c76057f10 JavaThread "Service Thread"             daemon [_thread_blocked, id=20024, stack(0x000000e355500000,0x000000e355600000) (1024K)]
  0x0000028c7606dd30 JavaThread "Monitor Deflation Thread"   daemon [_thread_blocked, id=27664, stack(0x000000e355600000,0x000000e355700000) (1024K)]
  0x0000028c760703b0 JavaThread "C2 CompilerThread0"         daemon [_thread_blocked, id=8440, stack(0x000000e355700000,0x000000e355800000) (1024K)]
  0x0000028c76074a80 JavaThread "C1 CompilerThread0"         daemon [_thread_blocked, id=12800, stack(0x000000e355800000,0x000000e355900000) (1024K)]
  0x0000028c76219d50 JavaThread "Notification Thread"        daemon [_thread_blocked, id=15048, stack(0x000000e355900000,0x000000e355a00000) (1024K)]
  0x0000028c7621dbf0 JavaThread "Common-Cleaner"             daemon [_thread_blocked, id=8540, stack(0x000000e355a00000,0x000000e355b00000) (1024K)]
  0x0000028c764373f0 JavaThread "Java2D Disposer"            daemon [_thread_blocked, id=15932, stack(0x000000e355b00000,0x000000e355c00000) (1024K)]
  0x0000028c765341c0 JavaThread "AWT-Shutdown"                      [_thread_blocked, id=10332, stack(0x000000e355c00000,0x000000e355d00000) (1024K)]
  0x0000028c76536d80 JavaThread "AWT-Windows"                daemon [_thread_in_native, id=24336, stack(0x000000e355d00000,0x000000e355e00000) (1024K)]
=>0x0000028c76669260 JavaThread "AWT-EventQueue-0"                  [_thread_in_vm, id=16148, stack(0x000000e355e00000,0x000000e355f00000) (1024K)]
  0x0000028c765d7940 JavaThread "mysql-cj-abandoned-connection-cleanup" daemon [_thread_blocked, id=16740, stack(0x000000e355f00000,0x000000e356000000) (1024K)]
  0x0000028c790b3e20 JavaThread "DestroyJavaVM"                     [_thread_blocked, id=25984, stack(0x000000e354900000,0x000000e354a00000) (1024K)]
  0x0000028c790b2a70 JavaThread "TimerQueue"                 daemon [_thread_blocked, id=22660, stack(0x000000e356000000,0x000000e356100000) (1024K)]
Total: 17

Other Threads:
  0x0000028c76010b80 VMThread "VM Thread"                           [id=24420, stack(0x000000e355000000,0x000000e355100000) (1024K)]
  0x0000028c71d7ae30 WatcherThread "VM Periodic Task Thread"        [id=2188, stack(0x000000e354f00000,0x000000e355000000) (1024K)]
  0x0000028c59e38c20 WorkerThread "GC Thread#0"                     [id=19556, stack(0x000000e354a00000,0x000000e354b00000) (1024K)]
  0x0000028c768e47e0 WorkerThread "GC Thread#1"                     [id=23088, stack(0x000000e356100000,0x000000e356200000) (1024K)]
  0x0000028c76b32710 WorkerThread "GC Thread#2"                     [id=24276, stack(0x000000e356200000,0x000000e356300000) (1024K)]
  0x0000028c76b32ac0 WorkerThread "GC Thread#3"                     [id=7904, stack(0x000000e356300000,0x000000e356400000) (1024K)]
  0x0000028c785ebaa0 WorkerThread "GC Thread#4"                     [id=24900, stack(0x000000e356400000,0x000000e356500000) (1024K)]
  0x0000028c769c4a60 WorkerThread "GC Thread#5"                     [id=4140, stack(0x000000e356500000,0x000000e356600000) (1024K)]
  0x0000028c7851f850 WorkerThread "GC Thread#6"                     [id=2064, stack(0x000000e356600000,0x000000e356700000) (1024K)]
  0x0000028c784a8c50 WorkerThread "GC Thread#7"                     [id=25656, stack(0x000000e356700000,0x000000e356800000) (1024K)]
  0x0000028c59e4b500 ConcurrentGCThread "G1 Main Marker"            [id=17316, stack(0x000000e354b00000,0x000000e354c00000) (1024K)]
  0x0000028c59e4c6c0 WorkerThread "G1 Conc#0"                       [id=21964, stack(0x000000e354c00000,0x000000e354d00000) (1024K)]
  0x0000028c76a41cd0 WorkerThread "G1 Conc#1"                       [id=1728, stack(0x000000e356800000,0x000000e356900000) (1024K)]
  0x0000028c59eae780 ConcurrentGCThread "G1 Refine#0"               [id=18540, stack(0x000000e354d00000,0x000000e354e00000) (1024K)]
  0x0000028c59eaebc0 ConcurrentGCThread "G1 Service"                [id=8064, stack(0x000000e354e00000,0x000000e354f00000) (1024K)]
Total: 15

Threads with active compile tasks:
Total: 0

VM state: not at safepoint (normal execution)

VM Mutex/Monitor currently owned by a thread:  ([mutex/lock_event])
[0x00007ffd508d1080] Heap_lock - owner thread: 0x0000028c76669260

Heap address: 0x0000000082000000, size: 2016 MB, Compressed Oops mode: 32-bit

CDS archive(s) not mapped
Compressed class space mapped at: 0x0000000026000000-0x0000000066000000, reserved size: 1073741824
Narrow klass base: 0x0000000000000000, Narrow klass shift: 0, Narrow klass range: 0x66000000

GC Precious Log:
 CardTable entry size: 512
 Card Set container configuration: InlinePtr #cards 5 size 8 Array Of Cards #cards 12 size 40 Howl #buckets 4 coarsen threshold 1843 Howl Bitmap #cards 512 size 80 coarsen threshold 460 Card regions per heap region 1 cards per card region 2048
 CPUs: 8 total, 8 available
 Memory: 8059M
 Large Page Support: Disabled
 NUMA Support: Disabled
 Compressed Oops: Enabled (32-bit)
 Heap Region Size: 1M
 Heap Min Capacity: 8M
 Heap Initial Capacity: 126M
 Heap Max Capacity: 2016M
 Pre-touch: Disabled
 Parallel Workers: 8
 Concurrent Workers: 2
 Concurrent Refinement Workers: 8
 Periodic GC: Disabled

Heap:
 garbage-first heap   total reserved 2064384K, committed 17408K, used 15681K [0x0000000082000000, 0x0000000100000000)
  region size 1024K, 14 young (14336K), 3 survivors (3072K)
 Metaspace       used 28471K, committed 28736K, reserved 1114112K
  class space    used 2960K, committed 3072K, reserved 1048576K

Heap Regions: E=young(eden), S=young(survivor), O=old, HS=humongous(starts), HC=humongous(continues), CS=collection set, F=free, TAMS=top-at-mark-start, PB=parsable bottom
|   0|0x0000000082000000, 0x0000000082100000, 0x0000000082100000|100%| O|  |TAMS 0x0000000082000000| PB 0x0000000082000000| Untracked |  0
|   1|0x0000000082100000, 0x000000008211aa90, 0x0000000082200000| 10%| O|Cm|TAMS 0x0000000082100000| PB 0x0000000082100000| Complete |  0
|   2|0x0000000082200000, 0x0000000082300000, 0x0000000082300000|100%|HS|  |TAMS 0x0000000082200000| PB 0x0000000082200000| Complete |  0
|   3|0x0000000082300000, 0x0000000082335c40, 0x0000000082400000| 21%| E|  |TAMS 0x0000000082300000| PB 0x0000000082300000| Complete |  0
|   4|0x0000000082400000, 0x0000000082500000, 0x0000000082500000|100%| E|CS|TAMS 0x0000000082400000| PB 0x0000000082400000| Complete |  0
|   5|0x0000000082500000, 0x0000000082600000, 0x0000000082600000|100%| E|CS|TAMS 0x0000000082500000| PB 0x0000000082500000| Complete |  0
|   6|0x0000000082600000, 0x0000000082700000, 0x0000000082700000|100%| E|CS|TAMS 0x0000000082600000| PB 0x0000000082600000| Complete |  0
|   7|0x0000000082700000, 0x0000000082800000, 0x0000000082800000|100%| E|CS|TAMS 0x0000000082700000| PB 0x0000000082700000| Complete |  0
|   8|0x0000000082800000, 0x0000000082900000, 0x0000000082900000|100%| E|CS|TAMS 0x0000000082800000| PB 0x0000000082800000| Complete |  0
|   9|0x0000000082900000, 0x0000000082a00000, 0x0000000082a00000|100%| E|CS|TAMS 0x0000000082900000| PB 0x0000000082900000| Complete |  0
|  10|0x0000000082a00000, 0x0000000082b00000, 0x0000000082b00000|100%| E|  |TAMS 0x0000000082a00000| PB 0x0000000082a00000| Complete |  0
|  11|0x0000000082b00000, 0x0000000082c00000, 0x0000000082c00000|100%| E|CS|TAMS 0x0000000082b00000| PB 0x0000000082b00000| Complete |  0
|  12|0x0000000082c00000, 0x0000000082d00000, 0x0000000082d00000|100%| E|CS|TAMS 0x0000000082c00000| PB 0x0000000082c00000| Complete |  0
| 103|0x0000000088700000, 0x0000000088800000, 0x0000000088800000|100%| S|CS|TAMS 0x0000000088700000| PB 0x0000000088700000| Complete |  0
| 104|0x0000000088800000, 0x0000000088900000, 0x0000000088900000|100%| S|CS|TAMS 0x0000000088800000| PB 0x0000000088800000| Complete |  0
| 105|0x0000000088900000, 0x0000000088a00000, 0x0000000088a00000|100%| S|CS|TAMS 0x0000000088900000| PB 0x0000000088900000| Complete |  0
| 125|0x0000000089d00000, 0x0000000089e00000, 0x0000000089e00000|100%| E|CS|TAMS 0x0000000089d00000| PB 0x0000000089d00000| Complete |  0

Card table byte_map: [0x0000028c6d010000,0x0000028c6d400000] _byte_map_base: 0x0000028c6cc00000

Marking Bits: (CMBitMap*) 0x0000028c59e39240
 Bits: [0x0000028c6d400000, 0x0000028c6f380000)

Polling page: 0x0000028c57de0000

Metaspace:

Usage:
  Non-class:     24.91 MB used.
      Class:      2.89 MB used.
       Both:     27.80 MB used.

Virtual space:
  Non-class space:       64.00 MB reserved,      25.06 MB ( 39%) committed,  1 nodes.
      Class space:        1.00 GB reserved,       3.00 MB ( <1%) committed,  1 nodes.
             Both:        1.06 GB reserved,      28.06 MB (  3%) committed. 

Chunk freelists:
   Non-Class:  7.00 MB
       Class:  13.02 MB
        Both:  20.02 MB

MaxMetaspaceSize: unlimited
CompressedClassSpaceSize: 1.00 GB
Initial GC threshold: 21.00 MB
Current GC threshold: 35.12 MB
CDS: off
 - commit_granule_bytes: 65536.
 - commit_granule_words: 8192.
 - virtual_space_node_default_size: 8388608.
 - enlarge_chunks_in_place: 1.
 - use_allocation_guard: 0.


Internal statistics:

num_allocs_failed_limit: 3.
num_arena_births: 208.
num_arena_deaths: 0.
num_vsnodes_births: 2.
num_vsnodes_deaths: 0.
num_space_committed: 449.
num_space_uncommitted: 0.
num_chunks_returned_to_freelist: 3.
num_chunks_taken_from_freelist: 470.
num_chunk_merges: 0.
num_chunk_splits: 270.
num_chunks_enlarged: 160.
num_inconsistent_stats: 0.

CodeHeap 'non-profiled nmethods': size=120000Kb used=853Kb max_used=853Kb free=119146Kb
 bounds [0x0000028c653b0000, 0x0000028c65620000, 0x0000028c6c8e0000]
CodeHeap 'profiled nmethods': size=120000Kb used=3642Kb max_used=3642Kb free=116357Kb
 bounds [0x0000028c5d8e0000, 0x0000028c5dc70000, 0x0000028c64e10000]
CodeHeap 'non-nmethods': size=5760Kb used=1761Kb max_used=1798Kb free=3998Kb
 bounds [0x0000028c64e10000, 0x0000028c65080000, 0x0000028c653b0000]
 total_blobs=2969 nmethods=2181 adapters=693
 compilation: enabled
              stopped_count=0, restarted_count=0
 full_count=0

Compilation events (20 events):
Event: 44719.814 Thread 0x0000028c76074a80 2171       3       java.awt.font.FontRenderContext::equals (127 bytes)
Event: 44719.816 Thread 0x0000028c76074a80 nmethod 2171 0x0000028c5dc6a490 code [0x0000028c5dc6a780, 0x0000028c5dc6b830]
Event: 44719.817 Thread 0x0000028c76074a80 2172       1       javax.swing.text.View::getParent (5 bytes)
Event: 44719.817 Thread 0x0000028c76074a80 nmethod 2172 0x0000028c65484a90 code [0x0000028c65484c20, 0x0000028c65484ce8]
Event: 44719.916 Thread 0x0000028c76074a80 2173       3       java.util.IdentityHashMap$IdentityHashMapIterator::nextIndex (72 bytes)
Event: 44719.918 Thread 0x0000028c76074a80 nmethod 2173 0x0000028c5dc6bb90 code [0x0000028c5dc6bd60, 0x0000028c5dc6c0d0]
Event: 44937.331 Thread 0x0000028c76074a80 2174       3       sun.java2d.Disposer::addRecord (17 bytes)
Event: 44937.332 Thread 0x0000028c76074a80 nmethod 2174 0x0000028c5dc6c210 code [0x0000028c5dc6c3c0, 0x0000028c5dc6c638]
Event: 44937.332 Thread 0x0000028c76074a80 2175       3       sun.java2d.DefaultDisposerRecord::<init> (15 bytes)
Event: 44937.332 Thread 0x0000028c76074a80 nmethod 2175 0x0000028c5dc6c790 code [0x0000028c5dc6c920, 0x0000028c5dc6ca90]
Event: 44937.332 Thread 0x0000028c76074a80 2176       3       sun.java2d.StateTrackableDelegate::<init> (10 bytes)
Event: 44937.333 Thread 0x0000028c76074a80 nmethod 2176 0x0000028c5dc6cb90 code [0x0000028c5dc6cd20, 0x0000028c5dc6ced8]
Event: 44937.333 Thread 0x0000028c76074a80 2177       3       sun.java2d.SurfaceData::<init> (36 bytes)
Event: 44937.333 Thread 0x0000028c76074a80 nmethod 2177 0x0000028c5dc6cf90 code [0x0000028c5dc6d140, 0x0000028c5dc6d4c8]
Event: 44939.047 Thread 0x0000028c76074a80 2178       3       sun.java2d.StateTrackableDelegate::createInstance (80 bytes)
Event: 44939.061 Thread 0x0000028c76074a80 nmethod 2178 0x0000028c5dc6d610 code [0x0000028c5dc6d820, 0x0000028c5dc6de38]
Event: 44939.084 Thread 0x0000028c760703b0 2179  s    4       sun.java2d.loops.GraphicsPrimitive::makeUniqueID (26 bytes)
Event: 44939.089 Thread 0x0000028c76074a80 2180   !   3       java.awt.Component::firePropertyChange (59 bytes)
Event: 44939.096 Thread 0x0000028c76074a80 nmethod 2180 0x0000028c5dc6e010 code [0x0000028c5dc6e1e0, 0x0000028c5dc6e6f8]
Event: 44939.100 Thread 0x0000028c760703b0 nmethod 2179 0x0000028c65485190 code [0x0000028c65485320, 0x0000028c65485568]

GC Heap History (2 events):
Event: 1.001 GC heap before
{Heap before GC invocations=0 (full 0):
 garbage-first heap   total reserved 2064384K, committed 129024K, used 18432K [0x0000000082000000, 0x0000000100000000)
  region size 1024K, 20 young (20480K), 0 survivors (0K)
 Metaspace       used 21292K, committed 21504K, reserved 1114112K
  class space    used 2129K, committed 2240K, reserved 1048576K
}
Event: 1.007 GC heap after
{Heap after GC invocations=1 (full 0):
 garbage-first heap   total reserved 2064384K, committed 129024K, used 4202K [0x0000000082000000, 0x0000000100000000)
  region size 1024K, 3 young (3072K), 3 survivors (3072K)
 Metaspace       used 21292K, committed 21504K, reserved 1114112K
  class space    used 2129K, committed 2240K, reserved 1048576K
}

Dll operation events (11 events):
Event: 0.011 Loaded shared library C:\Users\grism\.p2\pool\plugins\org.eclipse.justj.openjdk.hotspot.jre.full.win32.x86_64_22.0.2.v20240802-1626\jre\bin\java.dll
Event: 0.017 Loaded shared library C:\Users\grism\.p2\pool\plugins\org.eclipse.justj.openjdk.hotspot.jre.full.win32.x86_64_22.0.2.v20240802-1626\jre\bin\zip.dll
Event: 0.136 Loaded shared library C:\Users\grism\.p2\pool\plugins\org.eclipse.justj.openjdk.hotspot.jre.full.win32.x86_64_22.0.2.v20240802-1626\jre\bin\jimage.dll
Event: 0.160 Loaded shared library C:\Users\grism\.p2\pool\plugins\org.eclipse.justj.openjdk.hotspot.jre.full.win32.x86_64_22.0.2.v20240802-1626\jre\bin\zip.dll
Event: 0.191 Loaded shared library C:\Users\grism\.p2\pool\plugins\org.eclipse.justj.openjdk.hotspot.jre.full.win32.x86_64_22.0.2.v20240802-1626\jre\bin\net.dll
Event: 0.194 Loaded shared library C:\Users\grism\.p2\pool\plugins\org.eclipse.justj.openjdk.hotspot.jre.full.win32.x86_64_22.0.2.v20240802-1626\jre\bin\nio.dll
Event: 0.228 Loaded shared library C:\Users\grism\.p2\pool\plugins\org.eclipse.justj.openjdk.hotspot.jre.full.win32.x86_64_22.0.2.v20240802-1626\jre\bin\awt.dll
Event: 0.673 Loaded shared library C:\Users\grism\.p2\pool\plugins\org.eclipse.justj.openjdk.hotspot.jre.full.win32.x86_64_22.0.2.v20240802-1626\jre\bin\extnet.dll
Event: 0.980 Loaded shared library C:\Users\grism\.p2\pool\plugins\org.eclipse.justj.openjdk.hotspot.jre.full.win32.x86_64_22.0.2.v20240802-1626\jre\bin\sunmscapi.dll
Event: 1.412 Loaded shared library C:\Users\grism\.p2\pool\plugins\org.eclipse.justj.openjdk.hotspot.jre.full.win32.x86_64_22.0.2.v20240802-1626\jre\bin\freetype.dll
Event: 1.414 Loaded shared library C:\Users\grism\.p2\pool\plugins\org.eclipse.justj.openjdk.hotspot.jre.full.win32.x86_64_22.0.2.v20240802-1626\jre\bin\fontmanager.dll

Deoptimization events (20 events):
Event: 1.423 Thread 0x0000028c57c9e2c0 DEOPT PACKING pc=0x0000028c653e8cb4 sp=0x000000e3549fdb30
Event: 1.423 Thread 0x0000028c57c9e2c0 DEOPT UNPACKING pc=0x0000028c64e646a2 sp=0x000000e3549fdaa0 mode 2
Event: 1.449 Thread 0x0000028c57c9e2c0 DEOPT PACKING pc=0x0000028c5dbb3ef7 sp=0x000000e3549fdba0
Event: 1.449 Thread 0x0000028c57c9e2c0 DEOPT UNPACKING pc=0x0000028c64e64e42 sp=0x000000e3549fd010 mode 0
Event: 44718.757 Thread 0x0000028c76536d80 Uncommon trap: trap_request=0xffffff45 fr.pc=0x0000028c654818b0 relative=0x0000000000000090
Event: 44718.761 Thread 0x0000028c76536d80 Uncommon trap: reason=unstable_if action=reinterpret pc=0x0000028c654818b0 method=sun.awt.AWTAutoShutdown.isReadyToShutdown()Z @ 4 c2
Event: 44718.761 Thread 0x0000028c76536d80 DEOPT PACKING pc=0x0000028c654818b0 sp=0x000000e355dfdc20
Event: 44718.764 Thread 0x0000028c76536d80 DEOPT UNPACKING pc=0x0000028c64e646a2 sp=0x000000e355dfdbc0 mode 2
Event: 44718.791 Thread 0x0000028c76669260 Uncommon trap: trap_request=0xffffff45 fr.pc=0x0000028c6546d304 relative=0x0000000000000064
Event: 44718.791 Thread 0x0000028c76669260 Uncommon trap: reason=unstable_if action=reinterpret pc=0x0000028c6546d304 method=java.util.concurrent.locks.AbstractQueuedSynchronizer$ConditionObject.canReacquire(Ljava/util/concurrent/locks/AbstractQueuedSynchronizer$ConditionNode;)Z @ 10 c2
Event: 44718.791 Thread 0x0000028c76669260 DEOPT PACKING pc=0x0000028c6546d304 sp=0x000000e355eff190
Event: 44718.791 Thread 0x0000028c76669260 DEOPT UNPACKING pc=0x0000028c64e646a2 sp=0x000000e355eff128 mode 2
Event: 44718.791 Thread 0x0000028c76669260 Uncommon trap: trap_request=0xffffff45 fr.pc=0x0000028c6547ad24 relative=0x0000000000000204
Event: 44718.791 Thread 0x0000028c76669260 Uncommon trap: reason=unstable_if action=reinterpret pc=0x0000028c6547ad24 method=java.util.concurrent.locks.AbstractQueuedSynchronizer.acquire(Ljava/util/concurrent/locks/AbstractQueuedSynchronizer$Node;IZZZJ)I @ 40 c2
Event: 44718.791 Thread 0x0000028c76669260 DEOPT PACKING pc=0x0000028c6547ad24 sp=0x000000e355eff110
Event: 44718.792 Thread 0x0000028c76669260 DEOPT UNPACKING pc=0x0000028c64e646a2 sp=0x000000e355eff0a8 mode 2
Event: 44719.919 Thread 0x0000028c76669260 Uncommon trap: trap_request=0xffffff45 fr.pc=0x0000028c65481bd8 relative=0x0000000000000058
Event: 44719.919 Thread 0x0000028c76669260 Uncommon trap: reason=unstable_if action=reinterpret pc=0x0000028c65481bd8 method=java.util.IdentityHashMap.isEmpty()Z @ 4 c2
Event: 44719.919 Thread 0x0000028c76669260 DEOPT PACKING pc=0x0000028c65481bd8 sp=0x000000e355efecd0
Event: 44719.919 Thread 0x0000028c76669260 DEOPT UNPACKING pc=0x0000028c64e646a2 sp=0x000000e355efec60 mode 2

Classes loaded (20 events):
Event: 3.688 Loading class java/awt/Toolkit$SelectiveAWTEventListener
Event: 3.688 Loading class java/awt/Toolkit$SelectiveAWTEventListener done
Event: 3.688 Loading class java/awt/Toolkit$ToolkitEventMulticaster
Event: 3.688 Loading class java/awt/Toolkit$ToolkitEventMulticaster done
Event: 3.690 Loading class java/awt/event/MouseWheelEvent
Event: 3.691 Loading class java/awt/event/MouseWheelEvent done
Event: 3.727 Loading class sun/java2d/pipe/RegionClipSpanIterator
Event: 3.727 Loading class sun/java2d/pipe/RegionClipSpanIterator done
Event: 3.891 Loading class java/awt/LightweightDispatcher$2
Event: 3.891 Loading class java/awt/LightweightDispatcher$2 done
Event: 9526.361 Loading class java/awt/desktop/SystemSleepListener
Event: 9526.368 Loading class java/awt/desktop/SystemEventListener
Event: 9526.372 Loading class java/awt/desktop/SystemEventListener done
Event: 9526.373 Loading class java/awt/desktop/SystemSleepListener done
Event: 44936.272 Loading class java/util/WeakHashMap$KeyIterator
Event: 44936.338 Loading class java/util/WeakHashMap$HashIterator
Event: 44936.635 Loading class java/util/WeakHashMap$HashIterator done
Event: 44936.636 Loading class java/util/WeakHashMap$KeyIterator done
Event: 44937.247 Loading class javax/swing/RepaintManager$DisplayChangedRunnable
Event: 44937.324 Loading class javax/swing/RepaintManager$DisplayChangedRunnable done

Classes unloaded (0 events):
No events

Classes redefined (0 events):
No events

Internal exceptions (20 events):
Event: 0.449 Thread 0x0000028c57c9e2c0 Exception <a 'java/lang/ClassNotFoundException'{0x00000000897b1250}: com/sun/swing/internal/plaf/basic/resources/spi/basicProvider> (0x00000000897b1250) 
thrown [s\src\hotspot\share\classfile\systemDictionary.cpp, line 313]
Event: 0.454 Thread 0x0000028c57c9e2c0 Exception <a 'java/lang/NoSuchMethodError'{0x00000000897d0088}: 'java.lang.Object java.lang.invoke.Invokers$Holder.invokeExact_MT(java.lang.Object, java.lang.Object, java.lang.Object, java.lang.Object, java.lang.Object, java.lang.Object)'> (0x00000000897d0088) 
thrown [s\src\hotspot\share\interpreter\linkResolver.cpp, line 774]
Event: 0.466 Thread 0x0000028c57c9e2c0 Exception <a 'java/lang/NoSuchMethodError'{0x00000000896008e8}: 'int java.lang.invoke.Invokers$Holder.invokeExact_MT(java.lang.Object, java.lang.Object)'> (0x00000000896008e8) 
thrown [s\src\hotspot\share\interpreter\linkResolver.cpp, line 774]
Event: 0.508 Thread 0x0000028c57c9e2c0 Exception <a 'java/lang/NoSuchMethodError'{0x00000000895106e0}: 'void java.lang.invoke.DirectMethodHandle$Holder.invokeStatic(java.lang.Object, java.lang.Object)'> (0x00000000895106e0) 
thrown [s\src\hotspot\share\interpreter\linkResolver.cpp, line 774]
Event: 0.538 Thread 0x0000028c57c9e2c0 Exception <a 'java/lang/NoSuchMethodError'{0x000000008943a738}: 'java.lang.Object java.lang.invoke.DirectMethodHandle$Holder.invokeInterface(java.lang.Object, java.lang.Object)'> (0x000000008943a738) 
thrown [s\src\hotspot\share\interpreter\linkResolver.cpp, line 774]
Event: 0.564 Thread 0x0000028c57c9e2c0 Exception <a 'java/lang/NoSuchMethodError'{0x00000000894c2df8}: 'void java.lang.invoke.DirectMethodHandle$Holder.invokeStatic(java.lang.Object, java.lang.Object, java.lang.Object)'> (0x00000000894c2df8) 
thrown [s\src\hotspot\share\interpreter\linkResolver.cpp, line 774]
Event: 0.565 Thread 0x0000028c57c9e2c0 Exception <a 'java/lang/NoSuchMethodError'{0x00000000894cc1b0}: 'java.lang.Object java.lang.invoke.DirectMethodHandle$Holder.invokeVirtual(java.lang.Object, java.lang.Object, java.lang.Object)'> (0x00000000894cc1b0) 
thrown [s\src\hotspot\share\interpreter\linkResolver.cpp, line 774]
Event: 0.774 Thread 0x0000028c57c9e2c0 Exception <a 'java/lang/NoSuchMethodError'{0x0000000088d62520}: 'void java.lang.invoke.DirectMethodHandle$Holder.invokeStaticInit(java.lang.Object, java.lang.Object)'> (0x0000000088d62520) 
thrown [s\src\hotspot\share\interpreter\linkResolver.cpp, line 774]
Event: 0.848 Thread 0x0000028c57c9e2c0 Exception <a 'sun/nio/fs/WindowsException'{0x0000000088c95540}> (0x0000000088c95540) 
thrown [s\src\hotspot\share\prims\jni.cpp, line 520]
Event: 0.892 Thread 0x0000028c57c9e2c0 Exception <a 'java/lang/NoSuchMethodError'{0x0000000088b3ab68}: 'java.lang.Object java.lang.invoke.DirectMethodHandle$Holder.invokeStaticInit(java.lang.Object, int, int, int, int)'> (0x0000000088b3ab68) 
thrown [s\src\hotspot\share\interpreter\linkResolver.cpp, line 774]
Event: 0.939 Thread 0x0000028c57c9e2c0 Exception <a 'java/lang/NoSuchMethodError'{0x0000000088b81ad8}: 'java.lang.Object java.lang.invoke.DirectMethodHandle$Holder.invokeStaticInit(java.lang.Object, java.lang.Object, int, int, int, int)'> (0x0000000088b81ad8) 
thrown [s\src\hotspot\share\interpreter\linkResolver.cpp, line 774]
Event: 1.019 Thread 0x0000028c57c9e2c0 Exception <a 'java/lang/NoSuchMethodError'{0x0000000089d207a0}: 'int java.lang.invoke.DirectMethodHandle$Holder.invokeSpecial(java.lang.Object, java.lang.Object, java.lang.Object)'> (0x0000000089d207a0) 
thrown [s\src\hotspot\share\interpreter\linkResolver.cpp, line 774]
Event: 1.149 Thread 0x0000028c57c9e2c0 Exception <a 'java/lang/NoSuchMethodError'{0x0000000082ccb4c0}: 'void java.lang.invoke.DirectMethodHandle$Holder.invokeVirtual(java.lang.Object, java.lang.Object)'> (0x0000000082ccb4c0) 
thrown [s\src\hotspot\share\interpreter\linkResolver.cpp, line 774]
Event: 1.222 Thread 0x0000028c57c9e2c0 Exception <a 'java/lang/NoSuchMethodError'{0x0000000082bbe390}: 'void java.lang.invoke.DirectMethodHandle$Holder.invokeStatic(java.lang.Object, java.lang.Object, java.lang.Object, java.lang.Object)'> (0x0000000082bbe390) 
thrown [s\src\hotspot\share\interpreter\linkResolver.cpp, line 774]
Event: 1.236 Thread 0x0000028c57c9e2c0 Exception <a 'java/lang/NoSuchMethodError'{0x0000000082a18930}: 'void java.lang.invoke.DirectMethodHandle$Holder.invokeInterface(java.lang.Object, java.lang.Object, java.lang.Object, java.lang.Object)'> (0x0000000082a18930) 
thrown [s\src\hotspot\share\interpreter\linkResolver.cpp, line 774]
Event: 1.242 Thread 0x0000028c57c9e2c0 Implicit null exception at 0x0000028c65412614 to 0x0000028c65412cb0
Event: 1.242 Thread 0x0000028c57c9e2c0 Implicit null exception at 0x0000028c65406b10 to 0x0000028c65407184
Event: 1.375 Thread 0x0000028c78960640 Exception <a 'java/lang/NoSuchMethodError'{0x00000000828577b0}: 'java.lang.Object java.lang.invoke.DirectMethodHandle$Holder.newInvokeSpecial(java.lang.Object, java.lang.Object, java.lang.Object, int, int, int, int, int)'> (0x00000000828577b0) 
thrown [s\src\hotspot\share\interpreter\linkResolver.cpp, line 774]
Event: 1.405 Thread 0x0000028c57c9e2c0 Exception <a 'java/lang/NoSuchMethodError'{0x0000000082aa6550}: 'void java.lang.invoke.DirectMethodHandle$Holder.invokeStaticInit(java.lang.Object)'> (0x0000000082aa6550) 
thrown [s\src\hotspot\share\interpreter\linkResolver.cpp, line 774]
Event: 1.607 Thread 0x0000028c76669260 Exception <a 'java/io/FileNotFoundException'{0x00000000826a9bc8}> (0x00000000826a9bc8) 
thrown [s\src\hotspot\share\prims\jni.cpp, line 520]

ZGC Phase Switch (0 events):
No events

VM Operations (20 events):
Event: 1042.454 Executing VM operation: Cleanup
Event: 1042.454 Executing VM operation: Cleanup done
Event: 1178.358 Executing VM operation: Cleanup
Event: 1178.358 Executing VM operation: Cleanup done
Event: 1222.657 Executing VM operation: Cleanup
Event: 1222.657 Executing VM operation: Cleanup done
Event: 2630.183 Executing VM operation: Cleanup
Event: 2630.183 Executing VM operation: Cleanup done
Event: 32510.307 Executing VM operation: Cleanup
Event: 32510.309 Executing VM operation: Cleanup done
Event: 32720.536 Executing VM operation: Cleanup
Event: 32720.536 Executing VM operation: Cleanup done
Event: 44719.077 Executing VM operation: Cleanup
Event: 44719.091 Executing VM operation: Cleanup done
Event: 44720.098 Executing VM operation: Cleanup
Event: 44720.098 Executing VM operation: Cleanup done
Event: 44936.457 Executing VM operation: Cleanup
Event: 44936.644 Executing VM operation: Cleanup done
Event: 44937.648 Executing VM operation: Cleanup
Event: 44937.648 Executing VM operation: Cleanup done

Memory protections (0 events):
No events

Nmethod flushes (0 events):
No events

Events (20 events):
Event: 0.073 Thread 0x0000028c57c9e2c0 Thread added: 0x0000028c76057f10
Event: 0.073 Thread 0x0000028c57c9e2c0 Thread added: 0x0000028c7606dd30
Event: 0.073 Thread 0x0000028c57c9e2c0 Thread added: 0x0000028c760703b0
Event: 0.073 Thread 0x0000028c57c9e2c0 Thread added: 0x0000028c76074a80
Event: 0.112 Thread 0x0000028c57c9e2c0 Thread added: 0x0000028c76219d50
Event: 0.120 Thread 0x0000028c57c9e2c0 Thread added: 0x0000028c7621dbf0
Event: 0.297 Thread 0x0000028c57c9e2c0 Thread added: 0x0000028c764373f0
Event: 0.299 Thread 0x0000028c57c9e2c0 Thread added: 0x0000028c765341c0
Event: 0.301 Thread 0x0000028c57c9e2c0 Thread added: 0x0000028c76536d80
Event: 0.469 Thread 0x0000028c57c9e2c0 Thread added: 0x0000028c76669260
Event: 0.509 Thread 0x0000028c57c9e2c0 Thread added: 0x0000028c765d7940
Event: 0.550 Thread 0x0000028c76074a80 Thread added: 0x0000028c7667e2e0
Event: 1.068 Thread 0x0000028c76074a80 Thread added: 0x0000028c769449a0
Event: 1.307 Thread 0x0000028c57c9e2c0 Thread added: 0x0000028c78960640
Event: 1.519 Thread 0x0000028c769449a0 Thread exited: 0x0000028c769449a0
Event: 1.519 Thread 0x0000028c57c9e2c0 Thread exited: 0x0000028c57c9e2c0
Event: 1.519 Thread 0x0000028c790b3e20 Thread added: 0x0000028c790b3e20
Event: 1.526 Thread 0x0000028c7667e2e0 Thread exited: 0x0000028c7667e2e0
Event: 1.688 Thread 0x0000028c76669260 Thread added: 0x0000028c790b2a70
Event: 6.389 Thread 0x0000028c78960640 Thread exited: 0x0000028c78960640


Dynamic libraries:
0x00007ff63e710000 - 0x00007ff63e71e000 	C:\Users\grism\.p2\pool\plugins\org.eclipse.justj.openjdk.hotspot.jre.full.win32.x86_64_22.0.2.v20240802-1626\jre\bin\javaw.exe
0x00007ffdfdfb0000 - 0x00007ffdfe1a8000 	C:\WINDOWS\SYSTEM32\ntdll.dll
0x00007ffdfc9f0000 - 0x00007ffdfcab2000 	C:\WINDOWS\System32\KERNEL32.DLL
0x00007ffdfbae0000 - 0x00007ffdfbdde000 	C:\WINDOWS\System32\KERNELBASE.dll
0x00007ffdfb920000 - 0x00007ffdfba20000 	C:\WINDOWS\System32\ucrtbase.dll
0x00007ffdf7970000 - 0x00007ffdf7987000 	C:\Users\grism\.p2\pool\plugins\org.eclipse.justj.openjdk.hotspot.jre.full.win32.x86_64_22.0.2.v20240802-1626\jre\bin\jli.dll
0x00007ffdf6730000 - 0x00007ffdf674b000 	C:\Users\grism\.p2\pool\plugins\org.eclipse.justj.openjdk.hotspot.jre.full.win32.x86_64_22.0.2.v20240802-1626\jre\bin\VCRUNTIME140.dll
0x00007ffdfcac0000 - 0x00007ffdfcc5d000 	C:\WINDOWS\System32\USER32.dll
0x00007ffdfbde0000 - 0x00007ffdfbe02000 	C:\WINDOWS\System32\win32u.dll
0x00007ffdfddb0000 - 0x00007ffdfdddb000 	C:\WINDOWS\System32\GDI32.dll
0x00007ffdfbeb0000 - 0x00007ffdfbfc7000 	C:\WINDOWS\System32\gdi32full.dll
0x00007ffde4090000 - 0x00007ffde432a000 	C:\WINDOWS\WinSxS\amd64_microsoft.windows.common-controls_6595b64144ccf1df_6.0.19041.4355_none_60b8b9eb71f62e16\COMCTL32.dll
0x00007ffdfbe10000 - 0x00007ffdfbead000 	C:\WINDOWS\System32\msvcp_win.dll
0x00007ffdfc070000 - 0x00007ffdfc10e000 	C:\WINDOWS\System32\msvcrt.dll
0x00007ffdfc4d0000 - 0x00007ffdfc4ff000 	C:\WINDOWS\System32\IMM32.DLL
0x00007ffdf83d0000 - 0x00007ffdf83dc000 	C:\Users\grism\.p2\pool\plugins\org.eclipse.justj.openjdk.hotspot.jre.full.win32.x86_64_22.0.2.v20240802-1626\jre\bin\vcruntime140_1.dll
0x00007ffde7320000 - 0x00007ffde73ae000 	C:\Users\grism\.p2\pool\plugins\org.eclipse.justj.openjdk.hotspot.jre.full.win32.x86_64_22.0.2.v20240802-1626\jre\bin\msvcp140.dll
0x00007ffd4fbf0000 - 0x00007ffd509b3000 	C:\Users\grism\.p2\pool\plugins\org.eclipse.justj.openjdk.hotspot.jre.full.win32.x86_64_22.0.2.v20240802-1626\jre\bin\server\jvm.dll
0x00007ffdfd100000 - 0x00007ffdfd1b2000 	C:\WINDOWS\System32\ADVAPI32.dll
0x00007ffdfbfd0000 - 0x00007ffdfc070000 	C:\WINDOWS\System32\sechost.dll
0x00007ffdfc3a0000 - 0x00007ffdfc4c3000 	C:\WINDOWS\System32\RPCRT4.dll
0x00007ffdfbab0000 - 0x00007ffdfbad7000 	C:\WINDOWS\System32\bcrypt.dll
0x00007ffdfc980000 - 0x00007ffdfc9eb000 	C:\WINDOWS\System32\WS2_32.dll
0x00007ffdfab90000 - 0x00007ffdfabdb000 	C:\WINDOWS\SYSTEM32\POWRPROF.dll
0x00007ffde4330000 - 0x00007ffde4357000 	C:\WINDOWS\SYSTEM32\WINMM.dll
0x00007ffdf8550000 - 0x00007ffdf855a000 	C:\WINDOWS\SYSTEM32\VERSION.dll
0x00007ffdfaa50000 - 0x00007ffdfaa62000 	C:\WINDOWS\SYSTEM32\UMPDC.dll
0x00007ffdf9e70000 - 0x00007ffdf9e82000 	C:\WINDOWS\SYSTEM32\kernel.appcore.dll
0x00007ffdf5ab0000 - 0x00007ffdf5aba000 	C:\Users\grism\.p2\pool\plugins\org.eclipse.justj.openjdk.hotspot.jre.full.win32.x86_64_22.0.2.v20240802-1626\jre\bin\jimage.dll
0x00007ffdf9240000 - 0x00007ffdf9424000 	C:\WINDOWS\SYSTEM32\DBGHELP.DLL
0x00007ffdec920000 - 0x00007ffdec954000 	C:\WINDOWS\SYSTEM32\dbgcore.DLL
0x00007ffdfba20000 - 0x00007ffdfbaa2000 	C:\WINDOWS\System32\bcryptPrimitives.dll
0x00007ffdeabc0000 - 0x00007ffdeabde000 	C:\Users\grism\.p2\pool\plugins\org.eclipse.justj.openjdk.hotspot.jre.full.win32.x86_64_22.0.2.v20240802-1626\jre\bin\java.dll
0x00007ffdfd640000 - 0x00007ffdfddaf000 	C:\WINDOWS\System32\SHELL32.dll
0x00007ffdfde40000 - 0x00007ffdfdf6b000 	C:\WINDOWS\System32\ole32.dll
0x00007ffdfccc0000 - 0x00007ffdfd013000 	C:\WINDOWS\System32\combase.dll
0x00007ffdea930000 - 0x00007ffdea947000 	C:\Users\grism\.p2\pool\plugins\org.eclipse.justj.openjdk.hotspot.jre.full.win32.x86_64_22.0.2.v20240802-1626\jre\bin\zip.dll
0x00007ffdf96b0000 - 0x00007ffdf9e54000 	C:\WINDOWS\SYSTEM32\windows.storage.dll
0x00007ffdfb080000 - 0x00007ffdfb0ae000 	C:\WINDOWS\SYSTEM32\Wldp.dll
0x00007ffdfc220000 - 0x00007ffdfc2ed000 	C:\WINDOWS\System32\OLEAUT32.dll
0x00007ffdfc2f0000 - 0x00007ffdfc39d000 	C:\WINDOWS\System32\SHCORE.dll
0x00007ffdfd390000 - 0x00007ffdfd3e5000 	C:\WINDOWS\System32\shlwapi.dll
0x00007ffdfb580000 - 0x00007ffdfb5a4000 	C:\WINDOWS\SYSTEM32\profapi.dll
0x00007ffdf5aa0000 - 0x00007ffdf5ab0000 	C:\Users\grism\.p2\pool\plugins\org.eclipse.justj.openjdk.hotspot.jre.full.win32.x86_64_22.0.2.v20240802-1626\jre\bin\net.dll
0x00007ffdfade0000 - 0x00007ffdfae4a000 	C:\WINDOWS\system32\mswsock.dll
0x00007ffdea7a0000 - 0x00007ffdea7b6000 	C:\Users\grism\.p2\pool\plugins\org.eclipse.justj.openjdk.hotspot.jre.full.win32.x86_64_22.0.2.v20240802-1626\jre\bin\nio.dll
0x00007ffde9450000 - 0x00007ffde95dd000 	C:\Users\grism\.p2\pool\plugins\org.eclipse.justj.openjdk.hotspot.jre.full.win32.x86_64_22.0.2.v20240802-1626\jre\bin\awt.dll
0x00007ffdf53d0000 - 0x00007ffdf5464000 	C:\WINDOWS\SYSTEM32\apphelp.dll
0x00007ffdf8ba0000 - 0x00007ffdf8c3e000 	C:\WINDOWS\system32\uxtheme.dll
0x00007ffdfd1c0000 - 0x00007ffdfd2d5000 	C:\WINDOWS\System32\MSCTF.dll
0x00007ffdf8f40000 - 0x00007ffdf8f6f000 	C:\WINDOWS\system32\DWMAPI.DLL
0x00007ffddf450000 - 0x00007ffddf578000 	C:\WINDOWS\system32\opengl32.dll
0x00007ffdf5020000 - 0x00007ffdf504c000 	C:\WINDOWS\SYSTEM32\GLU32.dll
0x00007ffdfaac0000 - 0x00007ffdfab8a000 	C:\WINDOWS\SYSTEM32\DNSAPI.dll
0x00007ffdfaa70000 - 0x00007ffdfaaab000 	C:\WINDOWS\SYSTEM32\IPHLPAPI.DLL
0x00007ffdfc500000 - 0x00007ffdfc508000 	C:\WINDOWS\System32\NSI.dll
0x00007ffdf2280000 - 0x00007ffdf228a000 	C:\Windows\System32\rasadhlp.dll
0x00007ffdf1510000 - 0x00007ffdf1590000 	C:\WINDOWS\System32\fwpuclnt.dll
0x00007ffde6730000 - 0x00007ffde6739000 	C:\Users\grism\.p2\pool\plugins\org.eclipse.justj.openjdk.hotspot.jre.full.win32.x86_64_22.0.2.v20240802-1626\jre\bin\extnet.dll
0x00007ffdfafd0000 - 0x00007ffdfafe8000 	C:\WINDOWS\SYSTEM32\CRYPTSP.dll
0x00007ffdfa690000 - 0x00007ffdfa6c4000 	C:\WINDOWS\system32\rsaenh.dll
0x00007ffdfb500000 - 0x00007ffdfb52e000 	C:\WINDOWS\SYSTEM32\USERENV.dll
0x00007ffdfaff0000 - 0x00007ffdfaffc000 	C:\WINDOWS\SYSTEM32\CRYPTBASE.dll
0x00007ffdec100000 - 0x00007ffdec10e000 	C:\Users\grism\.p2\pool\plugins\org.eclipse.justj.openjdk.hotspot.jre.full.win32.x86_64_22.0.2.v20240802-1626\jre\bin\sunmscapi.dll
0x00007ffdfb7c0000 - 0x00007ffdfb91c000 	C:\WINDOWS\System32\CRYPT32.dll
0x00007ffdfb0f0000 - 0x00007ffdfb117000 	C:\WINDOWS\SYSTEM32\ncrypt.dll
0x00007ffdfb0b0000 - 0x00007ffdfb0eb000 	C:\WINDOWS\SYSTEM32\NTASN1.dll
0x00007ffdf6310000 - 0x00007ffdf6397000 	C:\Users\grism\.p2\pool\plugins\org.eclipse.justj.openjdk.hotspot.jre.full.win32.x86_64_22.0.2.v20240802-1626\jre\bin\freetype.dll
0x00007ffde9370000 - 0x00007ffde9448000 	C:\Users\grism\.p2\pool\plugins\org.eclipse.justj.openjdk.hotspot.jre.full.win32.x86_64_22.0.2.v20240802-1626\jre\bin\fontmanager.dll
0x00007ffdfd2e0000 - 0x00007ffdfd389000 	C:\WINDOWS\System32\clbcatq.dll
0x00007ffdf8950000 - 0x00007ffdf8b06000 	C:\WINDOWS\SYSTEM32\WindowsCodecs.dll
0x00007ffddd810000 - 0x00007ffddd84e000 	C:\WINDOWS\system32\dataexchange.dll
0x00007ffdf4180000 - 0x00007ffdf4364000 	C:\WINDOWS\system32\dcomp.dll
0x00007ffdf75b0000 - 0x00007ffdf7813000 	C:\WINDOWS\system32\d3d11.dll
0x00007ffdf9ee0000 - 0x00007ffdf9fd6000 	C:\WINDOWS\system32\dxgi.dll
0x00007ffdf5810000 - 0x00007ffdf5a13000 	C:\WINDOWS\system32\twinapi.appcore.dll
0x00007ffdf5f30000 - 0x00007ffdf6029000 	C:\WINDOWS\SYSTEM32\textinputframework.dll
0x00007ffdf39c0000 - 0x00007ffdf3d1b000 	C:\WINDOWS\System32\CoreUIComponents.dll
0x00007ffdf4cb0000 - 0x00007ffdf4da2000 	C:\WINDOWS\System32\CoreMessaging.dll
0x00007ffdfa8e0000 - 0x00007ffdfa913000 	C:\WINDOWS\SYSTEM32\ntmarta.dll
0x00007ffdf6750000 - 0x00007ffdf68a7000 	C:\WINDOWS\SYSTEM32\wintypes.dll
0x00007ffde73b0000 - 0x00007ffde745e000 	C:\WINDOWS\SYSTEM32\TextShaping.dll

dbghelp: loaded successfully - version: 4.0.5 - missing functions: none
symbol engine: initialized successfully - sym options: 0x614 - pdb path: .;C:\Users\grism\.p2\pool\plugins\org.eclipse.justj.openjdk.hotspot.jre.full.win32.x86_64_22.0.2.v20240802-1626\jre\bin;C:\WINDOWS\SYSTEM32;C:\WINDOWS\WinSxS\amd64_microsoft.windows.common-controls_6595b64144ccf1df_6.0.19041.4355_none_60b8b9eb71f62e16;C:\Users\grism\.p2\pool\plugins\org.eclipse.justj.openjdk.hotspot.jre.full.win32.x86_64_22.0.2.v20240802-1626\jre\bin\server

VM Arguments:
jvm_args: -Dfile.encoding=UTF-8 -Dstdout.encoding=UTF-8 -Dstderr.encoding=UTF-8 -XX:+ShowCodeDetailsInExceptionMessages 
java_command: interfaz.Login
java_class_path (initial): D:\Documentos\Universidad\Semestre_5\Taller_de_lenguaje_java\Proyecto\bin;D:\Documentos\Universidad\Semestre_5\Taller_de_lenguaje_java\Proyecto\src\JTattoo-1.6.13.jar;D:\Documentos\Universidad\Semestre_5\Taller_de_lenguaje_java\Proyecto\mysql-connector-j-9.1.0.jar
Launcher Type: SUN_STANDARD

[Global flags]
     intx CICompilerCount                          = 4                                         {product} {ergonomic}
     uint ConcGCThreads                            = 2                                         {product} {ergonomic}
     uint G1ConcRefinementThreads                  = 8                                         {product} {ergonomic}
   size_t G1HeapRegionSize                         = 1048576                                   {product} {ergonomic}
   size_t InitialHeapSize                          = 132120576                                 {product} {ergonomic}
   size_t MarkStackSize                            = 4194304                                   {product} {ergonomic}
   size_t MaxHeapSize                              = 2113929216                                {product} {ergonomic}
   size_t MaxNewSize                               = 1267728384                                {product} {ergonomic}
   size_t MinHeapDeltaBytes                        = 1048576                                   {product} {ergonomic}
   size_t MinHeapSize                              = 8388608                                   {product} {ergonomic}
    uintx NonNMethodCodeHeapSize                   = 5839372                                {pd product} {ergonomic}
    uintx NonProfiledCodeHeapSize                  = 122909434                              {pd product} {ergonomic}
    uintx ProfiledCodeHeapSize                     = 122909434                              {pd product} {ergonomic}
    uintx ReservedCodeCacheSize                    = 251658240                              {pd product} {ergonomic}
     bool SegmentedCodeCache                       = true                                      {product} {ergonomic}
     bool ShowCodeDetailsInExceptionMessages       = true                                   {manageable} {command line}
   size_t SoftMaxHeapSize                          = 2113929216                             {manageable} {ergonomic}
     bool UseCompressedOops                        = true                           {product lp64_product} {ergonomic}
     bool UseG1GC                                  = true                                      {product} {ergonomic}
     bool UseLargePagesIndividualAllocation        = false                                  {pd product} {ergonomic}

Logging:
Log output configuration:
 #0: stdout all=warning uptime,level,tags foldmultilines=false
 #1: stderr all=off uptime,level,tags foldmultilines=false

Environment Variables:
PATH=C:/Users/grism/.p2/pool/plugins/org.eclipse.justj.openjdk.hotspot.jre.full.win32.x86_64_22.0.2.v20240802-1626/jre/bin/server;C:/Users/grism/.p2/pool/plugins/org.eclipse.justj.openjdk.hotspot.jre.full.win32.x86_64_22.0.2.v20240802-1626/jre/bin;C:\Program Files\Common Files\Oracle\Java\javapath;C:\Program Files (x86)\Common Files\Oracle\Java\java8path;C:\Program Files (x86)\Common Files\Oracle\Java\javapath;C:\Windows\system32;C:\Windows;C:\Windows\System32\Wbem;C:\Windows\System32\WindowsPowerShell\v1.0\;C:\Windows\System32\OpenSSH\;C:\Program Files (x86)\NVIDIA Corporation\PhysX\Common;C:\Program Files\NVIDIA Corporation\NVIDIA NvDLISR;C:\WINDOWS\system32;C:\WINDOWS;C:\WINDOWS\System32\Wbem;C:\WINDOWS\System32\WindowsPowerShell\v1.0\;C:\WINDOWS\System32\OpenSSH\;C:\opencv\build\x64\vc15\bin;D:\Programs\MatLab\MatLabInstalado\bin;D:\Programs\CMake\bin;C:\Program Files\CMake\bin;C:\Program Files\Git\cmd;D:\Programs\Python\Scripts\;D:\Programs\Python\;C:\Users\grism\AppData\Local\Microsoft\WindowsApps;C:\Users\grism\AppData\Local\Programs\MiKTeX\miktex\bin\x64\;D:\Programs\bin;D:\Programs\CMake\bin;D:\Programs\VisualStudioCode\Microsoft VS Code\bin;D:\Programs\Anaconda;;D:\Desktop;
USERNAME=grism
OS=Windows_NT
PROCESSOR_IDENTIFIER=Intel64 Family 6 Model 165 Stepping 2, GenuineIntel
TMP=C:\Users\grism\AppData\Local\Temp
TEMP=C:\Users\grism\AppData\Local\Temp




Periodic native trim disabled

---------------  S Y S T E M  ---------------

OS:
 Windows 10 , 64 bit Build 19041 (10.0.19041.4957)
OS uptime: 6 days 2:56 hours

CPU: total 8 (initial active 8) (4 cores per cpu, 2 threads per core) family 6 model 165 stepping 2 microcode 0xe2, cx8, cmov, fxsr, ht, mmx, 3dnowpref, sse, sse2, sse3, ssse3, sse4.1, sse4.2, popcnt, lzcnt, tsc, tscinvbit, avx, avx2, aes, erms, clmul, bmi1, bmi2, adx, fma, vzeroupper, clflush, clflushopt, rdtscp, f16c, pku
Processor Information for all 8 processors :
  Max Mhz: 2496, Current Mhz: 2496, Mhz Limit: 2496

Memory: 4k page, system-wide physical 8059M (123M free)
TotalPageFile size 23163M (AvailPageFile size 0M)
current process WorkingSet (physical memory assigned to process): 25M, peak: 117M
current process commit charge ("private bytes"): 130M, peak: 227M

vm_info: OpenJDK 64-Bit Server VM (22.0.2+9) for windows-amd64 JRE (22.0.2+9), built on 2024-07-16T00:00:00Z by "admin" with MS VC++ 17.7 (VS2022)

END.
