#
# There is insufficient memory for the Java Runtime Environment to continue.
# Native memory allocation (mmap) failed to map 3145728 bytes. Error detail: G1 virtual space
# Possible reasons:
#   The system is out of physical RAM or swap space
#   This process is running with CompressedOops enabled, and the Java Heap may be blocking the growth of the native heap
# Possible solutions:
#   Reduce memory load on the system
#   Increase physical memory or swap space
#   Check if swap backing store is full
#   Decrease Java heap size (-Xmx/-Xms)
#   Decrease number of Java threads
#   Decrease Java thread stack sizes (-Xss)
#   Set larger code cache with -XX:ReservedCodeCacheSize=
#   JVM is running with Unscaled Compressed Oops mode in which the Java heap is
#     placed in the first 4GB address space. The Java Heap base address is the
#     maximum limit for the native heap growth. Please use -XX:HeapBaseMinAddress
#     to set the Java Heap base and to place the Java Heap above 4GB virtual address.
# This output file may be truncated or incomplete.
#
#  Out of Memory Error (os_windows.cpp:3631), pid=25296, tid=3048
#
# JRE version: OpenJDK Runtime Environment Temurin-22.0.2+9 (22.0.2+9) (build 22.0.2+9)
# Java VM: OpenJDK 64-Bit Server VM Temurin-22.0.2+9 (22.0.2+9, mixed mode, tiered, compressed oops, compressed class ptrs, g1 gc, windows-amd64)
# No core dump will be written. Minidumps are not enabled by default on client versions of Windows
#

---------------  S U M M A R Y ------------

Command Line: -Dfile.encoding=UTF-8 -Dstdout.encoding=UTF-8 -Dstderr.encoding=UTF-8 -XX:+ShowCodeDetailsInExceptionMessages interfaz.Login

Host: Intel(R) Core(TM) i5-10300H CPU @ 2.50GHz, 8 cores, 7G,  Windows 10 , 64 bit Build 19041 (10.0.19041.4957)
Time: Sun Nov 24 23:42:47 2024 Hora estándar Pacífico (México) elapsed time: 40252.222177 seconds (0d 11h 10m 52s)

---------------  T H R E A D  ---------------

Current thread (0x00000215435d8950):  VMThread "VM Thread"          [id=3048, stack(0x0000002903a00000,0x0000002903b00000) (1024K)]

Stack: [0x0000002903a00000,0x0000002903b00000]
Native frames: (J=compiled Java code, j=interpreted, Vv=VM code, C=native code)
V  [jvm.dll+0x6ea6a9]  (no source info available)
V  [jvm.dll+0x8cdbf3]  (no source info available)
V  [jvm.dll+0x8d001e]  (no source info available)
V  [jvm.dll+0x8d06f3]  (no source info available)
V  [jvm.dll+0x286dc6]  (no source info available)
V  [jvm.dll+0x6e6d35]  (no source info available)
V  [jvm.dll+0x6db9ba]  (no source info available)
V  [jvm.dll+0x36037a]  (no source info available)
V  [jvm.dll+0x368846]  (no source info available)
V  [jvm.dll+0x3ba7be]  (no source info available)
V  [jvm.dll+0x3baa68]  (no source info available)
V  [jvm.dll+0x333d1c]  (no source info available)
V  [jvm.dll+0x336766]  (no source info available)
V  [jvm.dll+0x340bc1]  (no source info available)
V  [jvm.dll+0x376fff]  (no source info available)
V  [jvm.dll+0x8d64df]  (no source info available)
V  [jvm.dll+0x8d7866]  (no source info available)
V  [jvm.dll+0x8d7de0]  (no source info available)
V  [jvm.dll+0x8d8083]  (no source info available)
V  [jvm.dll+0x875e6b]  (no source info available)
V  [jvm.dll+0x6e8da5]  (no source info available)
C  [ucrtbase.dll+0x21bb2]  (no source info available)
C  [KERNEL32.DLL+0x17374]  (no source info available)
C  [ntdll.dll+0x4cc91]  (no source info available)

VM_Operation (0x00000029035ff7e0): G1PauseRemark, mode: safepoint, requested by thread 0x000002152b629350


---------------  P R O C E S S  ---------------

Threads class SMR info:
_java_thread_list=0x0000021549dda9b0, length=17, elements={
0x000002154361d2d0, 0x000002154361fe40, 0x0000021543622f00, 0x0000021543625070,
0x0000021543627ef0, 0x0000021543629690, 0x0000021543658a90, 0x0000021543663570,
0x0000021543833b80, 0x0000021543836230, 0x0000021548178d00, 0x000002154817b380,
0x000002154817be80, 0x0000021548240be0, 0x0000021548221420, 0x000002154a1e72c0,
0x000002154a1e7fe0
}

Java Threads: ( => current thread )
  0x000002154361d2d0 JavaThread "Reference Handler"          daemon [_thread_blocked, id=4128, stack(0x0000002903b00000,0x0000002903c00000) (1024K)]
  0x000002154361fe40 JavaThread "Finalizer"                  daemon [_thread_blocked, id=3740, stack(0x0000002903c00000,0x0000002903d00000) (1024K)]
  0x0000021543622f00 JavaThread "Signal Dispatcher"          daemon [_thread_blocked, id=1684, stack(0x0000002903d00000,0x0000002903e00000) (1024K)]
  0x0000021543625070 JavaThread "Attach Listener"            daemon [_thread_blocked, id=22568, stack(0x0000002903e00000,0x0000002903f00000) (1024K)]
  0x0000021543627ef0 JavaThread "Service Thread"             daemon [_thread_blocked, id=14092, stack(0x0000002903f00000,0x0000002904000000) (1024K)]
  0x0000021543629690 JavaThread "Monitor Deflation Thread"   daemon [_thread_blocked, id=28172, stack(0x0000002904000000,0x0000002904100000) (1024K)]
  0x0000021543658a90 JavaThread "C2 CompilerThread0"         daemon [_thread_blocked, id=12384, stack(0x0000002904100000,0x0000002904200000) (1024K)]
  0x0000021543663570 JavaThread "C1 CompilerThread0"         daemon [_thread_blocked, id=23112, stack(0x0000002904200000,0x0000002904300000) (1024K)]
  0x0000021543833b80 JavaThread "Notification Thread"        daemon [_thread_blocked, id=27708, stack(0x0000002904300000,0x0000002904400000) (1024K)]
  0x0000021543836230 JavaThread "Common-Cleaner"             daemon [_thread_blocked, id=28392, stack(0x0000002904400000,0x0000002904500000) (1024K)]
  0x0000021548178d00 JavaThread "Java2D Disposer"            daemon [_thread_blocked, id=18652, stack(0x0000002904500000,0x0000002904600000) (1024K)]
  0x000002154817b380 JavaThread "AWT-Shutdown"                      [_thread_blocked, id=24036, stack(0x0000002904600000,0x0000002904700000) (1024K)]
  0x000002154817be80 JavaThread "AWT-Windows"                daemon [_thread_blocked, id=4488, stack(0x0000002904700000,0x0000002904800000) (1024K)]
  0x0000021548240be0 JavaThread "AWT-EventQueue-0"                  [_thread_blocked, id=4396, stack(0x0000002904800000,0x0000002904900000) (1024K)]
  0x0000021548221420 JavaThread "mysql-cj-abandoned-connection-cleanup" daemon [_thread_blocked, id=22224, stack(0x0000002904900000,0x0000002904a00000) (1024K)]
  0x000002154a1e72c0 JavaThread "DestroyJavaVM"                     [_thread_blocked, id=9572, stack(0x0000002903300000,0x0000002903400000) (1024K)]
  0x000002154a1e7fe0 JavaThread "TimerQueue"                 daemon [_thread_blocked, id=19096, stack(0x0000002905800000,0x0000002905900000) (1024K)]
Total: 17

Other Threads:
=>0x00000215435d8950 VMThread "VM Thread"                           [id=3048, stack(0x0000002903a00000,0x0000002903b00000) (1024K)]
  0x0000021543534830 WatcherThread "VM Periodic Task Thread"        [id=18204, stack(0x0000002903900000,0x0000002903a00000) (1024K)]
  0x000002152b616590 WorkerThread "GC Thread#0"                     [id=20468, stack(0x0000002903400000,0x0000002903500000) (1024K)]
  0x00000215486a7250 WorkerThread "GC Thread#1"                     [id=19040, stack(0x0000002904b00000,0x0000002904c00000) (1024K)]
  0x00000215486a7600 WorkerThread "GC Thread#2"                     [id=23096, stack(0x0000002904c00000,0x0000002904d00000) (1024K)]
  0x00000215486a79b0 WorkerThread "GC Thread#3"                     [id=20932, stack(0x0000002904d00000,0x0000002904e00000) (1024K)]
  0x000002154856ec70 WorkerThread "GC Thread#4"                     [id=23820, stack(0x0000002904e00000,0x0000002904f00000) (1024K)]
  0x000002154856f020 WorkerThread "GC Thread#5"                     [id=3512, stack(0x0000002904f00000,0x0000002905000000) (1024K)]
  0x0000021549d9fdf0 WorkerThread "GC Thread#6"                     [id=28292, stack(0x0000002905000000,0x0000002905100000) (1024K)]
  0x0000021549da01a0 WorkerThread "GC Thread#7"                     [id=8420, stack(0x0000002905100000,0x0000002905200000) (1024K)]
  0x000002152b629350 ConcurrentGCThread "G1 Main Marker"            [id=11240, stack(0x0000002903500000,0x0000002903600000) (1024K)]
  0x000002152b62a600 WorkerThread "G1 Conc#0"                       [id=10456, stack(0x0000002903600000,0x0000002903700000) (1024K)]
  0x00000215486b4970 WorkerThread "G1 Conc#1"                       [id=11740, stack(0x0000002905200000,0x0000002905300000) (1024K)]
  0x0000021543408110 ConcurrentGCThread "G1 Refine#0"               [id=18280, stack(0x0000002903700000,0x0000002903800000) (1024K)]
  0x0000021543409950 ConcurrentGCThread "G1 Service"                [id=18556, stack(0x0000002903800000,0x0000002903900000) (1024K)]
Total: 15

Threads with active compile tasks:
Total: 0

VM state: at safepoint (normal execution)

VM Mutex/Monitor currently owned by a thread:  ([mutex/lock_event])
[0x00007ffd508d0f80] Threads_lock - owner thread: 0x00000215435d8950
[0x00007ffd508d1080] Heap_lock - owner thread: 0x000002152b629350

Heap address: 0x0000000082000000, size: 2016 MB, Compressed Oops mode: 32-bit

CDS archive(s) not mapped
Compressed class space mapped at: 0x000000003f000000-0x000000007f000000, reserved size: 1073741824
Narrow klass base: 0x0000000000000000, Narrow klass shift: 0, Narrow klass range: 0x7f000000

GC Precious Log:
 CardTable entry size: 512
 Card Set container configuration: InlinePtr #cards 5 size 8 Array Of Cards #cards 12 size 40 Howl #buckets 4 coarsen threshold 1843 Howl Bitmap #cards 512 size 80 coarsen threshold 460 Card regions per heap region 1 cards per card region 2048
 CPUs: 8 total, 8 available
 Memory: 8059M
 Large Page Support: Disabled
 NUMA Support: Disabled
 Compressed Oops: Enabled (32-bit)
 Heap Region Size: 1M
 Heap Min Capacity: 8M
 Heap Initial Capacity: 126M
 Heap Max Capacity: 2016M
 Pre-touch: Disabled
 Parallel Workers: 8
 Concurrent Workers: 2
 Concurrent Refinement Workers: 8
 Periodic GC: Disabled

Heap:
 garbage-first heap   total reserved 2064384K, committed 24576K, used 15798K [0x0000000082000000, 0x0000000100000000)
  region size 1024K, 2 young (2048K), 1 survivors (1024K)
 Metaspace       used 31262K, committed 31616K, reserved 1114112K
  class space    used 3259K, committed 3456K, reserved 1048576K

Heap Regions: E=young(eden), S=young(survivor), O=old, HS=humongous(starts), HC=humongous(continues), CS=collection set, F=free, TAMS=top-at-mark-start, PB=parsable bottom
|   0|0x0000000082000000, 0x0000000082100000, 0x0000000082100000|100%| O|  |TAMS 0x0000000082100000| PB 0x0000000082100000| Untracked |  0
|   1|0x0000000082100000, 0x0000000082100000, 0x0000000082200000|  0%| F|  |TAMS 0x0000000082100000| PB 0x0000000082100000| Untracked |  0
|   2|0x0000000082200000, 0x0000000082200000, 0x0000000082300000|  0%| F|  |TAMS 0x0000000082200000| PB 0x0000000082200000| Untracked |  0
|   3|0x0000000082300000, 0x0000000082400000, 0x0000000082400000|100%|HS|  |TAMS 0x0000000082400000| PB 0x0000000082300000| Complete |  0
|   4|0x0000000082400000, 0x0000000082500000, 0x0000000082500000|100%|HC|  |TAMS 0x0000000082500000| PB 0x0000000082400000| Complete |  0
|   5|0x0000000082500000, 0x0000000082600000, 0x0000000082600000|100%|HC|  |TAMS 0x0000000082600000| PB 0x0000000082500000| Complete |  0
|   6|0x0000000082600000, 0x0000000082700000, 0x0000000082700000|100%|HC|  |TAMS 0x0000000082700000| PB 0x0000000082600000| Complete |  0
|   7|0x0000000082700000, 0x0000000082800000, 0x0000000082800000|100%| O|  |TAMS 0x0000000082800000| PB 0x0000000082800000| Updating |  0
|   8|0x0000000082800000, 0x00000000828cdde0, 0x0000000082900000| 80%| O|  |TAMS 0x00000000828cdde0| PB 0x00000000828cdde0| Updating |  0
|   9|0x0000000082900000, 0x0000000082a00000, 0x0000000082a00000|100%|HS|  |TAMS 0x0000000082900000| PB 0x0000000082900000| Complete |  0
|  10|0x0000000082a00000, 0x0000000082b00000, 0x0000000082b00000|100%|HC|  |TAMS 0x0000000082a00000| PB 0x0000000082a00000| Complete |  0
|  11|0x0000000082b00000, 0x0000000082c00000, 0x0000000082c00000|100%|HC|  |TAMS 0x0000000082b00000| PB 0x0000000082b00000| Complete |  0
|  12|0x0000000082c00000, 0x0000000082d00000, 0x0000000082d00000|100%|HC|  |TAMS 0x0000000082c00000| PB 0x0000000082c00000| Complete |  0
|  13|0x0000000082d00000, 0x0000000082d00000, 0x0000000082e00000|  0%| F|  |TAMS 0x0000000082d00000| PB 0x0000000082d00000| Untracked |  0
|  14|0x0000000082e00000, 0x0000000082e9fb00, 0x0000000082f00000| 62%| S|CS|TAMS 0x0000000082e00000| PB 0x0000000082e00000| Complete |  0
|  15|0x0000000082f00000, 0x0000000082f00000, 0x0000000083000000|  0%| F|  |TAMS 0x0000000082f00000| PB 0x0000000082f00000| Untracked |  0
| 103|0x0000000088700000, 0x0000000088700000, 0x0000000088800000|  0%| F|  |TAMS 0x0000000088700000| PB 0x0000000088700000| Untracked |  0
| 104|0x0000000088800000, 0x0000000088800000, 0x0000000088900000|  0%| F|  |TAMS 0x0000000088800000| PB 0x0000000088800000| Untracked |  0
| 105|0x0000000088900000, 0x0000000088900000, 0x0000000088a00000|  0%| F|  |TAMS 0x0000000088900000| PB 0x0000000088900000| Untracked |  0
| 125|0x0000000089d00000, 0x0000000089d15728, 0x0000000089e00000|  8%| E|  |TAMS 0x0000000089d00000| PB 0x0000000089d00000| Complete |  0
|2012|0x00000000ffc00000, 0x00000000ffd00000, 0x00000000ffd00000|100%| O|  |TAMS 0x00000000ffd00000| PB 0x00000000ffd00000| Updating |  0
|2013|0x00000000ffd00000, 0x00000000ffe00000, 0x00000000ffe00000|100%| O|  |TAMS 0x00000000ffe00000| PB 0x00000000ffe00000| Untracked |  0
|2014|0x00000000ffe00000, 0x00000000fff00000, 0x00000000fff00000|100%| O|  |TAMS 0x00000000fff00000| PB 0x00000000fff00000| Untracked |  0
|2015|0x00000000fff00000, 0x0000000100000000, 0x0000000100000000|100%| O|  |TAMS 0x0000000100000000| PB 0x0000000100000000| Untracked |  0

Card table byte_map: [0x000002153e7e0000,0x000002153ebd0000] _byte_map_base: 0x000002153e3d0000

Marking Bits: (CMBitMap*) 0x000002152b616ca0
 Bits: [0x000002153ebd0000, 0x0000021540b50000)

Polling page: 0x0000021529550000

Metaspace:

Usage:
  Non-class:     27.35 MB used.
      Class:      3.18 MB used.
       Both:     30.53 MB used.

Virtual space:
  Non-class space:       64.00 MB reserved,      27.50 MB ( 43%) committed,  1 nodes.
      Class space:        1.00 GB reserved,       3.38 MB ( <1%) committed,  1 nodes.
             Both:        1.06 GB reserved,      30.88 MB (  3%) committed. 

Chunk freelists:
   Non-Class:  4.46 MB
       Class:  12.70 MB
        Both:  17.16 MB

MaxMetaspaceSize: unlimited
CompressedClassSpaceSize: 1.00 GB
Initial GC threshold: 21.00 MB
Current GC threshold: 35.12 MB
CDS: off
 - commit_granule_bytes: 65536.
 - commit_granule_words: 8192.
 - virtual_space_node_default_size: 8388608.
 - enlarge_chunks_in_place: 1.
 - use_allocation_guard: 0.


Internal statistics:

num_allocs_failed_limit: 3.
num_arena_births: 220.
num_arena_deaths: 86.
num_vsnodes_births: 2.
num_vsnodes_deaths: 0.
num_space_committed: 494.
num_space_uncommitted: 0.
num_chunks_returned_to_freelist: 101.
num_chunks_taken_from_freelist: 520.
num_chunk_merges: 18.
num_chunk_splits: 292.
num_chunks_enlarged: 176.
num_inconsistent_stats: 0.

CodeHeap 'non-profiled nmethods': size=120000Kb used=1307Kb max_used=1327Kb free=118692Kb
 bounds [0x0000021536b90000, 0x0000021536e00000, 0x000002153e0c0000]
CodeHeap 'profiled nmethods': size=120000Kb used=6427Kb max_used=6661Kb free=113572Kb
 bounds [0x000002152f0c0000, 0x000002152f750000, 0x00000215365f0000]
CodeHeap 'non-nmethods': size=5760Kb used=1782Kb max_used=1819Kb free=3977Kb
 bounds [0x00000215365f0000, 0x0000021536860000, 0x0000021536b90000]
 total_blobs=4160 nmethods=3359 adapters=705
 compilation: enabled
              stopped_count=0, restarted_count=0
 full_count=0

Compilation events (20 events):
Event: 40030.146 Thread 0x0000021543663570 nmethod 3462 0x000002152f737e10 code [0x000002152f738000, 0x000002152f738540]
Event: 40030.146 Thread 0x0000021543663570 3463       3       sun.java2d.marlin.MarlinTileGenerator::getAlphaRLE (1749 bytes)
Event: 40030.162 Thread 0x0000021543663570 nmethod 3463 0x000002152f738810 code [0x000002152f738cc0, 0x000002152f73b8e8]
Event: 40030.162 Thread 0x0000021543663570 3464       3       sun.java2d.marlin.MarlinTileGenerator::nextTile (72 bytes)
Event: 40030.164 Thread 0x0000021543663570 nmethod 3464 0x000002152f73d910 code [0x000002152f73dac0, 0x000002152f73dc98]
Event: 40030.166 Thread 0x0000021543663570 3465       3       javax.swing.plaf.ComponentUI::update (36 bytes)
Event: 40030.181 Thread 0x0000021543663570 nmethod 3465 0x000002152f73dd90 code [0x000002152f73dfa0, 0x000002152f73e708]
Event: 40030.183 Thread 0x0000021543658a90 nmethod 3461 0x0000021536cda190 code [0x0000021536cda3e0, 0x0000021536cdb040]
Event: 40030.201 Thread 0x0000021543663570 3466       3       javax.swing.plaf.basic.BasicLabelUI::propertyChange (82 bytes)
Event: 40030.212 Thread 0x0000021543663570 nmethod 3466 0x000002152f73e990 code [0x000002152f73eba0, 0x000002152f73f368]
Event: 40030.220 Thread 0x0000021543663570 3467       3       javax.swing.CellRendererPane::invalidate (1 bytes)
Event: 40030.220 Thread 0x0000021543663570 nmethod 3467 0x000002152f73f510 code [0x000002152f73f6a0, 0x000002152f73f7a8]
Event: 40030.220 Thread 0x0000021543663570 3468       1       java.awt.Window::getTemporaryLostComponent (5 bytes)
Event: 40030.221 Thread 0x0000021543663570 nmethod 3468 0x0000021536cdb690 code [0x0000021536cdb820, 0x0000021536cdb8f0]
Event: 40243.397 Thread 0x0000021543663570 3469       3       java.lang.invoke.MemberName::<init> (139 bytes)
Event: 40243.463 Thread 0x0000021543663570 nmethod 3469 0x000002152f73f810 code [0x000002152f73fb20, 0x000002152f740c10]
Event: 40247.295 Thread 0x0000021543663570 3470       3       sun.java2d.loops.GraphicsPrimitive::getPrimTypeID (8 bytes)
Event: 40247.296 Thread 0x0000021543663570 nmethod 3470 0x000002152f741110 code [0x000002152f7412a0, 0x000002152f7413b0]
Event: 40247.300 Thread 0x0000021543658a90 3471       4       java.awt.geom.AffineTransform::<init> (15 bytes)
Event: 40247.312 Thread 0x0000021543658a90 nmethod 3471 0x0000021536cdb990 code [0x0000021536cdbb20, 0x0000021536cdbba8]

GC Heap History (8 events):
Event: 0.798 GC heap before
{Heap before GC invocations=0 (full 0):
 garbage-first heap   total reserved 2064384K, committed 129024K, used 18432K [0x0000000082000000, 0x0000000100000000)
  region size 1024K, 20 young (20480K), 0 survivors (0K)
 Metaspace       used 21288K, committed 21504K, reserved 1114112K
  class space    used 2126K, committed 2240K, reserved 1048576K
}
Event: 0.803 GC heap after
{Heap after GC invocations=1 (full 0):
 garbage-first heap   total reserved 2064384K, committed 129024K, used 4227K [0x0000000082000000, 0x0000000100000000)
  region size 1024K, 3 young (3072K), 3 survivors (3072K)
 Metaspace       used 21288K, committed 21504K, reserved 1114112K
  class space    used 2126K, committed 2240K, reserved 1048576K
}
Event: 11.502 GC heap before
{Heap before GC invocations=2 (full 0):
 garbage-first heap   total reserved 2064384K, committed 17408K, used 15491K [0x0000000082000000, 0x0000000100000000)
  region size 1024K, 14 young (14336K), 3 survivors (3072K)
 Metaspace       used 29397K, committed 29696K, reserved 1114112K
  class space    used 3060K, committed 3200K, reserved 1048576K
}
Event: 11.507 GC heap after
{Heap after GC invocations=3 (full 0):
 garbage-first heap   total reserved 2064384K, committed 24576K, used 8241K [0x0000000082000000, 0x0000000100000000)
  region size 1024K, 3 young (3072K), 3 survivors (3072K)
 Metaspace       used 29397K, committed 29696K, reserved 1114112K
  class space    used 3060K, committed 3200K, reserved 1048576K
}
Event: 27.177 GC heap before
{Heap before GC invocations=3 (full 0):
 garbage-first heap   total reserved 2064384K, committed 24576K, used 18481K [0x0000000082000000, 0x0000000100000000)
  region size 1024K, 9 young (9216K), 3 survivors (3072K)
 Metaspace       used 30970K, committed 31232K, reserved 1114112K
  class space    used 3255K, committed 3328K, reserved 1048576K
}
Event: 27.179 GC heap after
{Heap after GC invocations=4 (full 0):
 garbage-first heap   total reserved 2064384K, committed 24576K, used 12874K [0x0000000082000000, 0x0000000100000000)
  region size 1024K, 1 young (1024K), 1 survivors (1024K)
 Metaspace       used 30970K, committed 31232K, reserved 1114112K
  class space    used 3255K, committed 3328K, reserved 1048576K
}
Event: 40248.014 GC heap before
{Heap before GC invocations=4 (full 0):
 garbage-first heap   total reserved 2064384K, committed 24576K, used 16970K [0x0000000082000000, 0x0000000100000000)
  region size 1024K, 6 young (6144K), 1 survivors (1024K)
 Metaspace       used 31336K, committed 31616K, reserved 1114112K
  class space    used 3280K, committed 3456K, reserved 1048576K
}
Event: 40248.383 GC heap after
{Heap after GC invocations=5 (full 0):
 garbage-first heap   total reserved 2064384K, committed 24576K, used 12726K [0x0000000082000000, 0x0000000100000000)
  region size 1024K, 1 young (1024K), 1 survivors (1024K)
 Metaspace       used 31336K, committed 31616K, reserved 1114112K
  class space    used 3280K, committed 3456K, reserved 1048576K
}

Dll operation events (11 events):
Event: 0.009 Loaded shared library C:\Users\grism\.p2\pool\plugins\org.eclipse.justj.openjdk.hotspot.jre.full.win32.x86_64_22.0.2.v20240802-1626\jre\bin\java.dll
Event: 0.017 Loaded shared library C:\Users\grism\.p2\pool\plugins\org.eclipse.justj.openjdk.hotspot.jre.full.win32.x86_64_22.0.2.v20240802-1626\jre\bin\zip.dll
Event: 0.106 Loaded shared library C:\Users\grism\.p2\pool\plugins\org.eclipse.justj.openjdk.hotspot.jre.full.win32.x86_64_22.0.2.v20240802-1626\jre\bin\jimage.dll
Event: 0.123 Loaded shared library C:\Users\grism\.p2\pool\plugins\org.eclipse.justj.openjdk.hotspot.jre.full.win32.x86_64_22.0.2.v20240802-1626\jre\bin\zip.dll
Event: 0.147 Loaded shared library C:\Users\grism\.p2\pool\plugins\org.eclipse.justj.openjdk.hotspot.jre.full.win32.x86_64_22.0.2.v20240802-1626\jre\bin\net.dll
Event: 0.149 Loaded shared library C:\Users\grism\.p2\pool\plugins\org.eclipse.justj.openjdk.hotspot.jre.full.win32.x86_64_22.0.2.v20240802-1626\jre\bin\nio.dll
Event: 0.174 Loaded shared library C:\Users\grism\.p2\pool\plugins\org.eclipse.justj.openjdk.hotspot.jre.full.win32.x86_64_22.0.2.v20240802-1626\jre\bin\awt.dll
Event: 0.562 Loaded shared library C:\Users\grism\.p2\pool\plugins\org.eclipse.justj.openjdk.hotspot.jre.full.win32.x86_64_22.0.2.v20240802-1626\jre\bin\extnet.dll
Event: 0.788 Loaded shared library C:\Users\grism\.p2\pool\plugins\org.eclipse.justj.openjdk.hotspot.jre.full.win32.x86_64_22.0.2.v20240802-1626\jre\bin\sunmscapi.dll
Event: 1.116 Loaded shared library C:\Users\grism\.p2\pool\plugins\org.eclipse.justj.openjdk.hotspot.jre.full.win32.x86_64_22.0.2.v20240802-1626\jre\bin\freetype.dll
Event: 1.117 Loaded shared library C:\Users\grism\.p2\pool\plugins\org.eclipse.justj.openjdk.hotspot.jre.full.win32.x86_64_22.0.2.v20240802-1626\jre\bin\fontmanager.dll

Deoptimization events (20 events):
Event: 45.310 Thread 0x0000021548240be0 Uncommon trap: trap_request=0xffffff6e fr.pc=0x0000021536ca85dc relative=0x000000000000221c
Event: 45.310 Thread 0x0000021548240be0 Uncommon trap: reason=loop_limit_check action=maybe_recompile pc=0x0000021536ca85dc method=sun.java2d.marlin.Renderer._endRendering(II)V @ 1137 c2
Event: 45.310 Thread 0x0000021548240be0 DEOPT PACKING pc=0x0000021536ca85dc sp=0x00000029048fbee0
Event: 45.310 Thread 0x0000021548240be0 DEOPT UNPACKING pc=0x00000215366446a2 sp=0x00000029048fbd00 mode 2
Event: 45.310 Thread 0x0000021548240be0 Uncommon trap: trap_request=0xffffff6e fr.pc=0x0000021536c9e4a8 relative=0x0000000000003168
Event: 45.310 Thread 0x0000021548240be0 Uncommon trap: reason=loop_limit_check action=maybe_recompile pc=0x0000021536c9e4a8 method=sun.java2d.marlin.Renderer._endRendering(II)V @ 1137 c2
Event: 45.310 Thread 0x0000021548240be0 DEOPT PACKING pc=0x0000021536c9e4a8 sp=0x00000029048fbe10
Event: 45.310 Thread 0x0000021548240be0 DEOPT UNPACKING pc=0x00000215366446a2 sp=0x00000029048fbd00 mode 2
Event: 49.048 Thread 0x0000021548240be0 DEOPT PACKING pc=0x000002152f416786 sp=0x00000029048fc840
Event: 49.048 Thread 0x0000021548240be0 DEOPT UNPACKING pc=0x0000021536644e42 sp=0x00000029048fbcf0 mode 0
Event: 40029.100 Thread 0x0000021548240be0 Uncommon trap: trap_request=0xffffff6e fr.pc=0x0000021536cb5d40 relative=0x0000000000000180
Event: 40029.104 Thread 0x0000021548240be0 Uncommon trap: reason=loop_limit_check action=maybe_recompile pc=0x0000021536cb5d40 method=java.awt.geom.AffineTransform.transform([DI[DII)V @ 454 c2
Event: 40029.104 Thread 0x0000021548240be0 DEOPT PACKING pc=0x0000021536cb5d40 sp=0x00000029048fcde0
Event: 40029.106 Thread 0x0000021548240be0 DEOPT UNPACKING pc=0x00000215366446a2 sp=0x00000029048fcd00 mode 2
Event: 40030.144 Thread 0x0000021548240be0 DEOPT PACKING pc=0x000002152f6fa690 sp=0x00000029048fcd40
Event: 40030.144 Thread 0x0000021548240be0 DEOPT UNPACKING pc=0x0000021536644e42 sp=0x00000029048fc0f0 mode 0
Event: 40248.459 Thread 0x0000021543836230 Uncommon trap: trap_request=0xffffff45 fr.pc=0x0000021536cce708 relative=0x00000000000009c8
Event: 40248.506 Thread 0x0000021543836230 Uncommon trap: reason=unstable_if action=reinterpret pc=0x0000021536cce708 method=java.util.concurrent.locks.AbstractQueuedSynchronizer$ConditionObject.await(JLjava/util/concurrent/TimeUnit;)Z @ 77 c2
Event: 40248.506 Thread 0x0000021543836230 DEOPT PACKING pc=0x0000021536cce708 sp=0x00000029044ff2e0
Event: 40248.506 Thread 0x0000021543836230 DEOPT UNPACKING pc=0x00000215366446a2 sp=0x00000029044ff110 mode 2

Classes loaded (20 events):
Event: 44.507 Loading class java/util/concurrent/atomic/AtomicReferenceFieldUpdater
Event: 44.508 Loading class java/util/concurrent/atomic/AtomicReferenceFieldUpdater done
Event: 44.508 Loading class java/util/concurrent/atomic/AtomicReferenceFieldUpdater$AtomicReferenceFieldUpdaterImpl
Event: 44.508 Loading class java/util/concurrent/atomic/AtomicReferenceFieldUpdater$AtomicReferenceFieldUpdaterImpl done
Event: 44.508 Loading class java/util/concurrent/atomic/AtomicReferenceFieldUpdater$AtomicReferenceFieldUpdaterImpl$1
Event: 44.508 Loading class java/util/concurrent/atomic/AtomicReferenceFieldUpdater$AtomicReferenceFieldUpdaterImpl$1 done
Event: 44.508 Loading class java/lang/Throwable$WrappedPrintStream
Event: 44.508 Loading class java/lang/Throwable$PrintStreamOrWriter
Event: 44.508 Loading class java/lang/Throwable$PrintStreamOrWriter done
Event: 44.508 Loading class java/lang/Throwable$WrappedPrintStream done
Event: 4833.941 Loading class java/awt/desktop/SystemSleepListener
Event: 4833.951 Loading class java/awt/desktop/SystemEventListener
Event: 4833.953 Loading class java/awt/desktop/SystemEventListener done
Event: 4833.955 Loading class java/awt/desktop/SystemSleepListener done
Event: 40247.014 Loading class java/util/WeakHashMap$KeyIterator
Event: 40247.092 Loading class java/util/WeakHashMap$HashIterator
Event: 40247.196 Loading class java/util/WeakHashMap$HashIterator done
Event: 40247.196 Loading class java/util/WeakHashMap$KeyIterator done
Event: 40247.247 Loading class javax/swing/RepaintManager$DisplayChangedRunnable
Event: 40247.263 Loading class javax/swing/RepaintManager$DisplayChangedRunnable done

Classes unloaded (20 events):
Event: 40250.801 Thread 0x00000215435d8950 Unloading class 0x000000003f0c7400 'java/lang/invoke/LambdaForm$MH+0x000000003f0c7400'
Event: 40250.801 Thread 0x00000215435d8950 Unloading class 0x000000003f0c7000 'java/lang/invoke/LambdaForm$MH+0x000000003f0c7000'
Event: 40250.801 Thread 0x00000215435d8950 Unloading class 0x000000003f0c6c00 'java/lang/invoke/LambdaForm$MH+0x000000003f0c6c00'
Event: 40250.801 Thread 0x00000215435d8950 Unloading class 0x000000003f0c6000 'java/lang/invoke/LambdaForm$MH+0x000000003f0c6000'
Event: 40250.801 Thread 0x00000215435d8950 Unloading class 0x000000003f0c5800 'java/lang/invoke/LambdaForm$MH+0x000000003f0c5800'
Event: 40250.801 Thread 0x00000215435d8950 Unloading class 0x000000003f0c5000 'java/lang/invoke/LambdaForm$MH+0x000000003f0c5000'
Event: 40250.801 Thread 0x00000215435d8950 Unloading class 0x000000003f0c4800 'java/lang/invoke/LambdaForm$MH+0x000000003f0c4800'
Event: 40250.801 Thread 0x00000215435d8950 Unloading class 0x000000003f0c4400 'java/lang/invoke/LambdaForm$MH+0x000000003f0c4400'
Event: 40250.801 Thread 0x00000215435d8950 Unloading class 0x000000003f0c4000 'java/lang/invoke/LambdaForm$MH+0x000000003f0c4000'
Event: 40250.801 Thread 0x00000215435d8950 Unloading class 0x000000003f0c3c00 'java/lang/invoke/LambdaForm$MH+0x000000003f0c3c00'
Event: 40250.801 Thread 0x00000215435d8950 Unloading class 0x000000003f0c3000 'java/lang/invoke/LambdaForm$MH+0x000000003f0c3000'
Event: 40250.801 Thread 0x00000215435d8950 Unloading class 0x000000003f0c2c00 'java/lang/invoke/LambdaForm$MH+0x000000003f0c2c00'
Event: 40250.801 Thread 0x00000215435d8950 Unloading class 0x000000003f0c2800 'java/lang/invoke/LambdaForm$MH+0x000000003f0c2800'
Event: 40250.801 Thread 0x00000215435d8950 Unloading class 0x000000003f0c2000 'java/lang/invoke/LambdaForm$MH+0x000000003f0c2000'
Event: 40250.801 Thread 0x00000215435d8950 Unloading class 0x000000003f0c1400 'java/lang/invoke/LambdaForm$MH+0x000000003f0c1400'
Event: 40250.801 Thread 0x00000215435d8950 Unloading class 0x000000003f0c1000 'java/lang/invoke/LambdaForm$MH+0x000000003f0c1000'
Event: 40250.801 Thread 0x00000215435d8950 Unloading class 0x000000003f0c0800 'java/lang/invoke/LambdaForm$MH+0x000000003f0c0800'
Event: 40250.801 Thread 0x00000215435d8950 Unloading class 0x000000003f0c0000 'java/lang/invoke/LambdaForm$MH+0x000000003f0c0000'
Event: 40250.801 Thread 0x00000215435d8950 Unloading class 0x000000003f001400 'java/lang/invoke/LambdaForm$MH+0x000000003f001400'
Event: 40250.805 Thread 0x00000215435d8950 Unloading class 0x000000003f000400 'java/lang/invoke/LambdaForm$MH+0x000000003f000400'

Classes redefined (0 events):
No events

Internal exceptions (20 events):
Event: 0.413 Thread 0x000002152939df40 Exception <a 'java/lang/NoSuchMethodError'{0x00000000895106e0}: 'void java.lang.invoke.DirectMethodHandle$Holder.invokeStatic(java.lang.Object, java.lang.Object)'> (0x00000000895106e0) 
thrown [s\src\hotspot\share\interpreter\linkResolver.cpp, line 774]
Event: 0.438 Thread 0x000002152939df40 Exception <a 'java/lang/NoSuchMethodError'{0x000000008943a738}: 'java.lang.Object java.lang.invoke.DirectMethodHandle$Holder.invokeInterface(java.lang.Object, java.lang.Object)'> (0x000000008943a738) 
thrown [s\src\hotspot\share\interpreter\linkResolver.cpp, line 774]
Event: 0.462 Thread 0x000002152939df40 Exception <a 'java/lang/NoSuchMethodError'{0x00000000894c2df8}: 'void java.lang.invoke.DirectMethodHandle$Holder.invokeStatic(java.lang.Object, java.lang.Object, java.lang.Object)'> (0x00000000894c2df8) 
thrown [s\src\hotspot\share\interpreter\linkResolver.cpp, line 774]
Event: 0.463 Thread 0x000002152939df40 Exception <a 'java/lang/NoSuchMethodError'{0x00000000894cc1b0}: 'java.lang.Object java.lang.invoke.DirectMethodHandle$Holder.invokeVirtual(java.lang.Object, java.lang.Object, java.lang.Object)'> (0x00000000894cc1b0) 
thrown [s\src\hotspot\share\interpreter\linkResolver.cpp, line 774]
Event: 0.651 Thread 0x000002152939df40 Exception <a 'java/lang/NoSuchMethodError'{0x0000000088d62520}: 'void java.lang.invoke.DirectMethodHandle$Holder.invokeStaticInit(java.lang.Object, java.lang.Object)'> (0x0000000088d62520) 
thrown [s\src\hotspot\share\interpreter\linkResolver.cpp, line 774]
Event: 0.710 Thread 0x000002152939df40 Exception <a 'sun/nio/fs/WindowsException'{0x0000000088c95460}> (0x0000000088c95460) 
thrown [s\src\hotspot\share\prims\jni.cpp, line 520]
Event: 0.747 Thread 0x000002152939df40 Exception <a 'java/lang/NoSuchMethodError'{0x0000000088b3aa58}: 'java.lang.Object java.lang.invoke.DirectMethodHandle$Holder.invokeStaticInit(java.lang.Object, int, int, int, int)'> (0x0000000088b3aa58) 
thrown [s\src\hotspot\share\interpreter\linkResolver.cpp, line 774]
Event: 0.764 Thread 0x000002152939df40 Exception <a 'java/lang/NoSuchMethodError'{0x0000000088b81230}: 'java.lang.Object java.lang.invoke.DirectMethodHandle$Holder.invokeStaticInit(java.lang.Object, java.lang.Object, int, int, int, int)'> (0x0000000088b81230) 
thrown [s\src\hotspot\share\interpreter\linkResolver.cpp, line 774]
Event: 0.814 Thread 0x000002152939df40 Exception <a 'java/lang/NoSuchMethodError'{0x0000000089d212d8}: 'int java.lang.invoke.DirectMethodHandle$Holder.invokeSpecial(java.lang.Object, java.lang.Object, java.lang.Object)'> (0x0000000089d212d8) 
thrown [s\src\hotspot\share\interpreter\linkResolver.cpp, line 774]
Event: 0.900 Thread 0x000002152939df40 Exception <a 'java/lang/NoSuchMethodError'{0x0000000082ccbf58}: 'void java.lang.invoke.DirectMethodHandle$Holder.invokeVirtual(java.lang.Object, java.lang.Object)'> (0x0000000082ccbf58) 
thrown [s\src\hotspot\share\interpreter\linkResolver.cpp, line 774]
Event: 0.954 Thread 0x000002152939df40 Exception <a 'java/lang/NoSuchMethodError'{0x0000000082bbef48}: 'void java.lang.invoke.DirectMethodHandle$Holder.invokeStatic(java.lang.Object, java.lang.Object, java.lang.Object, java.lang.Object)'> (0x0000000082bbef48) 
thrown [s\src\hotspot\share\interpreter\linkResolver.cpp, line 774]
Event: 0.966 Thread 0x000002152939df40 Exception <a 'java/lang/NoSuchMethodError'{0x0000000082a19630}: 'void java.lang.invoke.DirectMethodHandle$Holder.invokeInterface(java.lang.Object, java.lang.Object, java.lang.Object, java.lang.Object)'> (0x0000000082a19630) 
thrown [s\src\hotspot\share\interpreter\linkResolver.cpp, line 774]
Event: 0.971 Thread 0x000002152939df40 Implicit null exception at 0x0000021536bf2c94 to 0x0000021536bf3330
Event: 0.971 Thread 0x000002152939df40 Implicit null exception at 0x0000021536be9e10 to 0x0000021536bea484
Event: 1.084 Thread 0x000002154a87abe0 Exception <a 'java/lang/NoSuchMethodError'{0x0000000082858578}: 'java.lang.Object java.lang.invoke.DirectMethodHandle$Holder.newInvokeSpecial(java.lang.Object, java.lang.Object, java.lang.Object, int, int, int, int, int)'> (0x0000000082858578) 
thrown [s\src\hotspot\share\interpreter\linkResolver.cpp, line 774]
Event: 1.109 Thread 0x000002152939df40 Exception <a 'java/lang/NoSuchMethodError'{0x0000000082aa7260}: 'void java.lang.invoke.DirectMethodHandle$Holder.invokeStaticInit(java.lang.Object)'> (0x0000000082aa7260) 
thrown [s\src\hotspot\share\interpreter\linkResolver.cpp, line 774]
Event: 1.270 Thread 0x0000021548240be0 Exception <a 'java/io/FileNotFoundException'{0x00000000826a5cf8}> (0x00000000826a5cf8) 
thrown [s\src\hotspot\share\prims\jni.cpp, line 520]
Event: 11.009 Thread 0x0000021548240be0 Exception <a 'java/lang/NoSuchMethodError'{0x00000000824d1528}: 'int java.lang.invoke.DirectMethodHandle$Holder.invokeStatic(java.lang.Object)'> (0x00000000824d1528) 
thrown [s\src\hotspot\share\interpreter\linkResolver.cpp, line 774]
Event: 11.582 Thread 0x0000021548240be0 Exception <a 'java/io/IOException'{0x0000000088983dc0}> (0x0000000088983dc0) 
thrown [s\src\hotspot\share\prims\jni.cpp, line 520]
Event: 11.583 Thread 0x0000021548240be0 Exception <a 'java/lang/NoSuchMethodError'{0x0000000088987a00}: 'void java.lang.invoke.DirectMethodHandle$Holder.invokeInterface(java.lang.Object, java.lang.Object)'> (0x0000000088987a00) 
thrown [s\src\hotspot\share\interpreter\linkResolver.cpp, line 774]

ZGC Phase Switch (0 events):
No events

VM Operations (20 events):
Event: 1032.582 Executing VM operation: Cleanup done
Event: 1167.445 Executing VM operation: Cleanup
Event: 1167.445 Executing VM operation: Cleanup done
Event: 1212.708 Executing VM operation: Cleanup
Event: 1212.708 Executing VM operation: Cleanup done
Event: 2705.753 Executing VM operation: Cleanup
Event: 2705.753 Executing VM operation: Cleanup done
Event: 27616.286 Executing VM operation: Cleanup
Event: 27616.292 Executing VM operation: Cleanup done
Event: 40027.317 Executing VM operation: Cleanup
Event: 40027.332 Executing VM operation: Cleanup done
Event: 40029.345 Executing VM operation: Cleanup
Event: 40029.360 Executing VM operation: Cleanup done
Event: 40030.367 Executing VM operation: Cleanup
Event: 40030.368 Executing VM operation: Cleanup done
Event: 40247.728 Executing VM operation: Cleanup
Event: 40247.728 Executing VM operation: Cleanup done
Event: 40248.013 Executing VM operation: G1TryInitiateConcMark (G1 Humongous Allocation)
Event: 40248.384 Executing VM operation: G1TryInitiateConcMark (G1 Humongous Allocation) done
Event: 40248.662 Executing VM operation: G1PauseRemark

Memory protections (0 events):
No events

Nmethod flushes (20 events):
Event: 40252.145 Thread 0x00000215435d8950 flushing  nmethod 0x000002152f0ed490
Event: 40252.145 Thread 0x00000215435d8950 flushing  nmethod 0x000002152f0ed810
Event: 40252.145 Thread 0x00000215435d8950 flushing osr nmethod 0x000002152f0edc90
Event: 40252.145 Thread 0x00000215435d8950 flushing  nmethod 0x000002152f0f1610
Event: 40252.145 Thread 0x00000215435d8950 flushing  nmethod 0x000002152f0f1a10
Event: 40252.145 Thread 0x00000215435d8950 flushing  nmethod 0x000002152f0f3410
Event: 40252.145 Thread 0x00000215435d8950 flushing  nmethod 0x000002152f0f3910
Event: 40252.145 Thread 0x00000215435d8950 flushing  nmethod 0x000002152f0f4790
Event: 40252.145 Thread 0x00000215435d8950 flushing  nmethod 0x000002152f0f4c90
Event: 40252.145 Thread 0x00000215435d8950 flushing  nmethod 0x000002152f12a990
Event: 40252.145 Thread 0x00000215435d8950 flushing  nmethod 0x000002152f136090
Event: 40252.145 Thread 0x00000215435d8950 flushing  nmethod 0x000002152f136410
Event: 40252.145 Thread 0x00000215435d8950 flushing  nmethod 0x000002152f137310
Event: 40252.145 Thread 0x00000215435d8950 flushing  nmethod 0x000002152f13a410
Event: 40252.145 Thread 0x00000215435d8950 flushing  nmethod 0x000002152f13c690
Event: 40252.145 Thread 0x00000215435d8950 flushing  nmethod 0x000002152f13e490
Event: 40252.145 Thread 0x00000215435d8950 flushing  nmethod 0x000002152f13ec10
Event: 40252.145 Thread 0x00000215435d8950 flushing  nmethod 0x000002152f13fa90
Event: 40252.145 Thread 0x00000215435d8950 flushing  nmethod 0x000002152f140f90
Event: 40252.145 Thread 0x00000215435d8950 flushing  nmethod 0x000002152f141f10

Events (20 events):
Event: 0.092 Thread 0x000002152939df40 Thread added: 0x0000021543833b80
Event: 0.096 Thread 0x000002152939df40 Thread added: 0x0000021543836230
Event: 0.230 Thread 0x000002152939df40 Thread added: 0x0000021548178d00
Event: 0.231 Thread 0x000002152939df40 Thread added: 0x000002154817b380
Event: 0.232 Thread 0x000002152939df40 Thread added: 0x000002154817be80
Event: 0.374 Thread 0x000002152939df40 Thread added: 0x0000021548240be0
Event: 0.414 Thread 0x000002152939df40 Thread added: 0x0000021548221420
Event: 0.449 Thread 0x0000021543663570 Thread added: 0x0000021548338030
Event: 0.853 Thread 0x0000021543663570 Thread added: 0x0000021549dda750
Event: 1.014 Thread 0x000002152939df40 Thread added: 0x000002154a87abe0
Event: 1.195 Thread 0x000002152939df40 Thread exited: 0x000002152939df40
Event: 1.195 Thread 0x000002154a1e72c0 Thread added: 0x000002154a1e72c0
Event: 1.332 Thread 0x0000021548240be0 Thread added: 0x000002154a1e7fe0
Event: 1.700 Thread 0x0000021549dda750 Thread exited: 0x0000021549dda750
Event: 1.704 Thread 0x0000021548338030 Thread exited: 0x0000021548338030
Event: 6.090 Thread 0x000002154a87abe0 Thread exited: 0x000002154a87abe0
Event: 10.994 Thread 0x0000021548240be0 Thread added: 0x000002154a1e65a0
Event: 13.244 Thread 0x0000021543663570 Thread added: 0x0000021548598500
Event: 13.804 Thread 0x0000021548598500 Thread exited: 0x0000021548598500
Event: 18.331 Thread 0x000002154a1e65a0 Thread exited: 0x000002154a1e65a0


Dynamic libraries:
0x00007ff63e710000 - 0x00007ff63e71e000 	C:\Users\grism\.p2\pool\plugins\org.eclipse.justj.openjdk.hotspot.jre.full.win32.x86_64_22.0.2.v20240802-1626\jre\bin\javaw.exe
0x00007ffdfdfb0000 - 0x00007ffdfe1a8000 	C:\WINDOWS\SYSTEM32\ntdll.dll
0x00007ffdfc9f0000 - 0x00007ffdfcab2000 	C:\WINDOWS\System32\KERNEL32.DLL
0x00007ffdfbae0000 - 0x00007ffdfbdde000 	C:\WINDOWS\System32\KERNELBASE.dll
0x00007ffdfb920000 - 0x00007ffdfba20000 	C:\WINDOWS\System32\ucrtbase.dll
0x00007ffdf6730000 - 0x00007ffdf674b000 	C:\Users\grism\.p2\pool\plugins\org.eclipse.justj.openjdk.hotspot.jre.full.win32.x86_64_22.0.2.v20240802-1626\jre\bin\VCRUNTIME140.dll
0x00007ffdf7970000 - 0x00007ffdf7987000 	C:\Users\grism\.p2\pool\plugins\org.eclipse.justj.openjdk.hotspot.jre.full.win32.x86_64_22.0.2.v20240802-1626\jre\bin\jli.dll
0x00007ffdfcac0000 - 0x00007ffdfcc5d000 	C:\WINDOWS\System32\USER32.dll
0x00007ffdfbde0000 - 0x00007ffdfbe02000 	C:\WINDOWS\System32\win32u.dll
0x00007ffdfddb0000 - 0x00007ffdfdddb000 	C:\WINDOWS\System32\GDI32.dll
0x00007ffdfbeb0000 - 0x00007ffdfbfc7000 	C:\WINDOWS\System32\gdi32full.dll
0x00007ffdfbe10000 - 0x00007ffdfbead000 	C:\WINDOWS\System32\msvcp_win.dll
0x00007ffde4090000 - 0x00007ffde432a000 	C:\WINDOWS\WinSxS\amd64_microsoft.windows.common-controls_6595b64144ccf1df_6.0.19041.4355_none_60b8b9eb71f62e16\COMCTL32.dll
0x00007ffdfc070000 - 0x00007ffdfc10e000 	C:\WINDOWS\System32\msvcrt.dll
0x00007ffdfc4d0000 - 0x00007ffdfc4ff000 	C:\WINDOWS\System32\IMM32.DLL
0x00007ffdf83d0000 - 0x00007ffdf83dc000 	C:\Users\grism\.p2\pool\plugins\org.eclipse.justj.openjdk.hotspot.jre.full.win32.x86_64_22.0.2.v20240802-1626\jre\bin\vcruntime140_1.dll
0x00007ffde7320000 - 0x00007ffde73ae000 	C:\Users\grism\.p2\pool\plugins\org.eclipse.justj.openjdk.hotspot.jre.full.win32.x86_64_22.0.2.v20240802-1626\jre\bin\msvcp140.dll
0x00007ffd4fbf0000 - 0x00007ffd509b3000 	C:\Users\grism\.p2\pool\plugins\org.eclipse.justj.openjdk.hotspot.jre.full.win32.x86_64_22.0.2.v20240802-1626\jre\bin\server\jvm.dll
0x00007ffdfd100000 - 0x00007ffdfd1b2000 	C:\WINDOWS\System32\ADVAPI32.dll
0x00007ffdfbfd0000 - 0x00007ffdfc070000 	C:\WINDOWS\System32\sechost.dll
0x00007ffdfc3a0000 - 0x00007ffdfc4c3000 	C:\WINDOWS\System32\RPCRT4.dll
0x00007ffdfbab0000 - 0x00007ffdfbad7000 	C:\WINDOWS\System32\bcrypt.dll
0x00007ffdfc980000 - 0x00007ffdfc9eb000 	C:\WINDOWS\System32\WS2_32.dll
0x00007ffdf8550000 - 0x00007ffdf855a000 	C:\WINDOWS\SYSTEM32\VERSION.dll
0x00007ffde4330000 - 0x00007ffde4357000 	C:\WINDOWS\SYSTEM32\WINMM.dll
0x00007ffdfab90000 - 0x00007ffdfabdb000 	C:\WINDOWS\SYSTEM32\POWRPROF.dll
0x00007ffdfaa50000 - 0x00007ffdfaa62000 	C:\WINDOWS\SYSTEM32\UMPDC.dll
0x00007ffdf9e70000 - 0x00007ffdf9e82000 	C:\WINDOWS\SYSTEM32\kernel.appcore.dll
0x00007ffdf5ab0000 - 0x00007ffdf5aba000 	C:\Users\grism\.p2\pool\plugins\org.eclipse.justj.openjdk.hotspot.jre.full.win32.x86_64_22.0.2.v20240802-1626\jre\bin\jimage.dll
0x00007ffdf9240000 - 0x00007ffdf9424000 	C:\WINDOWS\SYSTEM32\DBGHELP.DLL
0x00007ffdec920000 - 0x00007ffdec954000 	C:\WINDOWS\SYSTEM32\dbgcore.DLL
0x00007ffdfba20000 - 0x00007ffdfbaa2000 	C:\WINDOWS\System32\bcryptPrimitives.dll
0x00007ffdeabc0000 - 0x00007ffdeabde000 	C:\Users\grism\.p2\pool\plugins\org.eclipse.justj.openjdk.hotspot.jre.full.win32.x86_64_22.0.2.v20240802-1626\jre\bin\java.dll
0x00007ffdfd640000 - 0x00007ffdfddaf000 	C:\WINDOWS\System32\SHELL32.dll
0x00007ffdfde40000 - 0x00007ffdfdf6b000 	C:\WINDOWS\System32\ole32.dll
0x00007ffdfccc0000 - 0x00007ffdfd013000 	C:\WINDOWS\System32\combase.dll
0x00007ffdea930000 - 0x00007ffdea947000 	C:\Users\grism\.p2\pool\plugins\org.eclipse.justj.openjdk.hotspot.jre.full.win32.x86_64_22.0.2.v20240802-1626\jre\bin\zip.dll
0x00007ffdf96b0000 - 0x00007ffdf9e54000 	C:\WINDOWS\SYSTEM32\windows.storage.dll
0x00007ffdfb080000 - 0x00007ffdfb0ae000 	C:\WINDOWS\SYSTEM32\Wldp.dll
0x00007ffdfc220000 - 0x00007ffdfc2ed000 	C:\WINDOWS\System32\OLEAUT32.dll
0x00007ffdfc2f0000 - 0x00007ffdfc39d000 	C:\WINDOWS\System32\SHCORE.dll
0x00007ffdfd390000 - 0x00007ffdfd3e5000 	C:\WINDOWS\System32\shlwapi.dll
0x00007ffdfb580000 - 0x00007ffdfb5a4000 	C:\WINDOWS\SYSTEM32\profapi.dll
0x00007ffdf5aa0000 - 0x00007ffdf5ab0000 	C:\Users\grism\.p2\pool\plugins\org.eclipse.justj.openjdk.hotspot.jre.full.win32.x86_64_22.0.2.v20240802-1626\jre\bin\net.dll
0x00007ffdfade0000 - 0x00007ffdfae4a000 	C:\WINDOWS\system32\mswsock.dll
0x00007ffdea7a0000 - 0x00007ffdea7b6000 	C:\Users\grism\.p2\pool\plugins\org.eclipse.justj.openjdk.hotspot.jre.full.win32.x86_64_22.0.2.v20240802-1626\jre\bin\nio.dll
0x00007ffde9450000 - 0x00007ffde95dd000 	C:\Users\grism\.p2\pool\plugins\org.eclipse.justj.openjdk.hotspot.jre.full.win32.x86_64_22.0.2.v20240802-1626\jre\bin\awt.dll
0x00007ffdf53d0000 - 0x00007ffdf5464000 	C:\WINDOWS\SYSTEM32\apphelp.dll
0x00007ffdf8ba0000 - 0x00007ffdf8c3e000 	C:\WINDOWS\system32\uxtheme.dll
0x00007ffdfd1c0000 - 0x00007ffdfd2d5000 	C:\WINDOWS\System32\MSCTF.dll
0x00007ffdf8f40000 - 0x00007ffdf8f6f000 	C:\WINDOWS\system32\DWMAPI.DLL
0x00007ffddf450000 - 0x00007ffddf578000 	C:\WINDOWS\system32\opengl32.dll
0x00007ffdf5020000 - 0x00007ffdf504c000 	C:\WINDOWS\SYSTEM32\GLU32.dll
0x00007ffdfaac0000 - 0x00007ffdfab8a000 	C:\WINDOWS\SYSTEM32\DNSAPI.dll
0x00007ffdfaa70000 - 0x00007ffdfaaab000 	C:\WINDOWS\SYSTEM32\IPHLPAPI.DLL
0x00007ffdfc500000 - 0x00007ffdfc508000 	C:\WINDOWS\System32\NSI.dll
0x00007ffdf2280000 - 0x00007ffdf228a000 	C:\Windows\System32\rasadhlp.dll
0x00007ffdf1510000 - 0x00007ffdf1590000 	C:\WINDOWS\System32\fwpuclnt.dll
0x00007ffde6730000 - 0x00007ffde6739000 	C:\Users\grism\.p2\pool\plugins\org.eclipse.justj.openjdk.hotspot.jre.full.win32.x86_64_22.0.2.v20240802-1626\jre\bin\extnet.dll
0x00007ffdfafd0000 - 0x00007ffdfafe8000 	C:\WINDOWS\SYSTEM32\CRYPTSP.dll
0x00007ffdfa690000 - 0x00007ffdfa6c4000 	C:\WINDOWS\system32\rsaenh.dll
0x00007ffdfb500000 - 0x00007ffdfb52e000 	C:\WINDOWS\SYSTEM32\USERENV.dll
0x00007ffdfaff0000 - 0x00007ffdfaffc000 	C:\WINDOWS\SYSTEM32\CRYPTBASE.dll
0x00007ffdec100000 - 0x00007ffdec10e000 	C:\Users\grism\.p2\pool\plugins\org.eclipse.justj.openjdk.hotspot.jre.full.win32.x86_64_22.0.2.v20240802-1626\jre\bin\sunmscapi.dll
0x00007ffdfb7c0000 - 0x00007ffdfb91c000 	C:\WINDOWS\System32\CRYPT32.dll
0x00007ffdfb0f0000 - 0x00007ffdfb117000 	C:\WINDOWS\SYSTEM32\ncrypt.dll
0x00007ffdfb0b0000 - 0x00007ffdfb0eb000 	C:\WINDOWS\SYSTEM32\NTASN1.dll
0x00007ffdf6310000 - 0x00007ffdf6397000 	C:\Users\grism\.p2\pool\plugins\org.eclipse.justj.openjdk.hotspot.jre.full.win32.x86_64_22.0.2.v20240802-1626\jre\bin\freetype.dll
0x00007ffde9370000 - 0x00007ffde9448000 	C:\Users\grism\.p2\pool\plugins\org.eclipse.justj.openjdk.hotspot.jre.full.win32.x86_64_22.0.2.v20240802-1626\jre\bin\fontmanager.dll
0x00007ffdfd2e0000 - 0x00007ffdfd389000 	C:\WINDOWS\System32\clbcatq.dll
0x00007ffdf8950000 - 0x00007ffdf8b06000 	C:\WINDOWS\SYSTEM32\WindowsCodecs.dll
0x00007ffddd810000 - 0x00007ffddd84e000 	C:\WINDOWS\system32\dataexchange.dll
0x00007ffdf4180000 - 0x00007ffdf4364000 	C:\WINDOWS\system32\dcomp.dll
0x00007ffdf75b0000 - 0x00007ffdf7813000 	C:\WINDOWS\system32\d3d11.dll
0x00007ffdf9ee0000 - 0x00007ffdf9fd6000 	C:\WINDOWS\system32\dxgi.dll
0x00007ffdf5810000 - 0x00007ffdf5a13000 	C:\WINDOWS\system32\twinapi.appcore.dll
0x00007ffdf5f30000 - 0x00007ffdf6029000 	C:\WINDOWS\SYSTEM32\textinputframework.dll
0x00007ffdf39c0000 - 0x00007ffdf3d1b000 	C:\WINDOWS\System32\CoreUIComponents.dll
0x00007ffdf4cb0000 - 0x00007ffdf4da2000 	C:\WINDOWS\System32\CoreMessaging.dll
0x00007ffdfa8e0000 - 0x00007ffdfa913000 	C:\WINDOWS\SYSTEM32\ntmarta.dll
0x00007ffdf6750000 - 0x00007ffdf68a7000 	C:\WINDOWS\SYSTEM32\wintypes.dll
0x00007ffde73b0000 - 0x00007ffde745e000 	C:\WINDOWS\SYSTEM32\TextShaping.dll

dbghelp: loaded successfully - version: 4.0.5 - missing functions: none
symbol engine: initialized successfully - sym options: 0x614 - pdb path: .;C:\Users\grism\.p2\pool\plugins\org.eclipse.justj.openjdk.hotspot.jre.full.win32.x86_64_22.0.2.v20240802-1626\jre\bin;C:\WINDOWS\SYSTEM32;C:\WINDOWS\WinSxS\amd64_microsoft.windows.common-controls_6595b64144ccf1df_6.0.19041.4355_none_60b8b9eb71f62e16;C:\Users\grism\.p2\pool\plugins\org.eclipse.justj.openjdk.hotspot.jre.full.win32.x86_64_22.0.2.v20240802-1626\jre\bin\server

VM Arguments:
jvm_args: -Dfile.encoding=UTF-8 -Dstdout.encoding=UTF-8 -Dstderr.encoding=UTF-8 -XX:+ShowCodeDetailsInExceptionMessages 
java_command: interfaz.Login
java_class_path (initial): D:\Documentos\Universidad\Semestre_5\Taller_de_lenguaje_java\Proyecto\bin;D:\Documentos\Universidad\Semestre_5\Taller_de_lenguaje_java\Proyecto\src\JTattoo-1.6.13.jar;D:\Documentos\Universidad\Semestre_5\Taller_de_lenguaje_java\Proyecto\mysql-connector-j-9.1.0.jar
Launcher Type: SUN_STANDARD

[Global flags]
     intx CICompilerCount                          = 4                                         {product} {ergonomic}
     uint ConcGCThreads                            = 2                                         {product} {ergonomic}
     uint G1ConcRefinementThreads                  = 8                                         {product} {ergonomic}
   size_t G1HeapRegionSize                         = 1048576                                   {product} {ergonomic}
   size_t InitialHeapSize                          = 132120576                                 {product} {ergonomic}
   size_t MarkStackSize                            = 4194304                                   {product} {ergonomic}
   size_t MaxHeapSize                              = 2113929216                                {product} {ergonomic}
   size_t MaxNewSize                               = 1267728384                                {product} {ergonomic}
   size_t MinHeapDeltaBytes                        = 1048576                                   {product} {ergonomic}
   size_t MinHeapSize                              = 8388608                                   {product} {ergonomic}
    uintx NonNMethodCodeHeapSize                   = 5839372                                {pd product} {ergonomic}
    uintx NonProfiledCodeHeapSize                  = 122909434                              {pd product} {ergonomic}
    uintx ProfiledCodeHeapSize                     = 122909434                              {pd product} {ergonomic}
    uintx ReservedCodeCacheSize                    = 251658240                              {pd product} {ergonomic}
     bool SegmentedCodeCache                       = true                                      {product} {ergonomic}
     bool ShowCodeDetailsInExceptionMessages       = true                                   {manageable} {command line}
   size_t SoftMaxHeapSize                          = 2113929216                             {manageable} {ergonomic}
     bool UseCompressedOops                        = true                           {product lp64_product} {ergonomic}
     bool UseG1GC                                  = true                                      {product} {ergonomic}
     bool UseLargePagesIndividualAllocation        = false                                  {pd product} {ergonomic}

Logging:
Log output configuration:
 #0: stdout all=warning uptime,level,tags foldmultilines=false
 #1: stderr all=off uptime,level,tags foldmultilines=false

Environment Variables:
PATH=C:/Users/grism/.p2/pool/plugins/org.eclipse.justj.openjdk.hotspot.jre.full.win32.x86_64_22.0.2.v20240802-1626/jre/bin/server;C:/Users/grism/.p2/pool/plugins/org.eclipse.justj.openjdk.hotspot.jre.full.win32.x86_64_22.0.2.v20240802-1626/jre/bin;C:\Program Files\Common Files\Oracle\Java\javapath;C:\Program Files (x86)\Common Files\Oracle\Java\java8path;C:\Program Files (x86)\Common Files\Oracle\Java\javapath;C:\Windows\system32;C:\Windows;C:\Windows\System32\Wbem;C:\Windows\System32\WindowsPowerShell\v1.0\;C:\Windows\System32\OpenSSH\;C:\Program Files (x86)\NVIDIA Corporation\PhysX\Common;C:\Program Files\NVIDIA Corporation\NVIDIA NvDLISR;C:\WINDOWS\system32;C:\WINDOWS;C:\WINDOWS\System32\Wbem;C:\WINDOWS\System32\WindowsPowerShell\v1.0\;C:\WINDOWS\System32\OpenSSH\;C:\opencv\build\x64\vc15\bin;D:\Programs\MatLab\MatLabInstalado\bin;D:\Programs\CMake\bin;C:\Program Files\CMake\bin;C:\Program Files\Git\cmd;D:\Programs\Python\Scripts\;D:\Programs\Python\;C:\Users\grism\AppData\Local\Microsoft\WindowsApps;C:\Users\grism\AppData\Local\Programs\MiKTeX\miktex\bin\x64\;D:\Programs\bin;D:\Programs\CMake\bin;D:\Programs\VisualStudioCode\Microsoft VS Code\bin;D:\Programs\Anaconda;;D:\Desktop;
USERNAME=grism
OS=Windows_NT
PROCESSOR_IDENTIFIER=Intel64 Family 6 Model 165 Stepping 2, GenuineIntel
TMP=C:\Users\grism\AppData\Local\Temp
TEMP=C:\Users\grism\AppData\Local\Temp




Periodic native trim disabled

---------------  S Y S T E M  ---------------

OS:
 Windows 10 , 64 bit Build 19041 (10.0.19041.4957)
OS uptime: 6 days 2:56 hours

CPU: total 8 (initial active 8) (4 cores per cpu, 2 threads per core) family 6 model 165 stepping 2 microcode 0xe2, cx8, cmov, fxsr, ht, mmx, 3dnowpref, sse, sse2, sse3, ssse3, sse4.1, sse4.2, popcnt, lzcnt, tsc, tscinvbit, avx, avx2, aes, erms, clmul, bmi1, bmi2, adx, fma, vzeroupper, clflush, clflushopt, rdtscp, f16c, pku
Processor Information for all 8 processors :
  Max Mhz: 2496, Current Mhz: 2496, Mhz Limit: 2496

Memory: 4k page, system-wide physical 8059M (135M free)
TotalPageFile size 23163M (AvailPageFile size 4M)
current process WorkingSet (physical memory assigned to process): 68M, peak: 137M
current process commit charge ("private bytes"): 144M, peak: 228M

vm_info: OpenJDK 64-Bit Server VM (22.0.2+9) for windows-amd64 JRE (22.0.2+9), built on 2024-07-16T00:00:00Z by "admin" with MS VC++ 17.7 (VS2022)

END.
